2023-02-10 21:33:47,594  |  INFO  |    
2023-02-10 21:33:47,594  |  INFO  |  ---------------------------------------------  
2023-02-10 21:33:47,594  |  INFO  |  Beginning the source data extraction process...  
2023-02-10 21:33:47,596  |  INFO  |  Successfully located 'customer_feedbacks.json'  
2023-02-10 21:33:47,598  |  INFO  |  File type: '<class 'list'>'  
2023-02-10 21:33:47,664  |  DEBUG  |    
2023-02-10 21:33:47,664  |  INFO  |  =================================================================================  
2023-02-10 21:33:47,665  |  INFO  |  CONNECTION SUCCESS: Managed to connect successfully to the raw_db database!!  
2023-02-10 21:33:47,665  |  INFO  |  Connection details: user=postgres password=xxx dbname=raw_db host=localhost port=5434   
2023-02-10 21:33:47,666  |  INFO  |  =================================================================================  
2023-02-10 21:33:47,666  |  DEBUG  |    
2023-02-10 21:33:47,683  |  DEBUG  |    
2023-02-10 21:33:47,685  |  INFO  |  =================================================================================================  
2023-02-10 21:33:47,685  |  INFO  |  SCHEMA CREATION SUCCESS: Managed to create main schema in raw_db   
2023-02-10 21:33:47,685  |  INFO  |  Schema name in Postgres: main   
2023-02-10 21:33:47,686  |  INFO  |  SQL Query for validation check:     SELECT schema_name from information_schema.schemata WHERE schema_name= 'main';
           
2023-02-10 21:33:47,686  |  INFO  |  =================================================================================================  
2023-02-10 21:33:47,687  |  DEBUG  |    
2023-02-10 21:33:47,705  |  DEBUG  |    
2023-02-10 21:33:47,705  |  ERROR  |  ==========================================================================================================================================================================  
2023-02-10 21:33:47,706  |  ERROR  |  TABLE DELETION FAILURE: Unable to delete raw_customer_feedbacks_tbl. This table may have objects that depend on it (use DROP TABLE ... CASCADE to resolve) or it doesn't exist.   
2023-02-10 21:33:47,707  |  ERROR  |  SQL Query for validation check:     SELECT EXISTS (SELECT 1 FROM information_schema.tables WHERE table_name = 'raw_customer_feedbacks_tbl' );
           
2023-02-10 21:33:47,707  |  ERROR  |  ==========================================================================================================================================================================  
2023-02-10 21:33:47,708  |  DEBUG  |    
2023-02-10 21:33:47,723  |  DEBUG  |    
2023-02-10 21:33:47,724  |  INFO  |  =============================================================================================================================================================================  
2023-02-10 21:33:47,724  |  INFO  |  TABLE CREATION SUCCESS: Managed to create raw_customer_feedbacks_tbl table in raw_db.    
2023-02-10 21:33:47,725  |  INFO  |  SQL Query for validation check:         SELECT EXISTS (SELECT 1 FROM information_schema.tables WHERE table_name = 'raw_customer_feedbacks_tbl' );
           
2023-02-10 21:33:47,726  |  INFO  |  =============================================================================================================================================================================  
2023-02-10 21:33:47,726  |  DEBUG  |    
2023-02-10 21:33:47,768  |  DEBUG  |    
2023-02-10 21:33:47,768  |  INFO  |  =============================================================================================================================================================================  
2023-02-10 21:33:47,769  |  INFO  |  DATA LINEAGE FIELDS CREATION SUCCESS: Managed to create data lineage columns in main.raw_customer_feedbacks_tbl.    
2023-02-10 21:33:47,769  |  INFO  |  SQL Query for validation check:          
                                                                    SELECT * 
                                                                    FROM    information_schema.columns 
                                                                    WHERE   table_name      = 'raw_customer_feedbacks_tbl' 
                                                                        AND     (column_name    = 'created_at'
                                                                        OR      column_name     = 'updated_at' 
                                                                        OR      column_name     = 'source_system' 
                                                                        OR      column_name     = 'source_file' 
                                                                        OR      column_name     = 'load_timestamp' 
                                                                        OR      column_name     = 'dwh_layer');
                                                                              
           
2023-02-10 21:33:47,772  |  INFO  |  =============================================================================================================================================================================  
2023-02-10 21:33:47,772  |  DEBUG  |    
2023-02-10 21:33:47,776  |  INFO  |  Rows before SQL insert in Postgres: 0   
2023-02-10 21:33:47,777  |  DEBUG  |    
2023-02-10 21:33:47,780  |  DEBUG  |  ---------------------------------  
2023-02-10 21:33:47,781  |  INFO  |  INSERT SUCCESS: Uploaded customer_feedbacks record no 1   
2023-02-10 21:33:47,781  |  DEBUG  |  ---------------------------------  
2023-02-10 21:33:47,783  |  DEBUG  |  ---------------------------------  
2023-02-10 21:33:47,783  |  INFO  |  INSERT SUCCESS: Uploaded customer_feedbacks record no 2   
2023-02-10 21:33:47,784  |  DEBUG  |  ---------------------------------  
2023-02-10 21:33:47,785  |  DEBUG  |  ---------------------------------  
2023-02-10 21:33:47,786  |  INFO  |  INSERT SUCCESS: Uploaded customer_feedbacks record no 3   
2023-02-10 21:33:47,786  |  DEBUG  |  ---------------------------------  
2023-02-10 21:33:47,787  |  DEBUG  |  ---------------------------------  
2023-02-10 21:33:47,788  |  INFO  |  INSERT SUCCESS: Uploaded customer_feedbacks record no 4   
2023-02-10 21:33:47,788  |  DEBUG  |  ---------------------------------  
2023-02-10 21:33:47,789  |  DEBUG  |  ---------------------------------  
2023-02-10 21:33:47,789  |  INFO  |  INSERT SUCCESS: Uploaded customer_feedbacks record no 5   
2023-02-10 21:33:47,790  |  DEBUG  |  ---------------------------------  
2023-02-10 21:33:47,791  |  DEBUG  |  ---------------------------------  
2023-02-10 21:33:47,791  |  INFO  |  INSERT SUCCESS: Uploaded customer_feedbacks record no 6   
2023-02-10 21:33:47,792  |  DEBUG  |  ---------------------------------  
2023-02-10 21:33:47,793  |  DEBUG  |  ---------------------------------  
2023-02-10 21:33:47,794  |  INFO  |  INSERT SUCCESS: Uploaded customer_feedbacks record no 7   
2023-02-10 21:33:47,794  |  DEBUG  |  ---------------------------------  
2023-02-10 21:33:47,795  |  DEBUG  |  ---------------------------------  
2023-02-10 21:33:47,796  |  INFO  |  INSERT SUCCESS: Uploaded customer_feedbacks record no 8   
2023-02-10 21:33:47,796  |  DEBUG  |  ---------------------------------  
2023-02-10 21:33:47,797  |  DEBUG  |  ---------------------------------  
2023-02-10 21:33:47,798  |  INFO  |  INSERT SUCCESS: Uploaded customer_feedbacks record no 9   
2023-02-10 21:33:47,798  |  DEBUG  |  ---------------------------------  
2023-02-10 21:33:47,799  |  DEBUG  |  ---------------------------------  
2023-02-10 21:33:47,800  |  INFO  |  INSERT SUCCESS: Uploaded customer_feedbacks record no 10   
2023-02-10 21:33:47,800  |  DEBUG  |  ---------------------------------  
2023-02-10 21:33:47,802  |  DEBUG  |  ---------------------------------  
2023-02-10 21:33:47,802  |  INFO  |  INSERT SUCCESS: Uploaded customer_feedbacks record no 11   
2023-02-10 21:33:47,803  |  DEBUG  |  ---------------------------------  
2023-02-10 21:33:47,804  |  DEBUG  |  ---------------------------------  
2023-02-10 21:33:47,805  |  INFO  |  INSERT SUCCESS: Uploaded customer_feedbacks record no 12   
2023-02-10 21:33:47,805  |  DEBUG  |  ---------------------------------  
2023-02-10 21:33:47,807  |  DEBUG  |  ---------------------------------  
2023-02-10 21:33:47,807  |  INFO  |  INSERT SUCCESS: Uploaded customer_feedbacks record no 13   
2023-02-10 21:33:47,808  |  DEBUG  |  ---------------------------------  
2023-02-10 21:33:47,809  |  DEBUG  |  ---------------------------------  
2023-02-10 21:33:47,810  |  INFO  |  INSERT SUCCESS: Uploaded customer_feedbacks record no 14   
2023-02-10 21:33:47,810  |  DEBUG  |  ---------------------------------  
2023-02-10 21:33:47,812  |  DEBUG  |  ---------------------------------  
2023-02-10 21:33:47,813  |  INFO  |  INSERT SUCCESS: Uploaded customer_feedbacks record no 15   
2023-02-10 21:33:47,814  |  DEBUG  |  ---------------------------------  
2023-02-10 21:33:47,815  |  DEBUG  |  ---------------------------------  
2023-02-10 21:33:47,815  |  INFO  |  INSERT SUCCESS: Uploaded customer_feedbacks record no 16   
2023-02-10 21:33:47,816  |  DEBUG  |  ---------------------------------  
2023-02-10 21:33:47,817  |  DEBUG  |  ---------------------------------  
2023-02-10 21:33:47,818  |  INFO  |  INSERT SUCCESS: Uploaded customer_feedbacks record no 17   
2023-02-10 21:33:47,818  |  DEBUG  |  ---------------------------------  
2023-02-10 21:33:47,819  |  DEBUG  |  ---------------------------------  
2023-02-10 21:33:47,820  |  INFO  |  INSERT SUCCESS: Uploaded customer_feedbacks record no 18   
2023-02-10 21:33:47,821  |  DEBUG  |  ---------------------------------  
2023-02-10 21:33:47,822  |  DEBUG  |  ---------------------------------  
2023-02-10 21:33:47,823  |  INFO  |  INSERT SUCCESS: Uploaded customer_feedbacks record no 19   
2023-02-10 21:33:47,823  |  DEBUG  |  ---------------------------------  
2023-02-10 21:33:47,824  |  DEBUG  |  ---------------------------------  
2023-02-10 21:33:47,824  |  INFO  |  INSERT SUCCESS: Uploaded customer_feedbacks record no 20   
2023-02-10 21:33:47,825  |  DEBUG  |  ---------------------------------  
2023-02-10 21:33:47,826  |  DEBUG  |  ---------------------------------  
2023-02-10 21:33:47,827  |  INFO  |  INSERT SUCCESS: Uploaded customer_feedbacks record no 21   
2023-02-10 21:33:47,827  |  DEBUG  |  ---------------------------------  
2023-02-10 21:33:47,828  |  DEBUG  |  ---------------------------------  
2023-02-10 21:33:47,829  |  INFO  |  INSERT SUCCESS: Uploaded customer_feedbacks record no 22   
2023-02-10 21:33:47,830  |  DEBUG  |  ---------------------------------  
2023-02-10 21:33:47,831  |  DEBUG  |  ---------------------------------  
2023-02-10 21:33:47,831  |  INFO  |  INSERT SUCCESS: Uploaded customer_feedbacks record no 23   
2023-02-10 21:33:47,832  |  DEBUG  |  ---------------------------------  
2023-02-10 21:33:47,833  |  DEBUG  |  ---------------------------------  
2023-02-10 21:33:47,834  |  INFO  |  INSERT SUCCESS: Uploaded customer_feedbacks record no 24   
2023-02-10 21:33:47,834  |  DEBUG  |  ---------------------------------  
2023-02-10 21:33:47,836  |  DEBUG  |  ---------------------------------  
2023-02-10 21:33:47,836  |  INFO  |  INSERT SUCCESS: Uploaded customer_feedbacks record no 25   
2023-02-10 21:33:47,837  |  DEBUG  |  ---------------------------------  
2023-02-10 21:33:47,840  |  DEBUG  |  ---------------------------------  
2023-02-10 21:33:47,840  |  INFO  |  INSERT SUCCESS: Uploaded customer_feedbacks record no 26   
2023-02-10 21:33:47,841  |  DEBUG  |  ---------------------------------  
2023-02-10 21:33:47,842  |  DEBUG  |  ---------------------------------  
2023-02-10 21:33:47,842  |  INFO  |  INSERT SUCCESS: Uploaded customer_feedbacks record no 27   
2023-02-10 21:33:47,843  |  DEBUG  |  ---------------------------------  
2023-02-10 21:33:47,844  |  DEBUG  |  ---------------------------------  
2023-02-10 21:33:47,844  |  INFO  |  INSERT SUCCESS: Uploaded customer_feedbacks record no 28   
2023-02-10 21:33:47,845  |  DEBUG  |  ---------------------------------  
2023-02-10 21:33:47,846  |  DEBUG  |  ---------------------------------  
2023-02-10 21:33:47,847  |  INFO  |  INSERT SUCCESS: Uploaded customer_feedbacks record no 29   
2023-02-10 21:33:47,847  |  DEBUG  |  ---------------------------------  
2023-02-10 21:33:47,849  |  DEBUG  |  ---------------------------------  
2023-02-10 21:33:47,850  |  INFO  |  INSERT SUCCESS: Uploaded customer_feedbacks record no 30   
2023-02-10 21:33:47,850  |  DEBUG  |  ---------------------------------  
2023-02-10 21:33:47,851  |  DEBUG  |  ---------------------------------  
2023-02-10 21:33:47,852  |  INFO  |  INSERT SUCCESS: Uploaded customer_feedbacks record no 31   
2023-02-10 21:33:47,852  |  DEBUG  |  ---------------------------------  
2023-02-10 21:33:47,853  |  DEBUG  |  ---------------------------------  
2023-02-10 21:33:47,854  |  INFO  |  INSERT SUCCESS: Uploaded customer_feedbacks record no 32   
2023-02-10 21:33:47,854  |  DEBUG  |  ---------------------------------  
2023-02-10 21:33:47,855  |  DEBUG  |  ---------------------------------  
2023-02-10 21:33:47,856  |  INFO  |  INSERT SUCCESS: Uploaded customer_feedbacks record no 33   
2023-02-10 21:33:47,856  |  DEBUG  |  ---------------------------------  
2023-02-10 21:33:47,858  |  DEBUG  |  ---------------------------------  
2023-02-10 21:33:47,858  |  INFO  |  INSERT SUCCESS: Uploaded customer_feedbacks record no 34   
2023-02-10 21:33:47,858  |  DEBUG  |  ---------------------------------  
2023-02-10 21:33:47,860  |  DEBUG  |  ---------------------------------  
2023-02-10 21:33:47,860  |  INFO  |  INSERT SUCCESS: Uploaded customer_feedbacks record no 35   
2023-02-10 21:33:47,861  |  DEBUG  |  ---------------------------------  
2023-02-10 21:33:47,862  |  DEBUG  |  ---------------------------------  
2023-02-10 21:33:47,863  |  INFO  |  INSERT SUCCESS: Uploaded customer_feedbacks record no 36   
2023-02-10 21:33:47,863  |  DEBUG  |  ---------------------------------  
2023-02-10 21:33:47,864  |  DEBUG  |  ---------------------------------  
2023-02-10 21:33:47,865  |  INFO  |  INSERT SUCCESS: Uploaded customer_feedbacks record no 37   
2023-02-10 21:33:47,866  |  DEBUG  |  ---------------------------------  
2023-02-10 21:33:47,867  |  DEBUG  |  ---------------------------------  
2023-02-10 21:33:47,867  |  INFO  |  INSERT SUCCESS: Uploaded customer_feedbacks record no 38   
2023-02-10 21:33:47,868  |  DEBUG  |  ---------------------------------  
2023-02-10 21:33:47,869  |  DEBUG  |  ---------------------------------  
2023-02-10 21:33:47,870  |  INFO  |  INSERT SUCCESS: Uploaded customer_feedbacks record no 39   
2023-02-10 21:33:47,870  |  DEBUG  |  ---------------------------------  
2023-02-10 21:33:47,871  |  DEBUG  |  ---------------------------------  
2023-02-10 21:33:47,872  |  INFO  |  INSERT SUCCESS: Uploaded customer_feedbacks record no 40   
2023-02-10 21:33:47,872  |  DEBUG  |  ---------------------------------  
2023-02-10 21:33:47,873  |  DEBUG  |  ---------------------------------  
2023-02-10 21:33:47,874  |  INFO  |  INSERT SUCCESS: Uploaded customer_feedbacks record no 41   
2023-02-10 21:33:47,874  |  DEBUG  |  ---------------------------------  
2023-02-10 21:33:47,876  |  DEBUG  |  ---------------------------------  
2023-02-10 21:33:47,876  |  INFO  |  INSERT SUCCESS: Uploaded customer_feedbacks record no 42   
2023-02-10 21:33:47,877  |  DEBUG  |  ---------------------------------  
2023-02-10 21:33:47,878  |  DEBUG  |  ---------------------------------  
2023-02-10 21:33:47,879  |  INFO  |  INSERT SUCCESS: Uploaded customer_feedbacks record no 43   
2023-02-10 21:33:47,879  |  DEBUG  |  ---------------------------------  
2023-02-10 21:33:47,881  |  DEBUG  |  ---------------------------------  
2023-02-10 21:33:47,881  |  INFO  |  INSERT SUCCESS: Uploaded customer_feedbacks record no 44   
2023-02-10 21:33:47,882  |  DEBUG  |  ---------------------------------  
2023-02-10 21:33:47,883  |  DEBUG  |  ---------------------------------  
2023-02-10 21:33:47,884  |  INFO  |  INSERT SUCCESS: Uploaded customer_feedbacks record no 45   
2023-02-10 21:33:47,885  |  DEBUG  |  ---------------------------------  
2023-02-10 21:33:47,886  |  DEBUG  |  ---------------------------------  
2023-02-10 21:33:47,887  |  INFO  |  INSERT SUCCESS: Uploaded customer_feedbacks record no 46   
2023-02-10 21:33:47,888  |  DEBUG  |  ---------------------------------  
2023-02-10 21:33:47,889  |  DEBUG  |  ---------------------------------  
2023-02-10 21:33:47,890  |  INFO  |  INSERT SUCCESS: Uploaded customer_feedbacks record no 47   
2023-02-10 21:33:47,891  |  DEBUG  |  ---------------------------------  
2023-02-10 21:33:47,892  |  DEBUG  |  ---------------------------------  
2023-02-10 21:33:47,893  |  INFO  |  INSERT SUCCESS: Uploaded customer_feedbacks record no 48   
2023-02-10 21:33:47,893  |  DEBUG  |  ---------------------------------  
2023-02-10 21:33:47,895  |  DEBUG  |  ---------------------------------  
2023-02-10 21:33:47,896  |  INFO  |  INSERT SUCCESS: Uploaded customer_feedbacks record no 49   
2023-02-10 21:33:47,896  |  DEBUG  |  ---------------------------------  
2023-02-10 21:33:47,898  |  DEBUG  |  ---------------------------------  
2023-02-10 21:33:47,899  |  INFO  |  INSERT SUCCESS: Uploaded customer_feedbacks record no 50   
2023-02-10 21:33:47,899  |  DEBUG  |  ---------------------------------  
2023-02-10 21:33:47,900  |  DEBUG  |  ---------------------------------  
2023-02-10 21:33:47,901  |  INFO  |  INSERT SUCCESS: Uploaded customer_feedbacks record no 51   
2023-02-10 21:33:47,902  |  DEBUG  |  ---------------------------------  
2023-02-10 21:33:47,904  |  DEBUG  |  ---------------------------------  
2023-02-10 21:33:47,905  |  INFO  |  INSERT SUCCESS: Uploaded customer_feedbacks record no 52   
2023-02-10 21:33:47,905  |  DEBUG  |  ---------------------------------  
2023-02-10 21:33:47,906  |  DEBUG  |  ---------------------------------  
2023-02-10 21:33:47,907  |  INFO  |  INSERT SUCCESS: Uploaded customer_feedbacks record no 53   
2023-02-10 21:33:47,908  |  DEBUG  |  ---------------------------------  
2023-02-10 21:33:47,909  |  DEBUG  |  ---------------------------------  
2023-02-10 21:33:47,910  |  INFO  |  INSERT SUCCESS: Uploaded customer_feedbacks record no 54   
2023-02-10 21:33:47,910  |  DEBUG  |  ---------------------------------  
2023-02-10 21:33:47,912  |  DEBUG  |  ---------------------------------  
2023-02-10 21:33:47,913  |  INFO  |  INSERT SUCCESS: Uploaded customer_feedbacks record no 55   
2023-02-10 21:33:47,913  |  DEBUG  |  ---------------------------------  
2023-02-10 21:33:47,915  |  DEBUG  |  ---------------------------------  
2023-02-10 21:33:47,916  |  INFO  |  INSERT SUCCESS: Uploaded customer_feedbacks record no 56   
2023-02-10 21:33:47,916  |  DEBUG  |  ---------------------------------  
2023-02-10 21:33:47,917  |  DEBUG  |  ---------------------------------  
2023-02-10 21:33:47,917  |  INFO  |  INSERT SUCCESS: Uploaded customer_feedbacks record no 57   
2023-02-10 21:33:47,917  |  DEBUG  |  ---------------------------------  
2023-02-10 21:33:47,919  |  DEBUG  |  ---------------------------------  
2023-02-10 21:33:47,920  |  INFO  |  INSERT SUCCESS: Uploaded customer_feedbacks record no 58   
2023-02-10 21:33:47,920  |  DEBUG  |  ---------------------------------  
2023-02-10 21:33:47,921  |  DEBUG  |  ---------------------------------  
2023-02-10 21:33:47,921  |  INFO  |  INSERT SUCCESS: Uploaded customer_feedbacks record no 59   
2023-02-10 21:33:47,922  |  DEBUG  |  ---------------------------------  
2023-02-10 21:33:47,923  |  DEBUG  |  ---------------------------------  
2023-02-10 21:33:47,924  |  INFO  |  INSERT SUCCESS: Uploaded customer_feedbacks record no 60   
2023-02-10 21:33:47,924  |  DEBUG  |  ---------------------------------  
2023-02-10 21:33:47,925  |  DEBUG  |  ---------------------------------  
2023-02-10 21:33:47,926  |  INFO  |  INSERT SUCCESS: Uploaded customer_feedbacks record no 61   
2023-02-10 21:33:47,927  |  DEBUG  |  ---------------------------------  
2023-02-10 21:33:47,928  |  DEBUG  |  ---------------------------------  
2023-02-10 21:33:47,929  |  INFO  |  INSERT SUCCESS: Uploaded customer_feedbacks record no 62   
2023-02-10 21:33:47,929  |  DEBUG  |  ---------------------------------  
2023-02-10 21:33:47,930  |  DEBUG  |  ---------------------------------  
2023-02-10 21:33:47,931  |  INFO  |  INSERT SUCCESS: Uploaded customer_feedbacks record no 63   
2023-02-10 21:33:47,932  |  DEBUG  |  ---------------------------------  
2023-02-10 21:33:47,933  |  DEBUG  |  ---------------------------------  
2023-02-10 21:33:47,933  |  INFO  |  INSERT SUCCESS: Uploaded customer_feedbacks record no 64   
2023-02-10 21:33:47,934  |  DEBUG  |  ---------------------------------  
2023-02-10 21:33:47,935  |  DEBUG  |  ---------------------------------  
2023-02-10 21:33:47,935  |  INFO  |  INSERT SUCCESS: Uploaded customer_feedbacks record no 65   
2023-02-10 21:33:47,936  |  DEBUG  |  ---------------------------------  
2023-02-10 21:33:47,937  |  DEBUG  |  ---------------------------------  
2023-02-10 21:33:47,937  |  INFO  |  INSERT SUCCESS: Uploaded customer_feedbacks record no 66   
2023-02-10 21:33:47,938  |  DEBUG  |  ---------------------------------  
2023-02-10 21:33:47,939  |  DEBUG  |  ---------------------------------  
2023-02-10 21:33:47,940  |  INFO  |  INSERT SUCCESS: Uploaded customer_feedbacks record no 67   
2023-02-10 21:33:47,940  |  DEBUG  |  ---------------------------------  
2023-02-10 21:33:47,942  |  DEBUG  |  ---------------------------------  
2023-02-10 21:33:47,942  |  INFO  |  INSERT SUCCESS: Uploaded customer_feedbacks record no 68   
2023-02-10 21:33:47,943  |  DEBUG  |  ---------------------------------  
2023-02-10 21:33:47,944  |  DEBUG  |  ---------------------------------  
2023-02-10 21:33:47,945  |  INFO  |  INSERT SUCCESS: Uploaded customer_feedbacks record no 69   
2023-02-10 21:33:47,946  |  DEBUG  |  ---------------------------------  
2023-02-10 21:33:47,947  |  DEBUG  |  ---------------------------------  
2023-02-10 21:33:47,948  |  INFO  |  INSERT SUCCESS: Uploaded customer_feedbacks record no 70   
2023-02-10 21:33:47,948  |  DEBUG  |  ---------------------------------  
2023-02-10 21:33:47,949  |  DEBUG  |  ---------------------------------  
2023-02-10 21:33:47,950  |  INFO  |  INSERT SUCCESS: Uploaded customer_feedbacks record no 71   
2023-02-10 21:33:47,950  |  DEBUG  |  ---------------------------------  
2023-02-10 21:33:47,951  |  DEBUG  |  ---------------------------------  
2023-02-10 21:33:47,953  |  INFO  |  INSERT SUCCESS: Uploaded customer_feedbacks record no 72   
2023-02-10 21:33:47,953  |  DEBUG  |  ---------------------------------  
2023-02-10 21:33:47,954  |  DEBUG  |  ---------------------------------  
2023-02-10 21:33:47,955  |  INFO  |  INSERT SUCCESS: Uploaded customer_feedbacks record no 73   
2023-02-10 21:33:47,956  |  DEBUG  |  ---------------------------------  
2023-02-10 21:33:47,957  |  DEBUG  |  ---------------------------------  
2023-02-10 21:33:47,957  |  INFO  |  INSERT SUCCESS: Uploaded customer_feedbacks record no 74   
2023-02-10 21:33:47,958  |  DEBUG  |  ---------------------------------  
2023-02-10 21:33:47,959  |  DEBUG  |  ---------------------------------  
2023-02-10 21:33:47,960  |  INFO  |  INSERT SUCCESS: Uploaded customer_feedbacks record no 75   
2023-02-10 21:33:47,960  |  DEBUG  |  ---------------------------------  
2023-02-10 21:33:47,962  |  DEBUG  |  ---------------------------------  
2023-02-10 21:33:47,963  |  INFO  |  INSERT SUCCESS: Uploaded customer_feedbacks record no 76   
2023-02-10 21:33:47,965  |  DEBUG  |  ---------------------------------  
2023-02-10 21:33:47,985  |  DEBUG  |  ---------------------------------  
2023-02-10 21:33:47,986  |  INFO  |  INSERT SUCCESS: Uploaded customer_feedbacks record no 77   
2023-02-10 21:33:47,987  |  DEBUG  |  ---------------------------------  
2023-02-10 21:33:47,989  |  DEBUG  |  ---------------------------------  
2023-02-10 21:33:47,989  |  INFO  |  INSERT SUCCESS: Uploaded customer_feedbacks record no 78   
2023-02-10 21:33:47,990  |  DEBUG  |  ---------------------------------  
2023-02-10 21:33:47,991  |  DEBUG  |  ---------------------------------  
2023-02-10 21:33:47,992  |  INFO  |  INSERT SUCCESS: Uploaded customer_feedbacks record no 79   
2023-02-10 21:33:47,993  |  DEBUG  |  ---------------------------------  
2023-02-10 21:33:47,994  |  DEBUG  |  ---------------------------------  
2023-02-10 21:33:47,995  |  INFO  |  INSERT SUCCESS: Uploaded customer_feedbacks record no 80   
2023-02-10 21:33:47,995  |  DEBUG  |  ---------------------------------  
2023-02-10 21:33:47,997  |  DEBUG  |  ---------------------------------  
2023-02-10 21:33:47,998  |  INFO  |  INSERT SUCCESS: Uploaded customer_feedbacks record no 81   
2023-02-10 21:33:47,998  |  DEBUG  |  ---------------------------------  
2023-02-10 21:33:48,000  |  DEBUG  |  ---------------------------------  
2023-02-10 21:33:48,000  |  INFO  |  INSERT SUCCESS: Uploaded customer_feedbacks record no 82   
2023-02-10 21:33:48,001  |  DEBUG  |  ---------------------------------  
2023-02-10 21:33:48,002  |  DEBUG  |  ---------------------------------  
2023-02-10 21:33:48,003  |  INFO  |  INSERT SUCCESS: Uploaded customer_feedbacks record no 83   
2023-02-10 21:33:48,003  |  DEBUG  |  ---------------------------------  
2023-02-10 21:33:48,005  |  DEBUG  |  ---------------------------------  
2023-02-10 21:33:48,006  |  INFO  |  INSERT SUCCESS: Uploaded customer_feedbacks record no 84   
2023-02-10 21:33:48,006  |  DEBUG  |  ---------------------------------  
2023-02-10 21:33:48,008  |  DEBUG  |  ---------------------------------  
2023-02-10 21:33:48,009  |  INFO  |  INSERT SUCCESS: Uploaded customer_feedbacks record no 85   
2023-02-10 21:33:48,010  |  DEBUG  |  ---------------------------------  
2023-02-10 21:33:48,013  |  DEBUG  |  ---------------------------------  
2023-02-10 21:33:48,018  |  INFO  |  INSERT SUCCESS: Uploaded customer_feedbacks record no 86   
2023-02-10 21:33:48,019  |  DEBUG  |  ---------------------------------  
2023-02-10 21:33:48,020  |  DEBUG  |  ---------------------------------  
2023-02-10 21:33:48,021  |  INFO  |  INSERT SUCCESS: Uploaded customer_feedbacks record no 87   
2023-02-10 21:33:48,021  |  DEBUG  |  ---------------------------------  
2023-02-10 21:33:48,023  |  DEBUG  |  ---------------------------------  
2023-02-10 21:33:48,024  |  INFO  |  INSERT SUCCESS: Uploaded customer_feedbacks record no 88   
2023-02-10 21:33:48,025  |  DEBUG  |  ---------------------------------  
2023-02-10 21:33:48,026  |  DEBUG  |  ---------------------------------  
2023-02-10 21:33:48,027  |  INFO  |  INSERT SUCCESS: Uploaded customer_feedbacks record no 89   
2023-02-10 21:33:48,027  |  DEBUG  |  ---------------------------------  
2023-02-10 21:33:48,028  |  DEBUG  |  ---------------------------------  
2023-02-10 21:33:48,029  |  INFO  |  INSERT SUCCESS: Uploaded customer_feedbacks record no 90   
2023-02-10 21:33:48,030  |  DEBUG  |  ---------------------------------  
2023-02-10 21:33:48,031  |  DEBUG  |  ---------------------------------  
2023-02-10 21:33:48,031  |  INFO  |  INSERT SUCCESS: Uploaded customer_feedbacks record no 91   
2023-02-10 21:33:48,032  |  DEBUG  |  ---------------------------------  
2023-02-10 21:33:48,034  |  DEBUG  |  ---------------------------------  
2023-02-10 21:33:48,035  |  INFO  |  INSERT SUCCESS: Uploaded customer_feedbacks record no 92   
2023-02-10 21:33:48,035  |  DEBUG  |  ---------------------------------  
2023-02-10 21:33:48,037  |  DEBUG  |  ---------------------------------  
2023-02-10 21:33:48,038  |  INFO  |  INSERT SUCCESS: Uploaded customer_feedbacks record no 93   
2023-02-10 21:33:48,038  |  DEBUG  |  ---------------------------------  
2023-02-10 21:33:48,040  |  DEBUG  |  ---------------------------------  
2023-02-10 21:33:48,040  |  INFO  |  INSERT SUCCESS: Uploaded customer_feedbacks record no 94   
2023-02-10 21:33:48,041  |  DEBUG  |  ---------------------------------  
2023-02-10 21:33:48,042  |  DEBUG  |  ---------------------------------  
2023-02-10 21:33:48,042  |  INFO  |  INSERT SUCCESS: Uploaded customer_feedbacks record no 95   
2023-02-10 21:33:48,044  |  DEBUG  |  ---------------------------------  
2023-02-10 21:33:48,045  |  DEBUG  |  ---------------------------------  
2023-02-10 21:33:48,046  |  INFO  |  INSERT SUCCESS: Uploaded customer_feedbacks record no 96   
2023-02-10 21:33:48,047  |  DEBUG  |  ---------------------------------  
2023-02-10 21:33:48,048  |  DEBUG  |  ---------------------------------  
2023-02-10 21:33:48,049  |  INFO  |  INSERT SUCCESS: Uploaded customer_feedbacks record no 97   
2023-02-10 21:33:48,050  |  DEBUG  |  ---------------------------------  
2023-02-10 21:33:48,050  |  DEBUG  |  ---------------------------------  
2023-02-10 21:33:48,051  |  INFO  |  INSERT SUCCESS: Uploaded customer_feedbacks record no 98   
2023-02-10 21:33:48,051  |  DEBUG  |  ---------------------------------  
2023-02-10 21:33:48,052  |  DEBUG  |  ---------------------------------  
2023-02-10 21:33:48,053  |  INFO  |  INSERT SUCCESS: Uploaded customer_feedbacks record no 99   
2023-02-10 21:33:48,053  |  DEBUG  |  ---------------------------------  
2023-02-10 21:33:48,055  |  DEBUG  |  ---------------------------------  
2023-02-10 21:33:48,056  |  INFO  |  INSERT SUCCESS: Uploaded customer_feedbacks record no 100   
2023-02-10 21:33:48,056  |  DEBUG  |  ---------------------------------  
2023-02-10 21:33:48,058  |  INFO  |  Rows after SQL insert in Postgres: 100   
2023-02-10 21:33:48,060  |  DEBUG  |    
2023-02-10 21:33:48,060  |  WARNING  |    
2023-02-10 21:33:48,061  |  WARNING  |    
2023-02-10 21:33:48,062  |  WARNING  |  ================================================  
2023-02-10 21:33:48,063  |  WARNING  |             SENSITIVE COLUMN IDENTIFICATION                
2023-02-10 21:33:48,064  |  WARNING  |  ================================================  
2023-02-10 21:33:48,064  |  WARNING  |    
2023-02-10 21:33:48,065  |  ERROR  |  IMPORTANT NOTE: Invest time in understanding the underlying data fields to avoid highlighting the incorrect fields or omitting fields containing confidential information.            
2023-02-10 21:33:48,066  |  ERROR  |    
2023-02-10 21:33:48,067  |  ERROR  |        Involving the relevant stakeholders in the process of identifying sensitive data fields from the source data is a crucial step to protecting confidential information.   
2023-02-10 21:33:48,067  |  ERROR  |    
2023-02-10 21:33:48,068  |  ERROR  |        Neglecting this step could expose customers and the wider company to serious harm (e.g. cybersecurity hacks, data breaches, unauthorized access to sensitive data), so approach this task with the utmost care.   
2023-02-10 21:33:48,069  |  WARNING  |    
2023-02-10 21:33:48,070  |  WARNING  |    
2023-02-10 21:33:48,071  |  WARNING  |  Now beginning the sensitive column identification stage ...  
2023-02-10 21:33:48,073  |  WARNING  |    
2023-02-10 21:33:48,074  |  WARNING  |  Here are the columns considered sensitive in this table ...  
2023-02-10 21:33:48,075  |  WARNING  |    
2023-02-10 21:33:48,077  |  WARNING  |  1 : 'customer_id'    
2023-02-10 21:33:48,078  |  WARNING  |  2 : 'flight_booking_id'    
2023-02-10 21:33:48,079  |  WARNING  |  3 : 'feedback_date'    
2023-02-10 21:33:48,082  |  WARNING  |  4 : 'feedback_text'    
2023-02-10 21:33:48,082  |  WARNING  |    
2023-02-10 21:33:48,083  |  WARNING  |    
2023-02-10 21:33:48,083  |  WARNING  |  Decide on the appropriate treatment for these tables. A few options to consider include:  
2023-02-10 21:33:48,084  |  WARNING  |  1. Masking fields               -   This involves replacing sensitive columns with alternative characters e.g.  'xxxx-xxxx', '*****', '$$$$'.   
2023-02-10 21:33:48,085  |  WARNING  |  2. Encrypting fields            -   This is converting sensitive columns to cipher text (unreadable text format).          
2023-02-10 21:33:48,085  |  WARNING  |  3. Role-based access control    -   Placing a system that delegates privileges based on team members' responsibilities          
2023-02-10 21:33:48,086  |  WARNING  |    
2023-02-10 21:33:48,086  |  WARNING  |  Now terminating the sensitive column identification stage ...  
2023-02-10 21:33:48,087  |  WARNING  |  Sensitive column identification stage ended.   
2023-02-10 21:33:48,088  |  WARNING  |    
2023-02-10 21:33:48,088  |  WARNING  |    
2023-02-10 21:33:48,089  |  WARNING  |    
2023-02-10 21:33:48,100  |  INFO  |    
2023-02-10 21:33:48,100  |  INFO  |    
2023-02-10 21:33:48,100  |  INFO  |  ================================================  
2023-02-10 21:33:48,101  |  INFO  |                DATA PROFILING METRICS                
2023-02-10 21:33:48,101  |  INFO  |  ================================================  
2023-02-10 21:33:48,102  |  INFO  |    
2023-02-10 21:33:48,102  |  INFO  |  Now calculating table statistics...  
2023-02-10 21:33:48,103  |  INFO  |    
2023-02-10 21:33:48,103  |  INFO  |    
2023-02-10 21:33:48,104  |  INFO  |  Table name:                                  raw_customer_feedbacks_tbl   
2023-02-10 21:33:48,104  |  INFO  |  Schema name:                                 main   
2023-02-10 21:33:48,105  |  INFO  |  Database name:                               raw_db   
2023-02-10 21:33:48,105  |  INFO  |  Data warehouse layer:                        RAW   
2023-02-10 21:33:48,106  |  INFO  |    
2023-02-10 21:33:48,106  |  INFO  |    
2023-02-10 21:33:48,107  |  INFO  |  Number of rows in table:                     100   
2023-02-10 21:33:48,107  |  INFO  |  Number of columns in table:                  11   
2023-02-10 21:33:48,108  |  INFO  |    
2023-02-10 21:33:48,108  |  INFO  |  Successful records uploaded total :          100 / 100     
2023-02-10 21:33:48,109  |  INFO  |  Failed/Errored records uploaded total:       0 / 100         
2023-02-10 21:33:48,110  |  INFO  |    
2023-02-10 21:33:48,112  |  INFO  |  Successful records uploaded % :              100.0      
2023-02-10 21:33:48,112  |  INFO  |  Failed/Errored records uploaded %:           0.0         
2023-02-10 21:33:48,112  |  INFO  |    
2023-02-10 21:33:48,113  |  INFO  |  Number of unique records:                    100 / 100  
2023-02-10 21:33:48,114  |  INFO  |  Number of duplicate records:                 0 / 100  
2023-02-10 21:33:48,114  |  INFO  |    
2023-02-10 21:33:48,115  |  INFO  |  Unique records %:                            100.0   
2023-02-10 21:33:48,115  |  INFO  |  Duplicate records %:                         0.0   
2023-02-10 21:33:48,116  |  INFO  |    
2023-02-10 21:33:48,117  |  INFO  |  Column name: feedback_id,  Column no: 1,  Number of NULL values: 0   
2023-02-10 21:33:48,118  |  INFO  |  Column name: customer_id,  Column no: 2,  Number of NULL values: 0   
2023-02-10 21:33:48,119  |  INFO  |  Column name: flight_booking_id,  Column no: 3,  Number of NULL values: 0   
2023-02-10 21:33:48,120  |  INFO  |  Column name: feedback_date,  Column no: 4,  Number of NULL values: 0   
2023-02-10 21:33:48,121  |  INFO  |  Column name: feedback_text,  Column no: 5,  Number of NULL values: 0   
2023-02-10 21:33:48,122  |  INFO  |  Column name: created_at,  Column no: 6,  Number of NULL values: 0   
2023-02-10 21:33:48,123  |  INFO  |  Column name: updated_at,  Column no: 7,  Number of NULL values: 0   
2023-02-10 21:33:48,124  |  INFO  |  Column name: source_system,  Column no: 8,  Number of NULL values: 0   
2023-02-10 21:33:48,125  |  INFO  |  Column name: source_file,  Column no: 9,  Number of NULL values: 0   
2023-02-10 21:33:48,126  |  INFO  |  Column name: load_timestamp,  Column no: 10,  Number of NULL values: 0   
2023-02-10 21:33:48,128  |  INFO  |  Column name: dwh_layer,  Column no: 11,  Number of NULL values: 0   
2023-02-10 21:33:48,128  |  INFO  |    
2023-02-10 21:33:48,129  |  INFO  |  ================================================  
2023-02-10 21:33:48,130  |  INFO  |    
2023-02-10 21:33:48,130  |  INFO  |  Now calculating performance statistics (from a Python standpoint)...  
2023-02-10 21:33:48,131  |  INFO  |    
2023-02-10 21:33:48,132  |  INFO  |    
2023-02-10 21:33:48,132  |  INFO  |  1. Execution time for CREATING schema: 3.991365432739258 ms   
2023-02-10 21:33:48,133  |  INFO  |    
2023-02-10 21:33:48,133  |  INFO  |    
2023-02-10 21:33:48,133  |  INFO  |  2. Execution time for CREATING schema (VAL CHECK): 12.000083923339844 ms   
2023-02-10 21:33:48,134  |  INFO  |    
2023-02-10 21:33:48,135  |  INFO  |    
2023-02-10 21:33:48,135  |  INFO  |  3. Execution time for DELETING schema:  8.336782455444336 ms   
2023-02-10 21:33:48,135  |  INFO  |    
2023-02-10 21:33:48,136  |  INFO  |    
2023-02-10 21:33:48,136  |  INFO  |  4. Execution time for DELETING schema (VAL CHECK):  9.649991989135742 ms   
2023-02-10 21:33:48,137  |  INFO  |    
2023-02-10 21:33:48,137  |  INFO  |    
2023-02-10 21:33:48,137  |  INFO  |  5. Execution time for CREATING table:  12.989282608032227 ms   
2023-02-10 21:33:48,138  |  INFO  |    
2023-02-10 21:33:48,138  |  INFO  |    
2023-02-10 21:33:48,139  |  INFO  |  6. Execution time for CREATING table (VAL CHECK):  0.9999275207519531 ms   
2023-02-10 21:33:48,139  |  INFO  |    
2023-02-10 21:33:48,140  |  INFO  |    
2023-02-10 21:33:48,140  |  INFO  |  7. Execution time for ADDING data lineage:  9.006977081298828 ms   
2023-02-10 21:33:48,140  |  INFO  |    
2023-02-10 21:33:48,142  |  INFO  |    
2023-02-10 21:33:48,143  |  INFO  |  8. Execution time for ADDING data lineage (VAL CHECK):  32.07230567932129 ms   
2023-02-10 21:33:48,143  |  INFO  |    
2023-02-10 21:33:48,143  |  INFO  |    
2023-02-10 21:33:48,144  |  INFO  |  9. Execution time for INSERTING rows to table:  284.3129634857178 ms   
2023-02-10 21:33:48,145  |  INFO  |    
2023-02-10 21:33:48,145  |  INFO  |    
2023-02-10 21:33:48,146  |  INFO  |  10. Execution time for COUNTING uploaded rows to table:  0.8673667907714844 ms   
2023-02-10 21:33:48,147  |  INFO  |    
2023-02-10 21:33:48,147  |  INFO  |    
2023-02-10 21:33:48,148  |  INFO  |    
2023-02-10 21:33:48,148  |  INFO  |  ================================================  
2023-02-10 21:33:48,149  |  DEBUG  |    
2023-02-10 21:33:48,149  |  INFO  |  DATA VALIDATION SUCCESS: All general DQ checks passed!   
2023-02-10 21:33:48,150  |  DEBUG  |    
2023-02-10 21:33:48,150  |  INFO  |  Now saving changes made by SQL statements to Postgres DB....  
2023-02-10 21:33:48,157  |  INFO  |  Saved successfully, now terminating cursor and current session....  
2023-02-10 21:33:48,158  |  DEBUG  |    
2023-02-10 21:33:48,158  |  DEBUG  |  Cursor closed successfully.  
2023-02-10 21:33:48,162  |  DEBUG  |  Session connected to Postgres database closed.  
