2023-02-10 18:49:45,668  |  INFO  |    
2023-02-10 18:49:45,670  |  INFO  |  ---------------------------------------------  
2023-02-10 18:49:45,670  |  INFO  |  Beginning the source data extraction process...  
2023-02-10 18:49:46,012  |  INFO  |  Successfully located 'accommodation_bookings.json'  
2023-02-10 18:49:46,013  |  INFO  |  File type: '<class 'list'>'  
2023-02-10 18:49:46,101  |  DEBUG  |    
2023-02-10 18:49:46,102  |  INFO  |  =================================================================================  
2023-02-10 18:49:46,102  |  INFO  |  CONNECTION SUCCESS: Managed to connect successfully to the raw_db database!!  
2023-02-10 18:49:46,103  |  INFO  |  Connection details: user=postgres password=xxx dbname=raw_db host=localhost port=5434   
2023-02-10 18:49:46,104  |  INFO  |  =================================================================================  
2023-02-10 18:49:46,104  |  DEBUG  |    
2023-02-10 18:49:46,137  |  DEBUG  |    
2023-02-10 18:49:46,138  |  INFO  |  =================================================================================================  
2023-02-10 18:49:46,138  |  INFO  |  SCHEMA CREATION SUCCESS: Managed to create main schema in raw_db   
2023-02-10 18:49:46,139  |  INFO  |  Schema name in Postgres: main   
2023-02-10 18:49:46,139  |  INFO  |  SQL Query for validation check:     SELECT schema_name from information_schema.schemata WHERE schema_name= 'main';
           
2023-02-10 18:49:46,140  |  INFO  |  =================================================================================================  
2023-02-10 18:49:46,141  |  DEBUG  |    
2023-02-10 18:49:46,163  |  DEBUG  |    
2023-02-10 18:49:46,164  |  ERROR  |  ==========================================================================================================================================================================  
2023-02-10 18:49:46,165  |  ERROR  |  TABLE DELETION FAILURE: Unable to delete raw_accommodation_bookings_tbl. This table may have objects that depend on it (use DROP TABLE ... CASCADE to resolve) or it doesn't exist.   
2023-02-10 18:49:46,165  |  ERROR  |  SQL Query for validation check:     SELECT EXISTS (SELECT 1 FROM information_schema.tables WHERE table_name = 'raw_accommodation_bookings_tbl' );
           
2023-02-10 18:49:46,166  |  ERROR  |  ==========================================================================================================================================================================  
2023-02-10 18:49:46,167  |  DEBUG  |    
2023-02-10 18:49:46,184  |  DEBUG  |    
2023-02-10 18:49:46,185  |  INFO  |  =============================================================================================================================================================================  
2023-02-10 18:49:46,186  |  INFO  |  TABLE CREATION SUCCESS: Managed to create raw_accommodation_bookings_tbl table in raw_db.    
2023-02-10 18:49:46,186  |  INFO  |  SQL Query for validation check:         SELECT EXISTS (SELECT 1 FROM information_schema.tables WHERE table_name = 'raw_accommodation_bookings_tbl' );
           
2023-02-10 18:49:46,188  |  INFO  |  =============================================================================================================================================================================  
2023-02-10 18:49:46,188  |  DEBUG  |    
2023-02-10 18:49:46,230  |  DEBUG  |    
2023-02-10 18:49:46,231  |  INFO  |  =============================================================================================================================================================================  
2023-02-10 18:49:46,231  |  INFO  |  DATA LINEAGE FIELDS CREATION SUCCESS: Managed to create data lineage columns in main.raw_accommodation_bookings_tbl.    
2023-02-10 18:49:46,231  |  INFO  |  SQL Query for validation check:          
                                                                    SELECT * 
                                                                    FROM    information_schema.columns 
                                                                    WHERE   table_name      = 'raw_accommodation_bookings_tbl' 
                                                                        AND     (column_name    = 'created_at'
                                                                        OR      column_name     = 'updated_at' 
                                                                        OR      column_name     = 'source_system' 
                                                                        OR      column_name     = 'source_file' 
                                                                        OR      column_name     = 'load_timestamp' 
                                                                        OR      column_name     = 'dwh_layer');
                                                                              
           
2023-02-10 18:49:46,233  |  INFO  |  =============================================================================================================================================================================  
2023-02-10 18:49:46,234  |  DEBUG  |    
2023-02-10 18:49:46,240  |  INFO  |  Rows before SQL insert in Postgres: 0   
2023-02-10 18:49:46,241  |  DEBUG  |    
2023-02-10 18:49:46,245  |  DEBUG  |  ---------------------------------  
2023-02-10 18:49:46,245  |  INFO  |  INSERT SUCCESS: Uploaded accommodation_bookings record no 1   
2023-02-10 18:49:46,246  |  DEBUG  |  ---------------------------------  
2023-02-10 18:49:46,247  |  DEBUG  |  ---------------------------------  
2023-02-10 18:49:46,248  |  INFO  |  INSERT SUCCESS: Uploaded accommodation_bookings record no 2   
2023-02-10 18:49:46,248  |  DEBUG  |  ---------------------------------  
2023-02-10 18:49:46,249  |  DEBUG  |  ---------------------------------  
2023-02-10 18:49:46,250  |  INFO  |  INSERT SUCCESS: Uploaded accommodation_bookings record no 3   
2023-02-10 18:49:46,251  |  DEBUG  |  ---------------------------------  
2023-02-10 18:49:46,253  |  DEBUG  |  ---------------------------------  
2023-02-10 18:49:46,253  |  INFO  |  INSERT SUCCESS: Uploaded accommodation_bookings record no 4   
2023-02-10 18:49:46,254  |  DEBUG  |  ---------------------------------  
2023-02-10 18:49:46,256  |  DEBUG  |  ---------------------------------  
2023-02-10 18:49:46,256  |  INFO  |  INSERT SUCCESS: Uploaded accommodation_bookings record no 5   
2023-02-10 18:49:46,257  |  DEBUG  |  ---------------------------------  
2023-02-10 18:49:46,258  |  DEBUG  |  ---------------------------------  
2023-02-10 18:49:46,259  |  INFO  |  INSERT SUCCESS: Uploaded accommodation_bookings record no 6   
2023-02-10 18:49:46,260  |  DEBUG  |  ---------------------------------  
2023-02-10 18:49:46,260  |  DEBUG  |  ---------------------------------  
2023-02-10 18:49:46,261  |  INFO  |  INSERT SUCCESS: Uploaded accommodation_bookings record no 7   
2023-02-10 18:49:46,261  |  DEBUG  |  ---------------------------------  
2023-02-10 18:49:46,262  |  DEBUG  |  ---------------------------------  
2023-02-10 18:49:46,263  |  INFO  |  INSERT SUCCESS: Uploaded accommodation_bookings record no 8   
2023-02-10 18:49:46,263  |  DEBUG  |  ---------------------------------  
2023-02-10 18:49:46,264  |  DEBUG  |  ---------------------------------  
2023-02-10 18:49:46,264  |  INFO  |  INSERT SUCCESS: Uploaded accommodation_bookings record no 9   
2023-02-10 18:49:46,265  |  DEBUG  |  ---------------------------------  
2023-02-10 18:49:46,267  |  DEBUG  |  ---------------------------------  
2023-02-10 18:49:46,268  |  INFO  |  INSERT SUCCESS: Uploaded accommodation_bookings record no 10   
2023-02-10 18:49:46,269  |  DEBUG  |  ---------------------------------  
2023-02-10 18:49:46,270  |  DEBUG  |  ---------------------------------  
2023-02-10 18:49:46,271  |  INFO  |  INSERT SUCCESS: Uploaded accommodation_bookings record no 11   
2023-02-10 18:49:46,271  |  DEBUG  |  ---------------------------------  
2023-02-10 18:49:46,273  |  DEBUG  |  ---------------------------------  
2023-02-10 18:49:46,273  |  INFO  |  INSERT SUCCESS: Uploaded accommodation_bookings record no 12   
2023-02-10 18:49:46,274  |  DEBUG  |  ---------------------------------  
2023-02-10 18:49:46,275  |  DEBUG  |  ---------------------------------  
2023-02-10 18:49:46,276  |  INFO  |  INSERT SUCCESS: Uploaded accommodation_bookings record no 13   
2023-02-10 18:49:46,276  |  DEBUG  |  ---------------------------------  
2023-02-10 18:49:46,277  |  DEBUG  |  ---------------------------------  
2023-02-10 18:49:46,278  |  INFO  |  INSERT SUCCESS: Uploaded accommodation_bookings record no 14   
2023-02-10 18:49:46,278  |  DEBUG  |  ---------------------------------  
2023-02-10 18:49:46,279  |  DEBUG  |  ---------------------------------  
2023-02-10 18:49:46,280  |  INFO  |  INSERT SUCCESS: Uploaded accommodation_bookings record no 15   
2023-02-10 18:49:46,280  |  DEBUG  |  ---------------------------------  
2023-02-10 18:49:46,281  |  DEBUG  |  ---------------------------------  
2023-02-10 18:49:46,282  |  INFO  |  INSERT SUCCESS: Uploaded accommodation_bookings record no 16   
2023-02-10 18:49:46,282  |  DEBUG  |  ---------------------------------  
2023-02-10 18:49:46,284  |  DEBUG  |  ---------------------------------  
2023-02-10 18:49:46,285  |  INFO  |  INSERT SUCCESS: Uploaded accommodation_bookings record no 17   
2023-02-10 18:49:46,286  |  DEBUG  |  ---------------------------------  
2023-02-10 18:49:46,288  |  DEBUG  |  ---------------------------------  
2023-02-10 18:49:46,289  |  INFO  |  INSERT SUCCESS: Uploaded accommodation_bookings record no 18   
2023-02-10 18:49:46,289  |  DEBUG  |  ---------------------------------  
2023-02-10 18:49:46,291  |  DEBUG  |  ---------------------------------  
2023-02-10 18:49:46,292  |  INFO  |  INSERT SUCCESS: Uploaded accommodation_bookings record no 19   
2023-02-10 18:49:46,292  |  DEBUG  |  ---------------------------------  
2023-02-10 18:49:46,293  |  DEBUG  |  ---------------------------------  
2023-02-10 18:49:46,295  |  INFO  |  INSERT SUCCESS: Uploaded accommodation_bookings record no 20   
2023-02-10 18:49:46,295  |  DEBUG  |  ---------------------------------  
2023-02-10 18:49:46,296  |  DEBUG  |  ---------------------------------  
2023-02-10 18:49:46,297  |  INFO  |  INSERT SUCCESS: Uploaded accommodation_bookings record no 21   
2023-02-10 18:49:46,297  |  DEBUG  |  ---------------------------------  
2023-02-10 18:49:46,298  |  DEBUG  |  ---------------------------------  
2023-02-10 18:49:46,299  |  INFO  |  INSERT SUCCESS: Uploaded accommodation_bookings record no 22   
2023-02-10 18:49:46,300  |  DEBUG  |  ---------------------------------  
2023-02-10 18:49:46,302  |  DEBUG  |  ---------------------------------  
2023-02-10 18:49:46,303  |  INFO  |  INSERT SUCCESS: Uploaded accommodation_bookings record no 23   
2023-02-10 18:49:46,303  |  DEBUG  |  ---------------------------------  
2023-02-10 18:49:46,305  |  DEBUG  |  ---------------------------------  
2023-02-10 18:49:46,306  |  INFO  |  INSERT SUCCESS: Uploaded accommodation_bookings record no 24   
2023-02-10 18:49:46,307  |  DEBUG  |  ---------------------------------  
2023-02-10 18:49:46,309  |  DEBUG  |  ---------------------------------  
2023-02-10 18:49:46,309  |  INFO  |  INSERT SUCCESS: Uploaded accommodation_bookings record no 25   
2023-02-10 18:49:46,309  |  DEBUG  |  ---------------------------------  
2023-02-10 18:49:46,310  |  DEBUG  |  ---------------------------------  
2023-02-10 18:49:46,311  |  INFO  |  INSERT SUCCESS: Uploaded accommodation_bookings record no 26   
2023-02-10 18:49:46,312  |  DEBUG  |  ---------------------------------  
2023-02-10 18:49:46,313  |  DEBUG  |  ---------------------------------  
2023-02-10 18:49:46,313  |  INFO  |  INSERT SUCCESS: Uploaded accommodation_bookings record no 27   
2023-02-10 18:49:46,314  |  DEBUG  |  ---------------------------------  
2023-02-10 18:49:46,316  |  DEBUG  |  ---------------------------------  
2023-02-10 18:49:46,316  |  INFO  |  INSERT SUCCESS: Uploaded accommodation_bookings record no 28   
2023-02-10 18:49:46,317  |  DEBUG  |  ---------------------------------  
2023-02-10 18:49:46,320  |  DEBUG  |  ---------------------------------  
2023-02-10 18:49:46,320  |  INFO  |  INSERT SUCCESS: Uploaded accommodation_bookings record no 29   
2023-02-10 18:49:46,321  |  DEBUG  |  ---------------------------------  
2023-02-10 18:49:46,323  |  DEBUG  |  ---------------------------------  
2023-02-10 18:49:46,324  |  INFO  |  INSERT SUCCESS: Uploaded accommodation_bookings record no 30   
2023-02-10 18:49:46,324  |  DEBUG  |  ---------------------------------  
2023-02-10 18:49:46,328  |  DEBUG  |  ---------------------------------  
2023-02-10 18:49:46,328  |  INFO  |  INSERT SUCCESS: Uploaded accommodation_bookings record no 31   
2023-02-10 18:49:46,329  |  DEBUG  |  ---------------------------------  
2023-02-10 18:49:46,330  |  DEBUG  |  ---------------------------------  
2023-02-10 18:49:46,331  |  INFO  |  INSERT SUCCESS: Uploaded accommodation_bookings record no 32   
2023-02-10 18:49:46,331  |  DEBUG  |  ---------------------------------  
2023-02-10 18:49:46,334  |  DEBUG  |  ---------------------------------  
2023-02-10 18:49:46,334  |  INFO  |  INSERT SUCCESS: Uploaded accommodation_bookings record no 33   
2023-02-10 18:49:46,336  |  DEBUG  |  ---------------------------------  
2023-02-10 18:49:46,337  |  DEBUG  |  ---------------------------------  
2023-02-10 18:49:46,338  |  INFO  |  INSERT SUCCESS: Uploaded accommodation_bookings record no 34   
2023-02-10 18:49:46,340  |  DEBUG  |  ---------------------------------  
2023-02-10 18:49:46,341  |  DEBUG  |  ---------------------------------  
2023-02-10 18:49:46,341  |  INFO  |  INSERT SUCCESS: Uploaded accommodation_bookings record no 35   
2023-02-10 18:49:46,342  |  DEBUG  |  ---------------------------------  
2023-02-10 18:49:46,343  |  DEBUG  |  ---------------------------------  
2023-02-10 18:49:46,344  |  INFO  |  INSERT SUCCESS: Uploaded accommodation_bookings record no 36   
2023-02-10 18:49:46,344  |  DEBUG  |  ---------------------------------  
2023-02-10 18:49:46,345  |  DEBUG  |  ---------------------------------  
2023-02-10 18:49:46,346  |  INFO  |  INSERT SUCCESS: Uploaded accommodation_bookings record no 37   
2023-02-10 18:49:46,346  |  DEBUG  |  ---------------------------------  
2023-02-10 18:49:46,348  |  DEBUG  |  ---------------------------------  
2023-02-10 18:49:46,348  |  INFO  |  INSERT SUCCESS: Uploaded accommodation_bookings record no 38   
2023-02-10 18:49:46,349  |  DEBUG  |  ---------------------------------  
2023-02-10 18:49:46,351  |  DEBUG  |  ---------------------------------  
2023-02-10 18:49:46,351  |  INFO  |  INSERT SUCCESS: Uploaded accommodation_bookings record no 39   
2023-02-10 18:49:46,352  |  DEBUG  |  ---------------------------------  
2023-02-10 18:49:46,354  |  DEBUG  |  ---------------------------------  
2023-02-10 18:49:46,354  |  INFO  |  INSERT SUCCESS: Uploaded accommodation_bookings record no 40   
2023-02-10 18:49:46,355  |  DEBUG  |  ---------------------------------  
2023-02-10 18:49:46,356  |  DEBUG  |  ---------------------------------  
2023-02-10 18:49:46,357  |  INFO  |  INSERT SUCCESS: Uploaded accommodation_bookings record no 41   
2023-02-10 18:49:46,358  |  DEBUG  |  ---------------------------------  
2023-02-10 18:49:46,359  |  DEBUG  |  ---------------------------------  
2023-02-10 18:49:46,360  |  INFO  |  INSERT SUCCESS: Uploaded accommodation_bookings record no 42   
2023-02-10 18:49:46,360  |  DEBUG  |  ---------------------------------  
2023-02-10 18:49:46,361  |  DEBUG  |  ---------------------------------  
2023-02-10 18:49:46,362  |  INFO  |  INSERT SUCCESS: Uploaded accommodation_bookings record no 43   
2023-02-10 18:49:46,362  |  DEBUG  |  ---------------------------------  
2023-02-10 18:49:46,364  |  DEBUG  |  ---------------------------------  
2023-02-10 18:49:46,364  |  INFO  |  INSERT SUCCESS: Uploaded accommodation_bookings record no 44   
2023-02-10 18:49:46,365  |  DEBUG  |  ---------------------------------  
2023-02-10 18:49:46,367  |  DEBUG  |  ---------------------------------  
2023-02-10 18:49:46,368  |  INFO  |  INSERT SUCCESS: Uploaded accommodation_bookings record no 45   
2023-02-10 18:49:46,369  |  DEBUG  |  ---------------------------------  
2023-02-10 18:49:46,371  |  DEBUG  |  ---------------------------------  
2023-02-10 18:49:46,371  |  INFO  |  INSERT SUCCESS: Uploaded accommodation_bookings record no 46   
2023-02-10 18:49:46,372  |  DEBUG  |  ---------------------------------  
2023-02-10 18:49:46,374  |  DEBUG  |  ---------------------------------  
2023-02-10 18:49:46,374  |  INFO  |  INSERT SUCCESS: Uploaded accommodation_bookings record no 47   
2023-02-10 18:49:46,375  |  DEBUG  |  ---------------------------------  
2023-02-10 18:49:46,376  |  DEBUG  |  ---------------------------------  
2023-02-10 18:49:46,377  |  INFO  |  INSERT SUCCESS: Uploaded accommodation_bookings record no 48   
2023-02-10 18:49:46,377  |  DEBUG  |  ---------------------------------  
2023-02-10 18:49:46,379  |  DEBUG  |  ---------------------------------  
2023-02-10 18:49:46,379  |  INFO  |  INSERT SUCCESS: Uploaded accommodation_bookings record no 49   
2023-02-10 18:49:46,380  |  DEBUG  |  ---------------------------------  
2023-02-10 18:49:46,381  |  DEBUG  |  ---------------------------------  
2023-02-10 18:49:46,381  |  INFO  |  INSERT SUCCESS: Uploaded accommodation_bookings record no 50   
2023-02-10 18:49:46,382  |  DEBUG  |  ---------------------------------  
2023-02-10 18:49:46,384  |  DEBUG  |  ---------------------------------  
2023-02-10 18:49:46,385  |  INFO  |  INSERT SUCCESS: Uploaded accommodation_bookings record no 51   
2023-02-10 18:49:46,386  |  DEBUG  |  ---------------------------------  
2023-02-10 18:49:46,388  |  DEBUG  |  ---------------------------------  
2023-02-10 18:49:46,389  |  INFO  |  INSERT SUCCESS: Uploaded accommodation_bookings record no 52   
2023-02-10 18:49:46,390  |  DEBUG  |  ---------------------------------  
2023-02-10 18:49:46,391  |  DEBUG  |  ---------------------------------  
2023-02-10 18:49:46,392  |  INFO  |  INSERT SUCCESS: Uploaded accommodation_bookings record no 53   
2023-02-10 18:49:46,393  |  DEBUG  |  ---------------------------------  
2023-02-10 18:49:46,394  |  DEBUG  |  ---------------------------------  
2023-02-10 18:49:46,394  |  INFO  |  INSERT SUCCESS: Uploaded accommodation_bookings record no 54   
2023-02-10 18:49:46,395  |  DEBUG  |  ---------------------------------  
2023-02-10 18:49:46,396  |  DEBUG  |  ---------------------------------  
2023-02-10 18:49:46,396  |  INFO  |  INSERT SUCCESS: Uploaded accommodation_bookings record no 55   
2023-02-10 18:49:46,397  |  DEBUG  |  ---------------------------------  
2023-02-10 18:49:46,398  |  DEBUG  |  ---------------------------------  
2023-02-10 18:49:46,398  |  INFO  |  INSERT SUCCESS: Uploaded accommodation_bookings record no 56   
2023-02-10 18:49:46,400  |  DEBUG  |  ---------------------------------  
2023-02-10 18:49:46,402  |  DEBUG  |  ---------------------------------  
2023-02-10 18:49:46,402  |  INFO  |  INSERT SUCCESS: Uploaded accommodation_bookings record no 57   
2023-02-10 18:49:46,403  |  DEBUG  |  ---------------------------------  
2023-02-10 18:49:46,405  |  DEBUG  |  ---------------------------------  
2023-02-10 18:49:46,406  |  INFO  |  INSERT SUCCESS: Uploaded accommodation_bookings record no 58   
2023-02-10 18:49:46,406  |  DEBUG  |  ---------------------------------  
2023-02-10 18:49:46,408  |  DEBUG  |  ---------------------------------  
2023-02-10 18:49:46,408  |  INFO  |  INSERT SUCCESS: Uploaded accommodation_bookings record no 59   
2023-02-10 18:49:46,409  |  DEBUG  |  ---------------------------------  
2023-02-10 18:49:46,410  |  DEBUG  |  ---------------------------------  
2023-02-10 18:49:46,411  |  INFO  |  INSERT SUCCESS: Uploaded accommodation_bookings record no 60   
2023-02-10 18:49:46,412  |  DEBUG  |  ---------------------------------  
2023-02-10 18:49:46,413  |  DEBUG  |  ---------------------------------  
2023-02-10 18:49:46,414  |  INFO  |  INSERT SUCCESS: Uploaded accommodation_bookings record no 61   
2023-02-10 18:49:46,414  |  DEBUG  |  ---------------------------------  
2023-02-10 18:49:46,415  |  DEBUG  |  ---------------------------------  
2023-02-10 18:49:46,417  |  INFO  |  INSERT SUCCESS: Uploaded accommodation_bookings record no 62   
2023-02-10 18:49:46,417  |  DEBUG  |  ---------------------------------  
2023-02-10 18:49:46,419  |  DEBUG  |  ---------------------------------  
2023-02-10 18:49:46,420  |  INFO  |  INSERT SUCCESS: Uploaded accommodation_bookings record no 63   
2023-02-10 18:49:46,421  |  DEBUG  |  ---------------------------------  
2023-02-10 18:49:46,423  |  DEBUG  |  ---------------------------------  
2023-02-10 18:49:46,424  |  INFO  |  INSERT SUCCESS: Uploaded accommodation_bookings record no 64   
2023-02-10 18:49:46,424  |  DEBUG  |  ---------------------------------  
2023-02-10 18:49:46,426  |  DEBUG  |  ---------------------------------  
2023-02-10 18:49:46,426  |  INFO  |  INSERT SUCCESS: Uploaded accommodation_bookings record no 65   
2023-02-10 18:49:46,426  |  DEBUG  |  ---------------------------------  
2023-02-10 18:49:46,427  |  DEBUG  |  ---------------------------------  
2023-02-10 18:49:46,428  |  INFO  |  INSERT SUCCESS: Uploaded accommodation_bookings record no 66   
2023-02-10 18:49:46,428  |  DEBUG  |  ---------------------------------  
2023-02-10 18:49:46,429  |  DEBUG  |  ---------------------------------  
2023-02-10 18:49:46,430  |  INFO  |  INSERT SUCCESS: Uploaded accommodation_bookings record no 67   
2023-02-10 18:49:46,430  |  DEBUG  |  ---------------------------------  
2023-02-10 18:49:46,431  |  DEBUG  |  ---------------------------------  
2023-02-10 18:49:46,432  |  INFO  |  INSERT SUCCESS: Uploaded accommodation_bookings record no 68   
2023-02-10 18:49:46,432  |  DEBUG  |  ---------------------------------  
2023-02-10 18:49:46,434  |  DEBUG  |  ---------------------------------  
2023-02-10 18:49:46,435  |  INFO  |  INSERT SUCCESS: Uploaded accommodation_bookings record no 69   
2023-02-10 18:49:46,436  |  DEBUG  |  ---------------------------------  
2023-02-10 18:49:46,437  |  DEBUG  |  ---------------------------------  
2023-02-10 18:49:46,438  |  INFO  |  INSERT SUCCESS: Uploaded accommodation_bookings record no 70   
2023-02-10 18:49:46,439  |  DEBUG  |  ---------------------------------  
2023-02-10 18:49:46,440  |  DEBUG  |  ---------------------------------  
2023-02-10 18:49:46,441  |  INFO  |  INSERT SUCCESS: Uploaded accommodation_bookings record no 71   
2023-02-10 18:49:46,441  |  DEBUG  |  ---------------------------------  
2023-02-10 18:49:46,443  |  DEBUG  |  ---------------------------------  
2023-02-10 18:49:46,443  |  INFO  |  INSERT SUCCESS: Uploaded accommodation_bookings record no 72   
2023-02-10 18:49:46,444  |  DEBUG  |  ---------------------------------  
2023-02-10 18:49:46,445  |  DEBUG  |  ---------------------------------  
2023-02-10 18:49:46,446  |  INFO  |  INSERT SUCCESS: Uploaded accommodation_bookings record no 73   
2023-02-10 18:49:46,446  |  DEBUG  |  ---------------------------------  
2023-02-10 18:49:46,447  |  DEBUG  |  ---------------------------------  
2023-02-10 18:49:46,448  |  INFO  |  INSERT SUCCESS: Uploaded accommodation_bookings record no 74   
2023-02-10 18:49:46,448  |  DEBUG  |  ---------------------------------  
2023-02-10 18:49:46,449  |  DEBUG  |  ---------------------------------  
2023-02-10 18:49:46,450  |  INFO  |  INSERT SUCCESS: Uploaded accommodation_bookings record no 75   
2023-02-10 18:49:46,451  |  DEBUG  |  ---------------------------------  
2023-02-10 18:49:46,453  |  DEBUG  |  ---------------------------------  
2023-02-10 18:49:46,453  |  INFO  |  INSERT SUCCESS: Uploaded accommodation_bookings record no 76   
2023-02-10 18:49:46,454  |  DEBUG  |  ---------------------------------  
2023-02-10 18:49:46,456  |  DEBUG  |  ---------------------------------  
2023-02-10 18:49:46,456  |  INFO  |  INSERT SUCCESS: Uploaded accommodation_bookings record no 77   
2023-02-10 18:49:46,457  |  DEBUG  |  ---------------------------------  
2023-02-10 18:49:46,458  |  DEBUG  |  ---------------------------------  
2023-02-10 18:49:46,458  |  INFO  |  INSERT SUCCESS: Uploaded accommodation_bookings record no 78   
2023-02-10 18:49:46,459  |  DEBUG  |  ---------------------------------  
2023-02-10 18:49:46,460  |  DEBUG  |  ---------------------------------  
2023-02-10 18:49:46,460  |  INFO  |  INSERT SUCCESS: Uploaded accommodation_bookings record no 79   
2023-02-10 18:49:46,461  |  DEBUG  |  ---------------------------------  
2023-02-10 18:49:46,462  |  DEBUG  |  ---------------------------------  
2023-02-10 18:49:46,462  |  INFO  |  INSERT SUCCESS: Uploaded accommodation_bookings record no 80   
2023-02-10 18:49:46,463  |  DEBUG  |  ---------------------------------  
2023-02-10 18:49:46,464  |  DEBUG  |  ---------------------------------  
2023-02-10 18:49:46,464  |  INFO  |  INSERT SUCCESS: Uploaded accommodation_bookings record no 81   
2023-02-10 18:49:46,465  |  DEBUG  |  ---------------------------------  
2023-02-10 18:49:46,467  |  DEBUG  |  ---------------------------------  
2023-02-10 18:49:46,468  |  INFO  |  INSERT SUCCESS: Uploaded accommodation_bookings record no 82   
2023-02-10 18:49:46,469  |  DEBUG  |  ---------------------------------  
2023-02-10 18:49:46,470  |  DEBUG  |  ---------------------------------  
2023-02-10 18:49:46,471  |  INFO  |  INSERT SUCCESS: Uploaded accommodation_bookings record no 83   
2023-02-10 18:49:46,472  |  DEBUG  |  ---------------------------------  
2023-02-10 18:49:46,473  |  DEBUG  |  ---------------------------------  
2023-02-10 18:49:46,474  |  INFO  |  INSERT SUCCESS: Uploaded accommodation_bookings record no 84   
2023-02-10 18:49:46,474  |  DEBUG  |  ---------------------------------  
2023-02-10 18:49:46,475  |  DEBUG  |  ---------------------------------  
2023-02-10 18:49:46,476  |  INFO  |  INSERT SUCCESS: Uploaded accommodation_bookings record no 85   
2023-02-10 18:49:46,476  |  DEBUG  |  ---------------------------------  
2023-02-10 18:49:46,477  |  DEBUG  |  ---------------------------------  
2023-02-10 18:49:46,477  |  INFO  |  INSERT SUCCESS: Uploaded accommodation_bookings record no 86   
2023-02-10 18:49:46,478  |  DEBUG  |  ---------------------------------  
2023-02-10 18:49:46,479  |  DEBUG  |  ---------------------------------  
2023-02-10 18:49:46,479  |  INFO  |  INSERT SUCCESS: Uploaded accommodation_bookings record no 87   
2023-02-10 18:49:46,480  |  DEBUG  |  ---------------------------------  
2023-02-10 18:49:46,481  |  DEBUG  |  ---------------------------------  
2023-02-10 18:49:46,481  |  INFO  |  INSERT SUCCESS: Uploaded accommodation_bookings record no 88   
2023-02-10 18:49:46,482  |  DEBUG  |  ---------------------------------  
2023-02-10 18:49:46,484  |  DEBUG  |  ---------------------------------  
2023-02-10 18:49:46,484  |  INFO  |  INSERT SUCCESS: Uploaded accommodation_bookings record no 89   
2023-02-10 18:49:46,485  |  DEBUG  |  ---------------------------------  
2023-02-10 18:49:46,488  |  DEBUG  |  ---------------------------------  
2023-02-10 18:49:46,488  |  INFO  |  INSERT SUCCESS: Uploaded accommodation_bookings record no 90   
2023-02-10 18:49:46,489  |  DEBUG  |  ---------------------------------  
2023-02-10 18:49:46,491  |  DEBUG  |  ---------------------------------  
2023-02-10 18:49:46,491  |  INFO  |  INSERT SUCCESS: Uploaded accommodation_bookings record no 91   
2023-02-10 18:49:46,492  |  DEBUG  |  ---------------------------------  
2023-02-10 18:49:46,494  |  DEBUG  |  ---------------------------------  
2023-02-10 18:49:46,494  |  INFO  |  INSERT SUCCESS: Uploaded accommodation_bookings record no 92   
2023-02-10 18:49:46,495  |  DEBUG  |  ---------------------------------  
2023-02-10 18:49:46,496  |  DEBUG  |  ---------------------------------  
2023-02-10 18:49:46,496  |  INFO  |  INSERT SUCCESS: Uploaded accommodation_bookings record no 93   
2023-02-10 18:49:46,497  |  DEBUG  |  ---------------------------------  
2023-02-10 18:49:46,498  |  DEBUG  |  ---------------------------------  
2023-02-10 18:49:46,498  |  INFO  |  INSERT SUCCESS: Uploaded accommodation_bookings record no 94   
2023-02-10 18:49:46,498  |  DEBUG  |  ---------------------------------  
2023-02-10 18:49:46,500  |  DEBUG  |  ---------------------------------  
2023-02-10 18:49:46,500  |  INFO  |  INSERT SUCCESS: Uploaded accommodation_bookings record no 95   
2023-02-10 18:49:46,501  |  DEBUG  |  ---------------------------------  
2023-02-10 18:49:46,503  |  DEBUG  |  ---------------------------------  
2023-02-10 18:49:46,504  |  INFO  |  INSERT SUCCESS: Uploaded accommodation_bookings record no 96   
2023-02-10 18:49:46,505  |  DEBUG  |  ---------------------------------  
2023-02-10 18:49:46,506  |  DEBUG  |  ---------------------------------  
2023-02-10 18:49:46,507  |  INFO  |  INSERT SUCCESS: Uploaded accommodation_bookings record no 97   
2023-02-10 18:49:46,507  |  DEBUG  |  ---------------------------------  
2023-02-10 18:49:46,509  |  DEBUG  |  ---------------------------------  
2023-02-10 18:49:46,509  |  INFO  |  INSERT SUCCESS: Uploaded accommodation_bookings record no 98   
2023-02-10 18:49:46,510  |  DEBUG  |  ---------------------------------  
2023-02-10 18:49:46,511  |  DEBUG  |  ---------------------------------  
2023-02-10 18:49:46,512  |  INFO  |  INSERT SUCCESS: Uploaded accommodation_bookings record no 99   
2023-02-10 18:49:46,512  |  DEBUG  |  ---------------------------------  
2023-02-10 18:49:46,513  |  DEBUG  |  ---------------------------------  
2023-02-10 18:49:46,514  |  INFO  |  INSERT SUCCESS: Uploaded accommodation_bookings record no 100   
2023-02-10 18:49:46,514  |  DEBUG  |  ---------------------------------  
2023-02-10 18:49:46,515  |  INFO  |  Rows after SQL insert in Postgres: 100   
2023-02-10 18:49:46,515  |  DEBUG  |    
2023-02-10 18:49:46,516  |  WARNING  |    
2023-02-10 18:49:46,517  |  WARNING  |    
2023-02-10 18:49:46,518  |  WARNING  |  ================================================  
2023-02-10 18:49:46,518  |  WARNING  |             SENSITIVE COLUMN IDENTIFICATION                
2023-02-10 18:49:46,520  |  WARNING  |  ================================================  
2023-02-10 18:49:46,520  |  WARNING  |    
2023-02-10 18:49:46,521  |  ERROR  |  IMPORTANT NOTE: Invest time in understanding the underlying data fields to avoid highlighting the incorrect fields or omitting fields containing confidential information.            
2023-02-10 18:49:46,522  |  ERROR  |    
2023-02-10 18:49:46,523  |  ERROR  |        Involving the relevant stakeholders in the process of identifying sensitive data fields from the source data is a crucial step to protecting confidential information.   
2023-02-10 18:49:46,524  |  ERROR  |    
2023-02-10 18:49:46,524  |  ERROR  |        Neglecting this step could expose customers and the wider company to serious harm (e.g. cybersecurity hacks, data breaches, unauthorized access to sensitive data), so approach this task with the utmost care.   
2023-02-10 18:49:46,525  |  WARNING  |    
2023-02-10 18:49:46,525  |  WARNING  |    
2023-02-10 18:49:46,526  |  WARNING  |    
2023-02-10 18:49:46,526  |  WARNING  |  Here are the sensitive columns in this table ...  
2023-02-10 18:49:46,526  |  WARNING  |  1 : customer_id    
2023-02-10 18:49:46,527  |  WARNING  |  2 : num_adults    
2023-02-10 18:49:46,528  |  WARNING  |  3 : num_children    
2023-02-10 18:49:46,528  |  WARNING  |  4 : sales_agent_id    
2023-02-10 18:49:46,529  |  WARNING  |    
2023-02-10 18:49:46,529  |  WARNING  |  You can list all columns for this table using:  
2023-02-10 18:49:46,530  |  WARNING  |                        
        SELECT * FROM information_schema.columns 
        WHERE   table_name = 'raw_accommodation_bookings_tbl'
        ORDER BY ordinal_position 
                          
2023-02-10 18:49:46,540  |  INFO  |    
2023-02-10 18:49:46,540  |  INFO  |    
2023-02-10 18:49:46,541  |  INFO  |  ================================================  
2023-02-10 18:49:46,541  |  INFO  |                DATA PROFILING METRICS                
2023-02-10 18:49:46,542  |  INFO  |  ================================================  
2023-02-10 18:49:46,542  |  INFO  |    
2023-02-10 18:49:46,543  |  INFO  |  Now calculating table statistics...  
2023-02-10 18:49:46,543  |  INFO  |    
2023-02-10 18:49:46,543  |  INFO  |    
2023-02-10 18:49:46,544  |  INFO  |  Number of rows in table:                     100   
2023-02-10 18:49:46,544  |  INFO  |  Number of columns in table:                  22   
2023-02-10 18:49:46,545  |  INFO  |    
2023-02-10 18:49:46,545  |  INFO  |  Successful records uploaded total :          100 / 100     
2023-02-10 18:49:46,546  |  INFO  |  Failed/Errored records uploaded total:       0 / 100         
2023-02-10 18:49:46,546  |  INFO  |    
2023-02-10 18:49:46,546  |  INFO  |  Successful records uploaded % :              100.0      
2023-02-10 18:49:46,547  |  INFO  |  Failed/Errored records uploaded %:           0.0         
2023-02-10 18:49:46,547  |  INFO  |    
2023-02-10 18:49:46,548  |  INFO  |  Number of unique records:                    100 / 100  
2023-02-10 18:49:46,549  |  INFO  |  Number of duplicate records:                 0 / 100  
2023-02-10 18:49:46,549  |  INFO  |    
2023-02-10 18:49:46,550  |  INFO  |  Unique records %:                            100.0   
2023-02-10 18:49:46,551  |  INFO  |  Duplicate records %:                         0.0   
2023-02-10 18:49:46,552  |  INFO  |    
2023-02-10 18:49:46,553  |  INFO  |  Column name: sales_agent_id,  Column no: 1,  Number of NULL values: 0   
2023-02-10 18:49:46,555  |  INFO  |  Column name: customer_id,  Column no: 2,  Number of NULL values: 0   
2023-02-10 18:49:46,557  |  INFO  |  Column name: total_price,  Column no: 3,  Number of NULL values: 0   
2023-02-10 18:49:46,558  |  INFO  |  Column name: created_at,  Column no: 4,  Number of NULL values: 0   
2023-02-10 18:49:46,559  |  INFO  |  Column name: updated_at,  Column no: 5,  Number of NULL values: 0   
2023-02-10 18:49:46,560  |  INFO  |  Column name: flight_booking_id,  Column no: 6,  Number of NULL values: 0   
2023-02-10 18:49:46,561  |  INFO  |  Column name: check_out_date,  Column no: 7,  Number of NULL values: 0   
2023-02-10 18:49:46,562  |  INFO  |  Column name: load_timestamp,  Column no: 8,  Number of NULL values: 0   
2023-02-10 18:49:46,562  |  INFO  |  Column name: id,  Column no: 9,  Number of NULL values: 0   
2023-02-10 18:49:46,563  |  INFO  |  Column name: num_adults,  Column no: 10,  Number of NULL values: 0   
2023-02-10 18:49:46,564  |  INFO  |  Column name: num_children,  Column no: 11,  Number of NULL values: 0   
2023-02-10 18:49:46,565  |  INFO  |  Column name: booking_date,  Column no: 12,  Number of NULL values: 0   
2023-02-10 18:49:46,566  |  INFO  |  Column name: check_in_date,  Column no: 13,  Number of NULL values: 0   
2023-02-10 18:49:46,568  |  INFO  |  Column name: dwh_layer,  Column no: 14,  Number of NULL values: 0   
2023-02-10 18:49:46,569  |  INFO  |  Column name: checked_in,  Column no: 15,  Number of NULL values: 0   
2023-02-10 18:49:46,571  |  INFO  |  Column name: confirmation_code,  Column no: 16,  Number of NULL values: 0   
2023-02-10 18:49:46,572  |  INFO  |  Column name: location,  Column no: 17,  Number of NULL values: 0   
2023-02-10 18:49:46,574  |  INFO  |  Column name: payment_method,  Column no: 18,  Number of NULL values: 0   
2023-02-10 18:49:46,574  |  INFO  |  Column name: room_type,  Column no: 19,  Number of NULL values: 0   
2023-02-10 18:49:46,575  |  INFO  |  Column name: status,  Column no: 20,  Number of NULL values: 0   
2023-02-10 18:49:46,576  |  INFO  |  Column name: source_system,  Column no: 21,  Number of NULL values: 0   
2023-02-10 18:49:46,577  |  INFO  |  Column name: source_file,  Column no: 22,  Number of NULL values: 0   
2023-02-10 18:49:46,578  |  INFO  |    
2023-02-10 18:49:46,578  |  INFO  |  ================================================  
2023-02-10 18:49:46,579  |  INFO  |    
2023-02-10 18:49:46,579  |  INFO  |  Now calculating performance statistics (from a Python standpoint)...  
2023-02-10 18:49:46,580  |  INFO  |    
2023-02-10 18:49:46,580  |  INFO  |    
2023-02-10 18:49:46,580  |  INFO  |  1. Execution time for CREATING schema: 8.138179779052734 ms   
2023-02-10 18:49:46,581  |  INFO  |    
2023-02-10 18:49:46,581  |  INFO  |    
2023-02-10 18:49:46,582  |  INFO  |  2. Execution time for CREATING schema (VAL CHECK): 23.860931396484375 ms   
2023-02-10 18:49:46,583  |  INFO  |    
2023-02-10 18:49:46,583  |  INFO  |    
2023-02-10 18:49:46,584  |  INFO  |  3. Execution time for DELETING schema:  11.004924774169922 ms   
2023-02-10 18:49:46,585  |  INFO  |    
2023-02-10 18:49:46,586  |  INFO  |    
2023-02-10 18:49:46,587  |  INFO  |  4. Execution time for DELETING schema (VAL CHECK):  11.080026626586914 ms   
2023-02-10 18:49:46,588  |  INFO  |    
2023-02-10 18:49:46,589  |  INFO  |    
2023-02-10 18:49:46,589  |  INFO  |  5. Execution time for CREATING table:  14.204263687133789 ms   
2023-02-10 18:49:46,590  |  INFO  |    
2023-02-10 18:49:46,591  |  INFO  |    
2023-02-10 18:49:46,591  |  INFO  |  6. Execution time for CREATING table (VAL CHECK):  1.789093017578125 ms   
2023-02-10 18:49:46,592  |  INFO  |    
2023-02-10 18:49:46,592  |  INFO  |    
2023-02-10 18:49:46,593  |  INFO  |  7. Execution time for ADDING data lineage:  6.99615478515625 ms   
2023-02-10 18:49:46,593  |  INFO  |    
2023-02-10 18:49:46,594  |  INFO  |    
2023-02-10 18:49:46,594  |  INFO  |  8. Execution time for ADDING data lineage (VAL CHECK):  33.00905227661133 ms   
2023-02-10 18:49:46,595  |  INFO  |    
2023-02-10 18:49:46,595  |  INFO  |    
2023-02-10 18:49:46,596  |  INFO  |  9. Execution time for INSERTING rows to table:  278.6831855773926 ms   
2023-02-10 18:49:46,597  |  INFO  |    
2023-02-10 18:49:46,597  |  INFO  |    
2023-02-10 18:49:46,598  |  INFO  |  10. Execution time for COUNTING uploaded rows to table:  1.0042190551757812 ms   
2023-02-10 18:49:46,598  |  INFO  |    
2023-02-10 18:49:46,599  |  INFO  |    
2023-02-10 18:49:46,600  |  INFO  |    
2023-02-10 18:49:46,600  |  INFO  |  ================================================  
2023-02-10 18:49:46,601  |  DEBUG  |    
2023-02-10 18:49:46,602  |  INFO  |  DATA VALIDATION SUCCESS: All general DQ checks passed!   
2023-02-10 18:49:46,603  |  DEBUG  |    
2023-02-10 18:49:46,603  |  INFO  |  Now saving changes made by SQL statements to Postgres DB....  
2023-02-10 18:49:46,613  |  INFO  |  Saved successfully, now terminating cursor and current session....  
2023-02-10 18:49:46,614  |  DEBUG  |    
2023-02-10 18:49:46,614  |  DEBUG  |  Cursor closed successfully.  
2023-02-10 18:49:46,616  |  DEBUG  |  Session connected to Postgres database closed.  
