2023-02-10 22:35:12,535  |  INFO  |    
2023-02-10 22:35:12,536  |  INFO  |  ---------------------------------------------  
2023-02-10 22:35:12,536  |  INFO  |  Beginning the source data extraction process...  
2023-02-10 22:35:12,538  |  INFO  |  Successfully located 'flight_promotion_deals.json'  
2023-02-10 22:35:12,538  |  INFO  |  File type: '<class 'list'>'  
2023-02-10 22:35:12,669  |  DEBUG  |    
2023-02-10 22:35:12,669  |  INFO  |  =================================================================================  
2023-02-10 22:35:12,669  |  INFO  |  CONNECTION SUCCESS: Managed to connect successfully to the raw_db database!!  
2023-02-10 22:35:12,670  |  INFO  |  Connection details: user=postgres password=xxx dbname=raw_db host=localhost port=5434   
2023-02-10 22:35:12,671  |  INFO  |  =================================================================================  
2023-02-10 22:35:12,671  |  DEBUG  |    
2023-02-10 22:35:12,699  |  DEBUG  |    
2023-02-10 22:35:12,700  |  INFO  |  =================================================================================================  
2023-02-10 22:35:12,700  |  INFO  |  SCHEMA CREATION SUCCESS: Managed to create main schema in raw_db   
2023-02-10 22:35:12,701  |  INFO  |  Schema name in Postgres: main   
2023-02-10 22:35:12,702  |  INFO  |  SQL Query for validation check:     SELECT schema_name from information_schema.schemata WHERE schema_name= 'main';
           
2023-02-10 22:35:12,703  |  INFO  |  =================================================================================================  
2023-02-10 22:35:12,703  |  DEBUG  |    
2023-02-10 22:35:12,728  |  DEBUG  |    
2023-02-10 22:35:12,729  |  ERROR  |  ==========================================================================================================================================================================  
2023-02-10 22:35:12,729  |  ERROR  |  TABLE DELETION FAILURE: Unable to delete raw_flight_promotion_deals_tbl. This table may have objects that depend on it (use DROP TABLE ... CASCADE to resolve) or it doesn't exist.   
2023-02-10 22:35:12,730  |  ERROR  |  SQL Query for validation check:     SELECT EXISTS (SELECT 1 FROM information_schema.tables WHERE table_name = 'raw_flight_promotion_deals_tbl' );
           
2023-02-10 22:35:12,730  |  ERROR  |  ==========================================================================================================================================================================  
2023-02-10 22:35:12,730  |  DEBUG  |    
2023-02-10 22:35:12,755  |  DEBUG  |    
2023-02-10 22:35:12,756  |  INFO  |  =============================================================================================================================================================================  
2023-02-10 22:35:12,756  |  INFO  |  TABLE CREATION SUCCESS: Managed to create raw_flight_promotion_deals_tbl table in raw_db.    
2023-02-10 22:35:12,757  |  INFO  |  SQL Query for validation check:         SELECT EXISTS (SELECT 1 FROM information_schema.tables WHERE table_name = 'raw_flight_promotion_deals_tbl' );
           
2023-02-10 22:35:12,757  |  INFO  |  =============================================================================================================================================================================  
2023-02-10 22:35:12,757  |  DEBUG  |    
2023-02-10 22:35:12,801  |  DEBUG  |    
2023-02-10 22:35:12,801  |  INFO  |  =============================================================================================================================================================================  
2023-02-10 22:35:12,802  |  INFO  |  DATA LINEAGE FIELDS CREATION SUCCESS: Managed to create data lineage columns in main.raw_flight_promotion_deals_tbl.    
2023-02-10 22:35:12,802  |  INFO  |  SQL Query for validation check:          
                                                                    SELECT * 
                                                                    FROM    information_schema.columns 
                                                                    WHERE   table_name      = 'raw_flight_promotion_deals_tbl' 
                                                                        AND     (column_name    = 'created_at'
                                                                        OR      column_name     = 'updated_at' 
                                                                        OR      column_name     = 'source_system' 
                                                                        OR      column_name     = 'source_file' 
                                                                        OR      column_name     = 'load_timestamp' 
                                                                        OR      column_name     = 'dwh_layer');
                                                                              
           
2023-02-10 22:35:12,804  |  INFO  |  =============================================================================================================================================================================  
2023-02-10 22:35:12,804  |  DEBUG  |    
2023-02-10 22:35:12,809  |  INFO  |  Rows before SQL insert in Postgres: 0   
2023-02-10 22:35:12,809  |  DEBUG  |    
2023-02-10 22:35:12,816  |  DEBUG  |  ---------------------------------  
2023-02-10 22:35:12,816  |  INFO  |  INSERT SUCCESS: Uploaded flight_promotion_deals record no 1   
2023-02-10 22:35:12,817  |  DEBUG  |  ---------------------------------  
2023-02-10 22:35:12,818  |  DEBUG  |  ---------------------------------  
2023-02-10 22:35:12,819  |  INFO  |  INSERT SUCCESS: Uploaded flight_promotion_deals record no 2   
2023-02-10 22:35:12,819  |  DEBUG  |  ---------------------------------  
2023-02-10 22:35:12,820  |  DEBUG  |  ---------------------------------  
2023-02-10 22:35:12,820  |  INFO  |  INSERT SUCCESS: Uploaded flight_promotion_deals record no 3   
2023-02-10 22:35:12,821  |  DEBUG  |  ---------------------------------  
2023-02-10 22:35:12,822  |  DEBUG  |  ---------------------------------  
2023-02-10 22:35:12,823  |  INFO  |  INSERT SUCCESS: Uploaded flight_promotion_deals record no 4   
2023-02-10 22:35:12,823  |  DEBUG  |  ---------------------------------  
2023-02-10 22:35:12,824  |  DEBUG  |  ---------------------------------  
2023-02-10 22:35:12,825  |  INFO  |  INSERT SUCCESS: Uploaded flight_promotion_deals record no 5   
2023-02-10 22:35:12,825  |  DEBUG  |  ---------------------------------  
2023-02-10 22:35:12,827  |  DEBUG  |  ---------------------------------  
2023-02-10 22:35:12,827  |  INFO  |  INSERT SUCCESS: Uploaded flight_promotion_deals record no 6   
2023-02-10 22:35:12,827  |  DEBUG  |  ---------------------------------  
2023-02-10 22:35:12,830  |  DEBUG  |  ---------------------------------  
2023-02-10 22:35:12,830  |  INFO  |  INSERT SUCCESS: Uploaded flight_promotion_deals record no 7   
2023-02-10 22:35:12,830  |  DEBUG  |  ---------------------------------  
2023-02-10 22:35:12,831  |  DEBUG  |  ---------------------------------  
2023-02-10 22:35:12,832  |  INFO  |  INSERT SUCCESS: Uploaded flight_promotion_deals record no 8   
2023-02-10 22:35:12,832  |  DEBUG  |  ---------------------------------  
2023-02-10 22:35:12,833  |  DEBUG  |  ---------------------------------  
2023-02-10 22:35:12,834  |  INFO  |  INSERT SUCCESS: Uploaded flight_promotion_deals record no 9   
2023-02-10 22:35:12,834  |  DEBUG  |  ---------------------------------  
2023-02-10 22:35:12,835  |  DEBUG  |  ---------------------------------  
2023-02-10 22:35:12,836  |  INFO  |  INSERT SUCCESS: Uploaded flight_promotion_deals record no 10   
2023-02-10 22:35:12,836  |  DEBUG  |  ---------------------------------  
2023-02-10 22:35:12,837  |  DEBUG  |  ---------------------------------  
2023-02-10 22:35:12,838  |  INFO  |  INSERT SUCCESS: Uploaded flight_promotion_deals record no 11   
2023-02-10 22:35:12,839  |  DEBUG  |  ---------------------------------  
2023-02-10 22:35:12,840  |  DEBUG  |  ---------------------------------  
2023-02-10 22:35:12,840  |  INFO  |  INSERT SUCCESS: Uploaded flight_promotion_deals record no 12   
2023-02-10 22:35:12,841  |  DEBUG  |  ---------------------------------  
2023-02-10 22:35:12,841  |  DEBUG  |  ---------------------------------  
2023-02-10 22:35:12,842  |  INFO  |  INSERT SUCCESS: Uploaded flight_promotion_deals record no 13   
2023-02-10 22:35:12,843  |  DEBUG  |  ---------------------------------  
2023-02-10 22:35:12,844  |  DEBUG  |  ---------------------------------  
2023-02-10 22:35:12,845  |  INFO  |  INSERT SUCCESS: Uploaded flight_promotion_deals record no 14   
2023-02-10 22:35:12,846  |  DEBUG  |  ---------------------------------  
2023-02-10 22:35:12,848  |  DEBUG  |  ---------------------------------  
2023-02-10 22:35:12,848  |  INFO  |  INSERT SUCCESS: Uploaded flight_promotion_deals record no 15   
2023-02-10 22:35:12,848  |  DEBUG  |  ---------------------------------  
2023-02-10 22:35:12,850  |  DEBUG  |  ---------------------------------  
2023-02-10 22:35:12,850  |  INFO  |  INSERT SUCCESS: Uploaded flight_promotion_deals record no 16   
2023-02-10 22:35:12,851  |  DEBUG  |  ---------------------------------  
2023-02-10 22:35:12,852  |  DEBUG  |  ---------------------------------  
2023-02-10 22:35:12,852  |  INFO  |  INSERT SUCCESS: Uploaded flight_promotion_deals record no 17   
2023-02-10 22:35:12,852  |  DEBUG  |  ---------------------------------  
2023-02-10 22:35:12,853  |  DEBUG  |  ---------------------------------  
2023-02-10 22:35:12,854  |  INFO  |  INSERT SUCCESS: Uploaded flight_promotion_deals record no 18   
2023-02-10 22:35:12,855  |  DEBUG  |  ---------------------------------  
2023-02-10 22:35:12,856  |  DEBUG  |  ---------------------------------  
2023-02-10 22:35:12,856  |  INFO  |  INSERT SUCCESS: Uploaded flight_promotion_deals record no 19   
2023-02-10 22:35:12,856  |  DEBUG  |  ---------------------------------  
2023-02-10 22:35:12,857  |  DEBUG  |  ---------------------------------  
2023-02-10 22:35:12,858  |  INFO  |  INSERT SUCCESS: Uploaded flight_promotion_deals record no 20   
2023-02-10 22:35:12,858  |  DEBUG  |  ---------------------------------  
2023-02-10 22:35:12,860  |  DEBUG  |  ---------------------------------  
2023-02-10 22:35:12,861  |  INFO  |  INSERT SUCCESS: Uploaded flight_promotion_deals record no 21   
2023-02-10 22:35:12,861  |  DEBUG  |  ---------------------------------  
2023-02-10 22:35:12,863  |  DEBUG  |  ---------------------------------  
2023-02-10 22:35:12,864  |  INFO  |  INSERT SUCCESS: Uploaded flight_promotion_deals record no 22   
2023-02-10 22:35:12,864  |  DEBUG  |  ---------------------------------  
2023-02-10 22:35:12,865  |  DEBUG  |  ---------------------------------  
2023-02-10 22:35:12,866  |  INFO  |  INSERT SUCCESS: Uploaded flight_promotion_deals record no 23   
2023-02-10 22:35:12,866  |  DEBUG  |  ---------------------------------  
2023-02-10 22:35:12,867  |  DEBUG  |  ---------------------------------  
2023-02-10 22:35:12,867  |  INFO  |  INSERT SUCCESS: Uploaded flight_promotion_deals record no 24   
2023-02-10 22:35:12,868  |  DEBUG  |  ---------------------------------  
2023-02-10 22:35:12,869  |  DEBUG  |  ---------------------------------  
2023-02-10 22:35:12,869  |  INFO  |  INSERT SUCCESS: Uploaded flight_promotion_deals record no 25   
2023-02-10 22:35:12,870  |  DEBUG  |  ---------------------------------  
2023-02-10 22:35:12,871  |  DEBUG  |  ---------------------------------  
2023-02-10 22:35:12,871  |  INFO  |  INSERT SUCCESS: Uploaded flight_promotion_deals record no 26   
2023-02-10 22:35:12,872  |  DEBUG  |  ---------------------------------  
2023-02-10 22:35:12,873  |  DEBUG  |  ---------------------------------  
2023-02-10 22:35:12,873  |  INFO  |  INSERT SUCCESS: Uploaded flight_promotion_deals record no 27   
2023-02-10 22:35:12,874  |  DEBUG  |  ---------------------------------  
2023-02-10 22:35:12,875  |  DEBUG  |  ---------------------------------  
2023-02-10 22:35:12,875  |  INFO  |  INSERT SUCCESS: Uploaded flight_promotion_deals record no 28   
2023-02-10 22:35:12,876  |  DEBUG  |  ---------------------------------  
2023-02-10 22:35:12,877  |  DEBUG  |  ---------------------------------  
2023-02-10 22:35:12,878  |  INFO  |  INSERT SUCCESS: Uploaded flight_promotion_deals record no 29   
2023-02-10 22:35:12,879  |  DEBUG  |  ---------------------------------  
2023-02-10 22:35:12,880  |  DEBUG  |  ---------------------------------  
2023-02-10 22:35:12,881  |  INFO  |  INSERT SUCCESS: Uploaded flight_promotion_deals record no 30   
2023-02-10 22:35:12,881  |  DEBUG  |  ---------------------------------  
2023-02-10 22:35:12,883  |  DEBUG  |  ---------------------------------  
2023-02-10 22:35:12,883  |  INFO  |  INSERT SUCCESS: Uploaded flight_promotion_deals record no 31   
2023-02-10 22:35:12,884  |  DEBUG  |  ---------------------------------  
2023-02-10 22:35:12,885  |  DEBUG  |  ---------------------------------  
2023-02-10 22:35:12,885  |  INFO  |  INSERT SUCCESS: Uploaded flight_promotion_deals record no 32   
2023-02-10 22:35:12,885  |  DEBUG  |  ---------------------------------  
2023-02-10 22:35:12,886  |  DEBUG  |  ---------------------------------  
2023-02-10 22:35:12,887  |  INFO  |  INSERT SUCCESS: Uploaded flight_promotion_deals record no 33   
2023-02-10 22:35:12,887  |  DEBUG  |  ---------------------------------  
2023-02-10 22:35:12,888  |  DEBUG  |  ---------------------------------  
2023-02-10 22:35:12,888  |  INFO  |  INSERT SUCCESS: Uploaded flight_promotion_deals record no 34   
2023-02-10 22:35:12,889  |  DEBUG  |  ---------------------------------  
2023-02-10 22:35:12,890  |  DEBUG  |  ---------------------------------  
2023-02-10 22:35:12,890  |  INFO  |  INSERT SUCCESS: Uploaded flight_promotion_deals record no 35   
2023-02-10 22:35:12,891  |  DEBUG  |  ---------------------------------  
2023-02-10 22:35:12,892  |  DEBUG  |  ---------------------------------  
2023-02-10 22:35:12,893  |  INFO  |  INSERT SUCCESS: Uploaded flight_promotion_deals record no 36   
2023-02-10 22:35:12,894  |  DEBUG  |  ---------------------------------  
2023-02-10 22:35:12,895  |  DEBUG  |  ---------------------------------  
2023-02-10 22:35:12,896  |  INFO  |  INSERT SUCCESS: Uploaded flight_promotion_deals record no 37   
2023-02-10 22:35:12,896  |  DEBUG  |  ---------------------------------  
2023-02-10 22:35:12,897  |  DEBUG  |  ---------------------------------  
2023-02-10 22:35:12,898  |  INFO  |  INSERT SUCCESS: Uploaded flight_promotion_deals record no 38   
2023-02-10 22:35:12,898  |  DEBUG  |  ---------------------------------  
2023-02-10 22:35:12,899  |  DEBUG  |  ---------------------------------  
2023-02-10 22:35:12,900  |  INFO  |  INSERT SUCCESS: Uploaded flight_promotion_deals record no 39   
2023-02-10 22:35:12,901  |  DEBUG  |  ---------------------------------  
2023-02-10 22:35:12,902  |  DEBUG  |  ---------------------------------  
2023-02-10 22:35:12,902  |  INFO  |  INSERT SUCCESS: Uploaded flight_promotion_deals record no 40   
2023-02-10 22:35:12,903  |  DEBUG  |  ---------------------------------  
2023-02-10 22:35:12,905  |  DEBUG  |  ---------------------------------  
2023-02-10 22:35:12,906  |  INFO  |  INSERT SUCCESS: Uploaded flight_promotion_deals record no 41   
2023-02-10 22:35:12,906  |  DEBUG  |  ---------------------------------  
2023-02-10 22:35:12,907  |  DEBUG  |  ---------------------------------  
2023-02-10 22:35:12,908  |  INFO  |  INSERT SUCCESS: Uploaded flight_promotion_deals record no 42   
2023-02-10 22:35:12,908  |  DEBUG  |  ---------------------------------  
2023-02-10 22:35:12,910  |  DEBUG  |  ---------------------------------  
2023-02-10 22:35:12,910  |  INFO  |  INSERT SUCCESS: Uploaded flight_promotion_deals record no 43   
2023-02-10 22:35:12,911  |  DEBUG  |  ---------------------------------  
2023-02-10 22:35:12,913  |  DEBUG  |  ---------------------------------  
2023-02-10 22:35:12,913  |  INFO  |  INSERT SUCCESS: Uploaded flight_promotion_deals record no 44   
2023-02-10 22:35:12,914  |  DEBUG  |  ---------------------------------  
2023-02-10 22:35:12,916  |  DEBUG  |  ---------------------------------  
2023-02-10 22:35:12,916  |  INFO  |  INSERT SUCCESS: Uploaded flight_promotion_deals record no 45   
2023-02-10 22:35:12,917  |  DEBUG  |  ---------------------------------  
2023-02-10 22:35:12,918  |  DEBUG  |  ---------------------------------  
2023-02-10 22:35:12,918  |  INFO  |  INSERT SUCCESS: Uploaded flight_promotion_deals record no 46   
2023-02-10 22:35:12,919  |  DEBUG  |  ---------------------------------  
2023-02-10 22:35:12,920  |  DEBUG  |  ---------------------------------  
2023-02-10 22:35:12,920  |  INFO  |  INSERT SUCCESS: Uploaded flight_promotion_deals record no 47   
2023-02-10 22:35:12,921  |  DEBUG  |  ---------------------------------  
2023-02-10 22:35:12,922  |  DEBUG  |  ---------------------------------  
2023-02-10 22:35:12,922  |  INFO  |  INSERT SUCCESS: Uploaded flight_promotion_deals record no 48   
2023-02-10 22:35:12,923  |  DEBUG  |  ---------------------------------  
2023-02-10 22:35:12,924  |  DEBUG  |  ---------------------------------  
2023-02-10 22:35:12,924  |  INFO  |  INSERT SUCCESS: Uploaded flight_promotion_deals record no 49   
2023-02-10 22:35:12,925  |  DEBUG  |  ---------------------------------  
2023-02-10 22:35:12,926  |  DEBUG  |  ---------------------------------  
2023-02-10 22:35:12,927  |  INFO  |  INSERT SUCCESS: Uploaded flight_promotion_deals record no 50   
2023-02-10 22:35:12,927  |  DEBUG  |  ---------------------------------  
2023-02-10 22:35:12,928  |  DEBUG  |  ---------------------------------  
2023-02-10 22:35:12,929  |  INFO  |  INSERT SUCCESS: Uploaded flight_promotion_deals record no 51   
2023-02-10 22:35:12,929  |  DEBUG  |  ---------------------------------  
2023-02-10 22:35:12,931  |  DEBUG  |  ---------------------------------  
2023-02-10 22:35:12,931  |  INFO  |  INSERT SUCCESS: Uploaded flight_promotion_deals record no 52   
2023-02-10 22:35:12,932  |  DEBUG  |  ---------------------------------  
2023-02-10 22:35:12,933  |  DEBUG  |  ---------------------------------  
2023-02-10 22:35:12,933  |  INFO  |  INSERT SUCCESS: Uploaded flight_promotion_deals record no 53   
2023-02-10 22:35:12,934  |  DEBUG  |  ---------------------------------  
2023-02-10 22:35:12,935  |  DEBUG  |  ---------------------------------  
2023-02-10 22:35:12,935  |  INFO  |  INSERT SUCCESS: Uploaded flight_promotion_deals record no 54   
2023-02-10 22:35:12,936  |  DEBUG  |  ---------------------------------  
2023-02-10 22:35:12,937  |  DEBUG  |  ---------------------------------  
2023-02-10 22:35:12,937  |  INFO  |  INSERT SUCCESS: Uploaded flight_promotion_deals record no 55   
2023-02-10 22:35:12,938  |  DEBUG  |  ---------------------------------  
2023-02-10 22:35:12,938  |  DEBUG  |  ---------------------------------  
2023-02-10 22:35:12,939  |  INFO  |  INSERT SUCCESS: Uploaded flight_promotion_deals record no 56   
2023-02-10 22:35:12,939  |  DEBUG  |  ---------------------------------  
2023-02-10 22:35:12,941  |  DEBUG  |  ---------------------------------  
2023-02-10 22:35:12,941  |  INFO  |  INSERT SUCCESS: Uploaded flight_promotion_deals record no 57   
2023-02-10 22:35:12,942  |  DEBUG  |  ---------------------------------  
2023-02-10 22:35:12,943  |  DEBUG  |  ---------------------------------  
2023-02-10 22:35:12,944  |  INFO  |  INSERT SUCCESS: Uploaded flight_promotion_deals record no 58   
2023-02-10 22:35:12,944  |  DEBUG  |  ---------------------------------  
2023-02-10 22:35:12,946  |  DEBUG  |  ---------------------------------  
2023-02-10 22:35:12,946  |  INFO  |  INSERT SUCCESS: Uploaded flight_promotion_deals record no 59   
2023-02-10 22:35:12,946  |  DEBUG  |  ---------------------------------  
2023-02-10 22:35:12,948  |  DEBUG  |  ---------------------------------  
2023-02-10 22:35:12,949  |  INFO  |  INSERT SUCCESS: Uploaded flight_promotion_deals record no 60   
2023-02-10 22:35:12,949  |  DEBUG  |  ---------------------------------  
2023-02-10 22:35:12,950  |  DEBUG  |  ---------------------------------  
2023-02-10 22:35:12,950  |  INFO  |  INSERT SUCCESS: Uploaded flight_promotion_deals record no 61   
2023-02-10 22:35:12,951  |  DEBUG  |  ---------------------------------  
2023-02-10 22:35:12,953  |  DEBUG  |  ---------------------------------  
2023-02-10 22:35:12,953  |  INFO  |  INSERT SUCCESS: Uploaded flight_promotion_deals record no 62   
2023-02-10 22:35:12,953  |  DEBUG  |  ---------------------------------  
2023-02-10 22:35:12,954  |  DEBUG  |  ---------------------------------  
2023-02-10 22:35:12,955  |  INFO  |  INSERT SUCCESS: Uploaded flight_promotion_deals record no 63   
2023-02-10 22:35:12,955  |  DEBUG  |  ---------------------------------  
2023-02-10 22:35:12,956  |  INFO  |  Rows after SQL insert in Postgres: 63   
2023-02-10 22:35:12,957  |  DEBUG  |    
2023-02-10 22:35:12,957  |  WARNING  |    
2023-02-10 22:35:12,957  |  WARNING  |    
2023-02-10 22:35:12,958  |  WARNING  |  ================================================  
2023-02-10 22:35:12,958  |  WARNING  |             SENSITIVE COLUMN IDENTIFICATION                
2023-02-10 22:35:12,959  |  WARNING  |  ================================================  
2023-02-10 22:35:12,959  |  WARNING  |    
2023-02-10 22:35:12,960  |  ERROR  |  IMPORTANT NOTE: Invest time in understanding the underlying data fields to avoid highlighting the incorrect fields or omitting fields containing confidential information.            
2023-02-10 22:35:12,961  |  ERROR  |    
2023-02-10 22:35:12,961  |  ERROR  |        Involving the relevant stakeholders in the process of identifying sensitive data fields from the source data is a crucial step to protecting confidential information.   
2023-02-10 22:35:12,962  |  ERROR  |    
2023-02-10 22:35:12,963  |  ERROR  |        Neglecting this step could expose customers and the wider company to serious harm (e.g. cybersecurity hacks, data breaches, unauthorized access to sensitive data), so approach this task with the utmost care.   
2023-02-10 22:35:12,963  |  WARNING  |    
2023-02-10 22:35:12,964  |  WARNING  |    
2023-02-10 22:35:12,964  |  WARNING  |  Now beginning the sensitive column identification stage ...  
2023-02-10 22:35:12,965  |  WARNING  |    
2023-02-10 22:35:12,965  |  ERROR  |  There are no sensitive columns for the 'raw_flight_promotion_deals_tbl' table   
2023-02-10 22:35:12,966  |  WARNING  |    
2023-02-10 22:35:12,966  |  WARNING  |  1 : 'None'    
2023-02-10 22:35:12,967  |  WARNING  |    
2023-02-10 22:35:12,967  |  WARNING  |  Now terminating the sensitive column identification stage ...  
2023-02-10 22:35:12,967  |  WARNING  |  Sensitive column identification stage ended.   
2023-02-10 22:35:12,968  |  WARNING  |    
2023-02-10 22:35:12,968  |  WARNING  |    
2023-02-10 22:35:12,969  |  WARNING  |    
2023-02-10 22:35:12,980  |  INFO  |    
2023-02-10 22:35:12,981  |  INFO  |    
2023-02-10 22:35:12,981  |  INFO  |  ================================================  
2023-02-10 22:35:12,982  |  INFO  |                DATA PROFILING METRICS                
2023-02-10 22:35:12,982  |  INFO  |  ================================================  
2023-02-10 22:35:12,983  |  INFO  |    
2023-02-10 22:35:12,983  |  INFO  |  Now calculating table statistics...  
2023-02-10 22:35:12,983  |  INFO  |    
2023-02-10 22:35:12,984  |  INFO  |    
2023-02-10 22:35:12,984  |  INFO  |  Table name:                                  raw_flight_promotion_deals_tbl   
2023-02-10 22:35:12,985  |  INFO  |  Schema name:                                 main   
2023-02-10 22:35:12,985  |  INFO  |  Database name:                               raw_db   
2023-02-10 22:35:12,986  |  INFO  |  Data warehouse layer:                        RAW   
2023-02-10 22:35:12,986  |  INFO  |    
2023-02-10 22:35:12,987  |  INFO  |    
2023-02-10 22:35:12,987  |  INFO  |  Number of rows in table:                     63   
2023-02-10 22:35:12,988  |  INFO  |  Number of columns in table:                  10   
2023-02-10 22:35:12,988  |  INFO  |    
2023-02-10 22:35:12,988  |  INFO  |  Successful records uploaded total :          63 / 63     
2023-02-10 22:35:12,989  |  INFO  |  Failed/Errored records uploaded total:       0 / 63         
2023-02-10 22:35:12,989  |  INFO  |    
2023-02-10 22:35:12,990  |  INFO  |  Successful records uploaded % :              100.0      
2023-02-10 22:35:12,990  |  INFO  |  Failed/Errored records uploaded %:           0.0         
2023-02-10 22:35:12,990  |  INFO  |    
2023-02-10 22:35:12,991  |  INFO  |  Number of unique records:                    63 / 63  
2023-02-10 22:35:12,991  |  INFO  |  Number of duplicate records:                 0 / 63  
2023-02-10 22:35:12,992  |  INFO  |    
2023-02-10 22:35:12,992  |  INFO  |  Unique records %:                            100.0   
2023-02-10 22:35:12,993  |  INFO  |  Duplicate records %:                         0.0   
2023-02-10 22:35:12,993  |  INFO  |    
2023-02-10 22:35:12,995  |  INFO  |  Column name: promotion_id,  Column no: 1,  Number of NULL values: 0   
2023-02-10 22:35:12,996  |  INFO  |  Column name: flight_booking_id,  Column no: 2,  Number of NULL values: 0   
2023-02-10 22:35:12,997  |  INFO  |  Column name: promotion_name,  Column no: 3,  Number of NULL values: 0   
2023-02-10 22:35:12,999  |  INFO  |  Column name: applied_discount,  Column no: 4,  Number of NULL values: 0   
2023-02-10 22:35:12,999  |  INFO  |  Column name: created_at,  Column no: 5,  Number of NULL values: 0   
2023-02-10 22:35:13,000  |  INFO  |  Column name: updated_at,  Column no: 6,  Number of NULL values: 0   
2023-02-10 22:35:13,001  |  INFO  |  Column name: source_system,  Column no: 7,  Number of NULL values: 0   
2023-02-10 22:35:13,002  |  INFO  |  Column name: source_file,  Column no: 8,  Number of NULL values: 0   
2023-02-10 22:35:13,003  |  INFO  |  Column name: load_timestamp,  Column no: 9,  Number of NULL values: 0   
2023-02-10 22:35:13,004  |  INFO  |  Column name: dwh_layer,  Column no: 10,  Number of NULL values: 0   
2023-02-10 22:35:13,005  |  INFO  |    
2023-02-10 22:35:13,005  |  INFO  |  ================================================  
2023-02-10 22:35:13,005  |  INFO  |    
2023-02-10 22:35:13,006  |  INFO  |  Now calculating performance statistics (from a Python standpoint)...  
2023-02-10 22:35:13,006  |  INFO  |    
2023-02-10 22:35:13,007  |  INFO  |    
2023-02-10 22:35:13,007  |  INFO  |  1. Execution time for CREATING schema: 6.010770797729492 ms   
2023-02-10 22:35:13,007  |  INFO  |    
2023-02-10 22:35:13,008  |  INFO  |    
2023-02-10 22:35:13,008  |  INFO  |  2. Execution time for CREATING schema (VAL CHECK): 20.986080169677734 ms   
2023-02-10 22:35:13,009  |  INFO  |    
2023-02-10 22:35:13,009  |  INFO  |    
2023-02-10 22:35:13,010  |  INFO  |  3. Execution time for DELETING schema:  12.003898620605469 ms   
2023-02-10 22:35:13,010  |  INFO  |    
2023-02-10 22:35:13,011  |  INFO  |    
2023-02-10 22:35:13,011  |  INFO  |  4. Execution time for DELETING schema (VAL CHECK):  12.002706527709961 ms   
2023-02-10 22:35:13,012  |  INFO  |    
2023-02-10 22:35:13,013  |  INFO  |    
2023-02-10 22:35:13,014  |  INFO  |  5. Execution time for CREATING table:  23.00262451171875 ms   
2023-02-10 22:35:13,014  |  INFO  |    
2023-02-10 22:35:13,015  |  INFO  |    
2023-02-10 22:35:13,015  |  INFO  |  6. Execution time for CREATING table (VAL CHECK):  1.2187957763671875 ms   
2023-02-10 22:35:13,015  |  INFO  |    
2023-02-10 22:35:13,016  |  INFO  |    
2023-02-10 22:35:13,016  |  INFO  |  7. Execution time for ADDING data lineage:  4.994630813598633 ms   
2023-02-10 22:35:13,017  |  INFO  |    
2023-02-10 22:35:13,017  |  INFO  |    
2023-02-10 22:35:13,017  |  INFO  |  8. Execution time for ADDING data lineage (VAL CHECK):  38.00392150878906 ms   
2023-02-10 22:35:13,018  |  INFO  |    
2023-02-10 22:35:13,019  |  INFO  |    
2023-02-10 22:35:13,019  |  INFO  |  9. Execution time for INSERTING rows to table:  150.3593921661377 ms   
2023-02-10 22:35:13,020  |  INFO  |    
2023-02-10 22:35:13,020  |  INFO  |    
2023-02-10 22:35:13,021  |  INFO  |  10. Execution time for COUNTING uploaded rows to table:  0.0 ms   
2023-02-10 22:35:13,022  |  INFO  |    
2023-02-10 22:35:13,022  |  INFO  |    
2023-02-10 22:35:13,023  |  INFO  |    
2023-02-10 22:35:13,023  |  INFO  |  ================================================  
2023-02-10 22:35:13,024  |  DEBUG  |    
2023-02-10 22:35:13,024  |  INFO  |  DATA VALIDATION SUCCESS: All general DQ checks passed!   
2023-02-10 22:35:13,025  |  DEBUG  |    
2023-02-10 22:35:13,025  |  INFO  |  Now saving changes made by SQL statements to Postgres DB....  
2023-02-10 22:35:13,035  |  INFO  |  Saved successfully, now terminating cursor and current session....  
2023-02-10 22:35:13,035  |  DEBUG  |    
2023-02-10 22:35:13,036  |  DEBUG  |  Cursor closed successfully.  
2023-02-10 22:35:13,037  |  DEBUG  |  Session connected to Postgres database closed.  
