2023-02-10 23:09:51,066  |  INFO  |    
2023-02-10 23:09:51,067  |  INFO  |  ---------------------------------------------  
2023-02-10 23:09:51,068  |  INFO  |  Beginning the source data extraction process...  
2023-02-10 23:09:51,069  |  INFO  |  Successfully located 'flight_destinations.json'  
2023-02-10 23:09:51,070  |  INFO  |  File type: '<class 'list'>'  
2023-02-10 23:09:51,156  |  DEBUG  |    
2023-02-10 23:09:51,156  |  INFO  |  =================================================================================  
2023-02-10 23:09:51,157  |  INFO  |  CONNECTION SUCCESS: Managed to connect successfully to the raw_db database!!  
2023-02-10 23:09:51,157  |  INFO  |  Connection details: user=postgres password=xxx dbname=raw_db host=localhost port=5434   
2023-02-10 23:09:51,158  |  INFO  |  =================================================================================  
2023-02-10 23:09:51,158  |  DEBUG  |    
2023-02-10 23:09:51,179  |  DEBUG  |    
2023-02-10 23:09:51,180  |  INFO  |  =================================================================================================  
2023-02-10 23:09:51,180  |  INFO  |  SCHEMA CREATION SUCCESS: Managed to create main schema in raw_db   
2023-02-10 23:09:51,181  |  INFO  |  Schema name in Postgres: main   
2023-02-10 23:09:51,181  |  INFO  |  SQL Query for validation check:     SELECT schema_name from information_schema.schemata WHERE schema_name= 'main';
           
2023-02-10 23:09:51,182  |  INFO  |  =================================================================================================  
2023-02-10 23:09:51,183  |  DEBUG  |    
2023-02-10 23:09:51,204  |  DEBUG  |    
2023-02-10 23:09:51,205  |  ERROR  |  ==========================================================================================================================================================================  
2023-02-10 23:09:51,205  |  ERROR  |  TABLE DELETION FAILURE: Unable to delete raw_flight_destinations_tbl. This table may have objects that depend on it (use DROP TABLE ... CASCADE to resolve) or it doesn't exist.   
2023-02-10 23:09:51,206  |  ERROR  |  SQL Query for validation check:     SELECT EXISTS (SELECT 1 FROM information_schema.tables WHERE table_name = 'raw_flight_destinations_tbl' );
           
2023-02-10 23:09:51,207  |  ERROR  |  ==========================================================================================================================================================================  
2023-02-10 23:09:51,208  |  DEBUG  |    
2023-02-10 23:09:51,239  |  DEBUG  |    
2023-02-10 23:09:51,239  |  INFO  |  =============================================================================================================================================================================  
2023-02-10 23:09:51,240  |  INFO  |  TABLE CREATION SUCCESS: Managed to create raw_flight_destinations_tbl table in raw_db.    
2023-02-10 23:09:51,240  |  INFO  |  SQL Query for validation check:         SELECT EXISTS (SELECT 1 FROM information_schema.tables WHERE table_name = 'raw_flight_destinations_tbl' );
           
2023-02-10 23:09:51,241  |  INFO  |  =============================================================================================================================================================================  
2023-02-10 23:09:51,242  |  DEBUG  |    
2023-02-10 23:09:51,286  |  DEBUG  |    
2023-02-10 23:09:51,286  |  INFO  |  =============================================================================================================================================================================  
2023-02-10 23:09:51,287  |  INFO  |  DATA LINEAGE FIELDS CREATION SUCCESS: Managed to create data lineage columns in main.raw_flight_destinations_tbl.    
2023-02-10 23:09:51,287  |  INFO  |  SQL Query for validation check:          
                                                                    SELECT * 
                                                                    FROM    information_schema.columns 
                                                                    WHERE   table_name      = 'raw_flight_destinations_tbl' 
                                                                        AND     (column_name    = 'created_at'
                                                                        OR      column_name     = 'updated_at' 
                                                                        OR      column_name     = 'source_system' 
                                                                        OR      column_name     = 'source_file' 
                                                                        OR      column_name     = 'load_timestamp' 
                                                                        OR      column_name     = 'dwh_layer');
                                                                              
           
2023-02-10 23:09:51,289  |  INFO  |  =============================================================================================================================================================================  
2023-02-10 23:09:51,290  |  DEBUG  |    
2023-02-10 23:09:51,294  |  INFO  |  Rows before SQL insert in Postgres: 0   
2023-02-10 23:09:51,295  |  DEBUG  |    
2023-02-10 23:09:51,298  |  DEBUG  |  ---------------------------------  
2023-02-10 23:09:51,298  |  INFO  |  INSERT SUCCESS: Uploaded flight_destinations record no 1   
2023-02-10 23:09:51,299  |  DEBUG  |  ---------------------------------  
2023-02-10 23:09:51,300  |  DEBUG  |  ---------------------------------  
2023-02-10 23:09:51,300  |  INFO  |  INSERT SUCCESS: Uploaded flight_destinations record no 2   
2023-02-10 23:09:51,301  |  DEBUG  |  ---------------------------------  
2023-02-10 23:09:51,302  |  DEBUG  |  ---------------------------------  
2023-02-10 23:09:51,303  |  INFO  |  INSERT SUCCESS: Uploaded flight_destinations record no 3   
2023-02-10 23:09:51,303  |  DEBUG  |  ---------------------------------  
2023-02-10 23:09:51,304  |  DEBUG  |  ---------------------------------  
2023-02-10 23:09:51,305  |  INFO  |  INSERT SUCCESS: Uploaded flight_destinations record no 4   
2023-02-10 23:09:51,305  |  DEBUG  |  ---------------------------------  
2023-02-10 23:09:51,306  |  DEBUG  |  ---------------------------------  
2023-02-10 23:09:51,307  |  INFO  |  INSERT SUCCESS: Uploaded flight_destinations record no 5   
2023-02-10 23:09:51,308  |  DEBUG  |  ---------------------------------  
2023-02-10 23:09:51,309  |  DEBUG  |  ---------------------------------  
2023-02-10 23:09:51,309  |  INFO  |  INSERT SUCCESS: Uploaded flight_destinations record no 6   
2023-02-10 23:09:51,310  |  DEBUG  |  ---------------------------------  
2023-02-10 23:09:51,311  |  DEBUG  |  ---------------------------------  
2023-02-10 23:09:51,311  |  INFO  |  INSERT SUCCESS: Uploaded flight_destinations record no 7   
2023-02-10 23:09:51,312  |  DEBUG  |  ---------------------------------  
2023-02-10 23:09:51,313  |  DEBUG  |  ---------------------------------  
2023-02-10 23:09:51,314  |  INFO  |  INSERT SUCCESS: Uploaded flight_destinations record no 8   
2023-02-10 23:09:51,314  |  DEBUG  |  ---------------------------------  
2023-02-10 23:09:51,315  |  DEBUG  |  ---------------------------------  
2023-02-10 23:09:51,315  |  INFO  |  INSERT SUCCESS: Uploaded flight_destinations record no 9   
2023-02-10 23:09:51,316  |  DEBUG  |  ---------------------------------  
2023-02-10 23:09:51,317  |  DEBUG  |  ---------------------------------  
2023-02-10 23:09:51,318  |  INFO  |  INSERT SUCCESS: Uploaded flight_destinations record no 10   
2023-02-10 23:09:51,318  |  DEBUG  |  ---------------------------------  
2023-02-10 23:09:51,319  |  DEBUG  |  ---------------------------------  
2023-02-10 23:09:51,319  |  INFO  |  INSERT SUCCESS: Uploaded flight_destinations record no 11   
2023-02-10 23:09:51,320  |  DEBUG  |  ---------------------------------  
2023-02-10 23:09:51,321  |  DEBUG  |  ---------------------------------  
2023-02-10 23:09:51,322  |  INFO  |  INSERT SUCCESS: Uploaded flight_destinations record no 12   
2023-02-10 23:09:51,322  |  DEBUG  |  ---------------------------------  
2023-02-10 23:09:51,323  |  DEBUG  |  ---------------------------------  
2023-02-10 23:09:51,324  |  INFO  |  INSERT SUCCESS: Uploaded flight_destinations record no 13   
2023-02-10 23:09:51,324  |  DEBUG  |  ---------------------------------  
2023-02-10 23:09:51,326  |  DEBUG  |  ---------------------------------  
2023-02-10 23:09:51,326  |  INFO  |  INSERT SUCCESS: Uploaded flight_destinations record no 14   
2023-02-10 23:09:51,326  |  DEBUG  |  ---------------------------------  
2023-02-10 23:09:51,328  |  DEBUG  |  ---------------------------------  
2023-02-10 23:09:51,328  |  INFO  |  INSERT SUCCESS: Uploaded flight_destinations record no 15   
2023-02-10 23:09:51,329  |  DEBUG  |  ---------------------------------  
2023-02-10 23:09:51,330  |  DEBUG  |  ---------------------------------  
2023-02-10 23:09:51,331  |  INFO  |  INSERT SUCCESS: Uploaded flight_destinations record no 16   
2023-02-10 23:09:51,331  |  DEBUG  |  ---------------------------------  
2023-02-10 23:09:51,332  |  DEBUG  |  ---------------------------------  
2023-02-10 23:09:51,333  |  INFO  |  INSERT SUCCESS: Uploaded flight_destinations record no 17   
2023-02-10 23:09:51,333  |  DEBUG  |  ---------------------------------  
2023-02-10 23:09:51,335  |  DEBUG  |  ---------------------------------  
2023-02-10 23:09:51,335  |  INFO  |  INSERT SUCCESS: Uploaded flight_destinations record no 18   
2023-02-10 23:09:51,335  |  DEBUG  |  ---------------------------------  
2023-02-10 23:09:51,337  |  DEBUG  |  ---------------------------------  
2023-02-10 23:09:51,338  |  INFO  |  INSERT SUCCESS: Uploaded flight_destinations record no 19   
2023-02-10 23:09:51,338  |  DEBUG  |  ---------------------------------  
2023-02-10 23:09:51,340  |  DEBUG  |  ---------------------------------  
2023-02-10 23:09:51,340  |  INFO  |  INSERT SUCCESS: Uploaded flight_destinations record no 20   
2023-02-10 23:09:51,341  |  DEBUG  |  ---------------------------------  
2023-02-10 23:09:51,342  |  DEBUG  |  ---------------------------------  
2023-02-10 23:09:51,343  |  INFO  |  INSERT SUCCESS: Uploaded flight_destinations record no 21   
2023-02-10 23:09:51,344  |  DEBUG  |  ---------------------------------  
2023-02-10 23:09:51,345  |  DEBUG  |  ---------------------------------  
2023-02-10 23:09:51,345  |  INFO  |  INSERT SUCCESS: Uploaded flight_destinations record no 22   
2023-02-10 23:09:51,346  |  DEBUG  |  ---------------------------------  
2023-02-10 23:09:51,347  |  DEBUG  |  ---------------------------------  
2023-02-10 23:09:51,348  |  INFO  |  INSERT SUCCESS: Uploaded flight_destinations record no 23   
2023-02-10 23:09:51,348  |  DEBUG  |  ---------------------------------  
2023-02-10 23:09:51,349  |  DEBUG  |  ---------------------------------  
2023-02-10 23:09:51,350  |  INFO  |  INSERT SUCCESS: Uploaded flight_destinations record no 24   
2023-02-10 23:09:51,350  |  DEBUG  |  ---------------------------------  
2023-02-10 23:09:51,351  |  DEBUG  |  ---------------------------------  
2023-02-10 23:09:51,352  |  INFO  |  INSERT SUCCESS: Uploaded flight_destinations record no 25   
2023-02-10 23:09:51,352  |  DEBUG  |  ---------------------------------  
2023-02-10 23:09:51,354  |  DEBUG  |  ---------------------------------  
2023-02-10 23:09:51,354  |  INFO  |  INSERT SUCCESS: Uploaded flight_destinations record no 26   
2023-02-10 23:09:51,355  |  DEBUG  |  ---------------------------------  
2023-02-10 23:09:51,356  |  DEBUG  |  ---------------------------------  
2023-02-10 23:09:51,357  |  INFO  |  INSERT SUCCESS: Uploaded flight_destinations record no 27   
2023-02-10 23:09:51,357  |  DEBUG  |  ---------------------------------  
2023-02-10 23:09:51,358  |  DEBUG  |  ---------------------------------  
2023-02-10 23:09:51,365  |  INFO  |  INSERT SUCCESS: Uploaded flight_destinations record no 28   
2023-02-10 23:09:51,365  |  DEBUG  |  ---------------------------------  
2023-02-10 23:09:51,367  |  DEBUG  |  ---------------------------------  
2023-02-10 23:09:51,367  |  INFO  |  INSERT SUCCESS: Uploaded flight_destinations record no 29   
2023-02-10 23:09:51,368  |  DEBUG  |  ---------------------------------  
2023-02-10 23:09:51,369  |  DEBUG  |  ---------------------------------  
2023-02-10 23:09:51,370  |  INFO  |  INSERT SUCCESS: Uploaded flight_destinations record no 30   
2023-02-10 23:09:51,370  |  DEBUG  |  ---------------------------------  
2023-02-10 23:09:51,372  |  DEBUG  |  ---------------------------------  
2023-02-10 23:09:51,372  |  INFO  |  INSERT SUCCESS: Uploaded flight_destinations record no 31   
2023-02-10 23:09:51,373  |  DEBUG  |  ---------------------------------  
2023-02-10 23:09:51,375  |  DEBUG  |  ---------------------------------  
2023-02-10 23:09:51,375  |  INFO  |  INSERT SUCCESS: Uploaded flight_destinations record no 32   
2023-02-10 23:09:51,376  |  DEBUG  |  ---------------------------------  
2023-02-10 23:09:51,378  |  DEBUG  |  ---------------------------------  
2023-02-10 23:09:51,379  |  INFO  |  INSERT SUCCESS: Uploaded flight_destinations record no 33   
2023-02-10 23:09:51,379  |  DEBUG  |  ---------------------------------  
2023-02-10 23:09:51,380  |  DEBUG  |  ---------------------------------  
2023-02-10 23:09:51,381  |  INFO  |  INSERT SUCCESS: Uploaded flight_destinations record no 34   
2023-02-10 23:09:51,381  |  DEBUG  |  ---------------------------------  
2023-02-10 23:09:51,383  |  DEBUG  |  ---------------------------------  
2023-02-10 23:09:51,383  |  INFO  |  INSERT SUCCESS: Uploaded flight_destinations record no 35   
2023-02-10 23:09:51,383  |  DEBUG  |  ---------------------------------  
2023-02-10 23:09:51,384  |  DEBUG  |  ---------------------------------  
2023-02-10 23:09:51,385  |  INFO  |  INSERT SUCCESS: Uploaded flight_destinations record no 36   
2023-02-10 23:09:51,385  |  DEBUG  |  ---------------------------------  
2023-02-10 23:09:51,386  |  DEBUG  |  ---------------------------------  
2023-02-10 23:09:51,387  |  INFO  |  INSERT SUCCESS: Uploaded flight_destinations record no 37   
2023-02-10 23:09:51,387  |  DEBUG  |  ---------------------------------  
2023-02-10 23:09:51,388  |  DEBUG  |  ---------------------------------  
2023-02-10 23:09:51,389  |  INFO  |  INSERT SUCCESS: Uploaded flight_destinations record no 38   
2023-02-10 23:09:51,390  |  DEBUG  |  ---------------------------------  
2023-02-10 23:09:51,391  |  DEBUG  |  ---------------------------------  
2023-02-10 23:09:51,392  |  INFO  |  INSERT SUCCESS: Uploaded flight_destinations record no 39   
2023-02-10 23:09:51,393  |  DEBUG  |  ---------------------------------  
2023-02-10 23:09:51,396  |  DEBUG  |  ---------------------------------  
2023-02-10 23:09:51,396  |  INFO  |  INSERT SUCCESS: Uploaded flight_destinations record no 40   
2023-02-10 23:09:51,396  |  DEBUG  |  ---------------------------------  
2023-02-10 23:09:51,398  |  DEBUG  |  ---------------------------------  
2023-02-10 23:09:51,399  |  INFO  |  INSERT SUCCESS: Uploaded flight_destinations record no 41   
2023-02-10 23:09:51,399  |  DEBUG  |  ---------------------------------  
2023-02-10 23:09:51,401  |  DEBUG  |  ---------------------------------  
2023-02-10 23:09:51,401  |  INFO  |  INSERT SUCCESS: Uploaded flight_destinations record no 42   
2023-02-10 23:09:51,402  |  DEBUG  |  ---------------------------------  
2023-02-10 23:09:51,403  |  INFO  |  Rows after SQL insert in Postgres: 42   
2023-02-10 23:09:51,404  |  DEBUG  |    
2023-02-10 23:09:51,404  |  WARNING  |    
2023-02-10 23:09:51,405  |  WARNING  |    
2023-02-10 23:09:51,405  |  WARNING  |  ================================================  
2023-02-10 23:09:51,406  |  WARNING  |             SENSITIVE COLUMN IDENTIFICATION                
2023-02-10 23:09:51,407  |  WARNING  |  ================================================  
2023-02-10 23:09:51,408  |  WARNING  |    
2023-02-10 23:09:51,408  |  ERROR  |  IMPORTANT NOTE: Invest time in understanding the underlying data fields to avoid highlighting the incorrect fields or omitting fields containing confidential information.            
2023-02-10 23:09:51,409  |  ERROR  |    
2023-02-10 23:09:51,410  |  ERROR  |        Involving the relevant stakeholders in the process of identifying sensitive data fields from the source data is a crucial step to protecting confidential information.   
2023-02-10 23:09:51,411  |  ERROR  |    
2023-02-10 23:09:51,411  |  ERROR  |        Neglecting this step could expose customers and the wider company to serious harm (e.g. cybersecurity hacks, data breaches, unauthorized access to sensitive data), so approach this task with the utmost care.   
2023-02-10 23:09:51,412  |  WARNING  |    
2023-02-10 23:09:51,413  |  WARNING  |    
2023-02-10 23:09:51,413  |  WARNING  |  Now beginning the sensitive column identification stage ...  
2023-02-10 23:09:51,413  |  WARNING  |    
2023-02-10 23:09:51,414  |  ERROR  |  There are no sensitive columns for the 'raw_flight_destinations_tbl' table   
2023-02-10 23:09:51,414  |  WARNING  |    
2023-02-10 23:09:51,415  |  WARNING  |  1 : 'None'    
2023-02-10 23:09:51,416  |  WARNING  |    
2023-02-10 23:09:51,416  |  WARNING  |  Now terminating the sensitive column identification stage ...  
2023-02-10 23:09:51,416  |  WARNING  |  Sensitive column identification stage ended.   
2023-02-10 23:09:51,417  |  WARNING  |    
2023-02-10 23:09:51,417  |  WARNING  |    
2023-02-10 23:09:51,418  |  WARNING  |    
2023-02-10 23:09:51,428  |  INFO  |    
2023-02-10 23:09:51,428  |  INFO  |    
2023-02-10 23:09:51,429  |  INFO  |  ================================================  
2023-02-10 23:09:51,429  |  INFO  |                DATA PROFILING METRICS                
2023-02-10 23:09:51,430  |  INFO  |  ================================================  
2023-02-10 23:09:51,430  |  INFO  |    
2023-02-10 23:09:51,431  |  INFO  |  Now calculating table statistics...  
2023-02-10 23:09:51,431  |  INFO  |    
2023-02-10 23:09:51,432  |  INFO  |    
2023-02-10 23:09:51,432  |  INFO  |  Table name:                                  raw_flight_destinations_tbl   
2023-02-10 23:09:51,433  |  INFO  |  Schema name:                                 main   
2023-02-10 23:09:51,433  |  INFO  |  Database name:                               raw_db   
2023-02-10 23:09:51,433  |  INFO  |  Data warehouse layer:                        RAW   
2023-02-10 23:09:51,434  |  INFO  |    
2023-02-10 23:09:51,434  |  INFO  |    
2023-02-10 23:09:51,435  |  INFO  |  Number of rows in table:                     42   
2023-02-10 23:09:51,435  |  INFO  |  Number of columns in table:                  9   
2023-02-10 23:09:51,436  |  INFO  |    
2023-02-10 23:09:51,436  |  INFO  |  Successful records uploaded total :          42 / 42     
2023-02-10 23:09:51,437  |  INFO  |  Failed/Errored records uploaded total:       0 / 42         
2023-02-10 23:09:51,437  |  INFO  |    
2023-02-10 23:09:51,438  |  INFO  |  Successful records uploaded % :              100.0      
2023-02-10 23:09:51,438  |  INFO  |  Failed/Errored records uploaded %:           0.0         
2023-02-10 23:09:51,439  |  INFO  |    
2023-02-10 23:09:51,439  |  INFO  |  Number of unique records:                    42 / 42  
2023-02-10 23:09:51,440  |  INFO  |  Number of duplicate records:                 0 / 42  
2023-02-10 23:09:51,440  |  INFO  |    
2023-02-10 23:09:51,441  |  INFO  |  Unique records %:                            100.0   
2023-02-10 23:09:51,442  |  INFO  |  Duplicate records %:                         0.0   
2023-02-10 23:09:51,442  |  INFO  |    
2023-02-10 23:09:51,443  |  INFO  |  Column name: flight_id,  Column no: 1,  Number of NULL values: 0   
2023-02-10 23:09:51,444  |  INFO  |  Column name: arrival_city,  Column no: 2,  Number of NULL values: 0   
2023-02-10 23:09:51,445  |  INFO  |  Column name: departure_city,  Column no: 3,  Number of NULL values: 0   
2023-02-10 23:09:51,447  |  INFO  |  Column name: created_at,  Column no: 4,  Number of NULL values: 0   
2023-02-10 23:09:51,449  |  INFO  |  Column name: updated_at,  Column no: 5,  Number of NULL values: 0   
2023-02-10 23:09:51,449  |  INFO  |  Column name: source_system,  Column no: 6,  Number of NULL values: 0   
2023-02-10 23:09:51,451  |  INFO  |  Column name: source_file,  Column no: 7,  Number of NULL values: 0   
2023-02-10 23:09:51,452  |  INFO  |  Column name: load_timestamp,  Column no: 8,  Number of NULL values: 0   
2023-02-10 23:09:51,453  |  INFO  |  Column name: dwh_layer,  Column no: 9,  Number of NULL values: 0   
2023-02-10 23:09:51,454  |  INFO  |    
2023-02-10 23:09:51,455  |  INFO  |  ================================================  
2023-02-10 23:09:51,456  |  INFO  |    
2023-02-10 23:09:51,456  |  INFO  |  Now calculating performance statistics (from a Python standpoint)...  
2023-02-10 23:09:51,457  |  INFO  |    
2023-02-10 23:09:51,458  |  INFO  |    
2023-02-10 23:09:51,458  |  INFO  |  1. Execution time for CREATING schema: 4.008769989013672 ms   
2023-02-10 23:09:51,459  |  INFO  |    
2023-02-10 23:09:51,460  |  INFO  |    
2023-02-10 23:09:51,460  |  INFO  |  2. Execution time for CREATING schema (VAL CHECK): 16.587018966674805 ms   
2023-02-10 23:09:51,461  |  INFO  |    
2023-02-10 23:09:51,462  |  INFO  |    
2023-02-10 23:09:51,463  |  INFO  |  3. Execution time for DELETING schema:  9.561300277709961 ms   
2023-02-10 23:09:51,463  |  INFO  |    
2023-02-10 23:09:51,464  |  INFO  |    
2023-02-10 23:09:51,464  |  INFO  |  4. Execution time for DELETING schema (VAL CHECK):  11.65151596069336 ms   
2023-02-10 23:09:51,465  |  INFO  |    
2023-02-10 23:09:51,465  |  INFO  |    
2023-02-10 23:09:51,467  |  INFO  |  5. Execution time for CREATING table:  28.91683578491211 ms   
2023-02-10 23:09:51,467  |  INFO  |    
2023-02-10 23:09:51,467  |  INFO  |    
2023-02-10 23:09:51,468  |  INFO  |  6. Execution time for CREATING table (VAL CHECK):  1.9915103912353516 ms   
2023-02-10 23:09:51,469  |  INFO  |    
2023-02-10 23:09:51,469  |  INFO  |    
2023-02-10 23:09:51,470  |  INFO  |  7. Execution time for ADDING data lineage:  7.993459701538086 ms   
2023-02-10 23:09:51,470  |  INFO  |    
2023-02-10 23:09:51,471  |  INFO  |    
2023-02-10 23:09:51,471  |  INFO  |  8. Execution time for ADDING data lineage (VAL CHECK):  35.71796417236328 ms   
2023-02-10 23:09:51,472  |  INFO  |    
2023-02-10 23:09:51,472  |  INFO  |    
2023-02-10 23:09:51,473  |  INFO  |  9. Execution time for INSERTING rows to table:  111.5419864654541 ms   
2023-02-10 23:09:51,474  |  INFO  |    
2023-02-10 23:09:51,474  |  INFO  |    
2023-02-10 23:09:51,475  |  INFO  |  10. Execution time for COUNTING uploaded rows to table:  0.8213520050048828 ms   
2023-02-10 23:09:51,475  |  INFO  |    
2023-02-10 23:09:51,476  |  INFO  |    
2023-02-10 23:09:51,476  |  INFO  |    
2023-02-10 23:09:51,477  |  INFO  |  ================================================  
2023-02-10 23:09:51,477  |  DEBUG  |    
2023-02-10 23:09:51,478  |  INFO  |  DATA VALIDATION SUCCESS: All general DQ checks passed!   
2023-02-10 23:09:51,478  |  DEBUG  |    
2023-02-10 23:09:51,479  |  INFO  |  Now saving changes made by SQL statements to Postgres DB....  
2023-02-10 23:09:51,488  |  INFO  |  Saved successfully, now terminating cursor and current session....  
2023-02-10 23:09:51,489  |  DEBUG  |    
2023-02-10 23:09:51,489  |  DEBUG  |  Cursor closed successfully.  
2023-02-10 23:09:51,491  |  DEBUG  |  Session connected to Postgres database closed.  
