2023-02-10 21:12:01,051  |  INFO  |    
2023-02-10 21:12:01,051  |  INFO  |  ---------------------------------------------  
2023-02-10 21:12:01,052  |  INFO  |  Beginning the source data extraction process...  
2023-02-10 21:12:01,063  |  INFO  |  Successfully located 'customer_info.json'  
2023-02-10 21:12:01,063  |  INFO  |  File type: '<class 'list'>'  
2023-02-10 21:12:01,188  |  DEBUG  |    
2023-02-10 21:12:01,188  |  INFO  |  =================================================================================  
2023-02-10 21:12:01,189  |  INFO  |  CONNECTION SUCCESS: Managed to connect successfully to the raw_db database!!  
2023-02-10 21:12:01,189  |  INFO  |  Connection details: user=postgres password=xxx dbname=raw_db host=localhost port=5434   
2023-02-10 21:12:01,189  |  INFO  |  =================================================================================  
2023-02-10 21:12:01,190  |  DEBUG  |    
2023-02-10 21:12:01,214  |  DEBUG  |    
2023-02-10 21:12:01,214  |  INFO  |  =================================================================================================  
2023-02-10 21:12:01,215  |  INFO  |  SCHEMA CREATION SUCCESS: Managed to create main schema in raw_db   
2023-02-10 21:12:01,215  |  INFO  |  Schema name in Postgres: main   
2023-02-10 21:12:01,215  |  INFO  |  SQL Query for validation check:     SELECT schema_name from information_schema.schemata WHERE schema_name= 'main';
           
2023-02-10 21:12:01,215  |  INFO  |  =================================================================================================  
2023-02-10 21:12:01,215  |  DEBUG  |    
2023-02-10 21:12:01,255  |  DEBUG  |    
2023-02-10 21:12:01,256  |  ERROR  |  ==========================================================================================================================================================================  
2023-02-10 21:12:01,256  |  ERROR  |  TABLE DELETION FAILURE: Unable to delete raw_customer_info_tbl. This table may have objects that depend on it (use DROP TABLE ... CASCADE to resolve) or it doesn't exist.   
2023-02-10 21:12:01,257  |  ERROR  |  SQL Query for validation check:     SELECT EXISTS (SELECT 1 FROM information_schema.tables WHERE table_name = 'raw_customer_info_tbl' );
           
2023-02-10 21:12:01,257  |  ERROR  |  ==========================================================================================================================================================================  
2023-02-10 21:12:01,258  |  DEBUG  |    
2023-02-10 21:12:01,304  |  DEBUG  |    
2023-02-10 21:12:01,304  |  INFO  |  =============================================================================================================================================================================  
2023-02-10 21:12:01,305  |  INFO  |  TABLE CREATION SUCCESS: Managed to create raw_customer_info_tbl table in raw_db.    
2023-02-10 21:12:01,305  |  INFO  |  SQL Query for validation check:         SELECT EXISTS (SELECT 1 FROM information_schema.tables WHERE table_name = 'raw_customer_info_tbl' );
           
2023-02-10 21:12:01,306  |  INFO  |  =============================================================================================================================================================================  
2023-02-10 21:12:01,306  |  DEBUG  |    
2023-02-10 21:12:01,373  |  DEBUG  |    
2023-02-10 21:12:01,374  |  INFO  |  =============================================================================================================================================================================  
2023-02-10 21:12:01,374  |  INFO  |  DATA LINEAGE FIELDS CREATION SUCCESS: Managed to create data lineage columns in main.raw_customer_info_tbl.    
2023-02-10 21:12:01,374  |  INFO  |  SQL Query for validation check:          
                                                                    SELECT * 
                                                                    FROM    information_schema.columns 
                                                                    WHERE   table_name      = 'raw_customer_info_tbl' 
                                                                        AND     (column_name    = 'created_at'
                                                                        OR      column_name     = 'updated_at' 
                                                                        OR      column_name     = 'source_system' 
                                                                        OR      column_name     = 'source_file' 
                                                                        OR      column_name     = 'load_timestamp' 
                                                                        OR      column_name     = 'dwh_layer');
                                                                              
           
2023-02-10 21:12:01,376  |  INFO  |  =============================================================================================================================================================================  
2023-02-10 21:12:01,377  |  DEBUG  |    
2023-02-10 21:12:01,383  |  INFO  |  Rows before SQL insert in Postgres: 0   
2023-02-10 21:12:01,384  |  DEBUG  |    
2023-02-10 21:12:01,390  |  DEBUG  |  ---------------------------------  
2023-02-10 21:12:01,391  |  INFO  |  INSERT SUCCESS: Uploaded customer_info record no 1   
2023-02-10 21:12:01,391  |  DEBUG  |  ---------------------------------  
2023-02-10 21:12:01,392  |  DEBUG  |  ---------------------------------  
2023-02-10 21:12:01,393  |  INFO  |  INSERT SUCCESS: Uploaded customer_info record no 2   
2023-02-10 21:12:01,393  |  DEBUG  |  ---------------------------------  
2023-02-10 21:12:01,394  |  DEBUG  |  ---------------------------------  
2023-02-10 21:12:01,395  |  INFO  |  INSERT SUCCESS: Uploaded customer_info record no 3   
2023-02-10 21:12:01,395  |  DEBUG  |  ---------------------------------  
2023-02-10 21:12:01,397  |  DEBUG  |  ---------------------------------  
2023-02-10 21:12:01,397  |  INFO  |  INSERT SUCCESS: Uploaded customer_info record no 4   
2023-02-10 21:12:01,398  |  DEBUG  |  ---------------------------------  
2023-02-10 21:12:01,399  |  DEBUG  |  ---------------------------------  
2023-02-10 21:12:01,400  |  INFO  |  INSERT SUCCESS: Uploaded customer_info record no 5   
2023-02-10 21:12:01,400  |  DEBUG  |  ---------------------------------  
2023-02-10 21:12:01,401  |  DEBUG  |  ---------------------------------  
2023-02-10 21:12:01,402  |  INFO  |  INSERT SUCCESS: Uploaded customer_info record no 6   
2023-02-10 21:12:01,402  |  DEBUG  |  ---------------------------------  
2023-02-10 21:12:01,404  |  DEBUG  |  ---------------------------------  
2023-02-10 21:12:01,404  |  INFO  |  INSERT SUCCESS: Uploaded customer_info record no 7   
2023-02-10 21:12:01,405  |  DEBUG  |  ---------------------------------  
2023-02-10 21:12:01,407  |  DEBUG  |  ---------------------------------  
2023-02-10 21:12:01,408  |  INFO  |  INSERT SUCCESS: Uploaded customer_info record no 8   
2023-02-10 21:12:01,408  |  DEBUG  |  ---------------------------------  
2023-02-10 21:12:01,410  |  DEBUG  |  ---------------------------------  
2023-02-10 21:12:01,410  |  INFO  |  INSERT SUCCESS: Uploaded customer_info record no 9   
2023-02-10 21:12:01,411  |  DEBUG  |  ---------------------------------  
2023-02-10 21:12:01,412  |  DEBUG  |  ---------------------------------  
2023-02-10 21:12:01,413  |  INFO  |  INSERT SUCCESS: Uploaded customer_info record no 10   
2023-02-10 21:12:01,413  |  DEBUG  |  ---------------------------------  
2023-02-10 21:12:01,415  |  DEBUG  |  ---------------------------------  
2023-02-10 21:12:01,416  |  INFO  |  INSERT SUCCESS: Uploaded customer_info record no 11   
2023-02-10 21:12:01,417  |  DEBUG  |  ---------------------------------  
2023-02-10 21:12:01,418  |  DEBUG  |  ---------------------------------  
2023-02-10 21:12:01,419  |  INFO  |  INSERT SUCCESS: Uploaded customer_info record no 12   
2023-02-10 21:12:01,419  |  DEBUG  |  ---------------------------------  
2023-02-10 21:12:01,421  |  DEBUG  |  ---------------------------------  
2023-02-10 21:12:01,421  |  INFO  |  INSERT SUCCESS: Uploaded customer_info record no 13   
2023-02-10 21:12:01,422  |  DEBUG  |  ---------------------------------  
2023-02-10 21:12:01,423  |  DEBUG  |  ---------------------------------  
2023-02-10 21:12:01,424  |  INFO  |  INSERT SUCCESS: Uploaded customer_info record no 14   
2023-02-10 21:12:01,425  |  DEBUG  |  ---------------------------------  
2023-02-10 21:12:01,426  |  DEBUG  |  ---------------------------------  
2023-02-10 21:12:01,427  |  INFO  |  INSERT SUCCESS: Uploaded customer_info record no 15   
2023-02-10 21:12:01,427  |  DEBUG  |  ---------------------------------  
2023-02-10 21:12:01,429  |  DEBUG  |  ---------------------------------  
2023-02-10 21:12:01,429  |  INFO  |  INSERT SUCCESS: Uploaded customer_info record no 16   
2023-02-10 21:12:01,430  |  DEBUG  |  ---------------------------------  
2023-02-10 21:12:01,431  |  DEBUG  |  ---------------------------------  
2023-02-10 21:12:01,432  |  INFO  |  INSERT SUCCESS: Uploaded customer_info record no 17   
2023-02-10 21:12:01,432  |  DEBUG  |  ---------------------------------  
2023-02-10 21:12:01,434  |  DEBUG  |  ---------------------------------  
2023-02-10 21:12:01,435  |  INFO  |  INSERT SUCCESS: Uploaded customer_info record no 18   
2023-02-10 21:12:01,435  |  DEBUG  |  ---------------------------------  
2023-02-10 21:12:01,440  |  DEBUG  |  ---------------------------------  
2023-02-10 21:12:01,441  |  INFO  |  INSERT SUCCESS: Uploaded customer_info record no 19   
2023-02-10 21:12:01,442  |  DEBUG  |  ---------------------------------  
2023-02-10 21:12:01,443  |  DEBUG  |  ---------------------------------  
2023-02-10 21:12:01,446  |  INFO  |  INSERT SUCCESS: Uploaded customer_info record no 20   
2023-02-10 21:12:01,447  |  DEBUG  |  ---------------------------------  
2023-02-10 21:12:01,448  |  DEBUG  |  ---------------------------------  
2023-02-10 21:12:01,450  |  INFO  |  INSERT SUCCESS: Uploaded customer_info record no 21   
2023-02-10 21:12:01,450  |  DEBUG  |  ---------------------------------  
2023-02-10 21:12:01,452  |  DEBUG  |  ---------------------------------  
2023-02-10 21:12:01,453  |  INFO  |  INSERT SUCCESS: Uploaded customer_info record no 22   
2023-02-10 21:12:01,453  |  DEBUG  |  ---------------------------------  
2023-02-10 21:12:01,455  |  DEBUG  |  ---------------------------------  
2023-02-10 21:12:01,456  |  INFO  |  INSERT SUCCESS: Uploaded customer_info record no 23   
2023-02-10 21:12:01,456  |  DEBUG  |  ---------------------------------  
2023-02-10 21:12:01,458  |  DEBUG  |  ---------------------------------  
2023-02-10 21:12:01,459  |  INFO  |  INSERT SUCCESS: Uploaded customer_info record no 24   
2023-02-10 21:12:01,459  |  DEBUG  |  ---------------------------------  
2023-02-10 21:12:01,461  |  DEBUG  |  ---------------------------------  
2023-02-10 21:12:01,462  |  INFO  |  INSERT SUCCESS: Uploaded customer_info record no 25   
2023-02-10 21:12:01,462  |  DEBUG  |  ---------------------------------  
2023-02-10 21:12:01,464  |  DEBUG  |  ---------------------------------  
2023-02-10 21:12:01,464  |  INFO  |  INSERT SUCCESS: Uploaded customer_info record no 26   
2023-02-10 21:12:01,465  |  DEBUG  |  ---------------------------------  
2023-02-10 21:12:01,467  |  DEBUG  |  ---------------------------------  
2023-02-10 21:12:01,467  |  INFO  |  INSERT SUCCESS: Uploaded customer_info record no 27   
2023-02-10 21:12:01,468  |  DEBUG  |  ---------------------------------  
2023-02-10 21:12:01,469  |  DEBUG  |  ---------------------------------  
2023-02-10 21:12:01,470  |  INFO  |  INSERT SUCCESS: Uploaded customer_info record no 28   
2023-02-10 21:12:01,471  |  DEBUG  |  ---------------------------------  
2023-02-10 21:12:01,472  |  DEBUG  |  ---------------------------------  
2023-02-10 21:12:01,473  |  INFO  |  INSERT SUCCESS: Uploaded customer_info record no 29   
2023-02-10 21:12:01,474  |  DEBUG  |  ---------------------------------  
2023-02-10 21:12:01,476  |  DEBUG  |  ---------------------------------  
2023-02-10 21:12:01,477  |  INFO  |  INSERT SUCCESS: Uploaded customer_info record no 30   
2023-02-10 21:12:01,477  |  DEBUG  |  ---------------------------------  
2023-02-10 21:12:01,479  |  DEBUG  |  ---------------------------------  
2023-02-10 21:12:01,479  |  INFO  |  INSERT SUCCESS: Uploaded customer_info record no 31   
2023-02-10 21:12:01,480  |  DEBUG  |  ---------------------------------  
2023-02-10 21:12:01,482  |  DEBUG  |  ---------------------------------  
2023-02-10 21:12:01,483  |  INFO  |  INSERT SUCCESS: Uploaded customer_info record no 32   
2023-02-10 21:12:01,484  |  DEBUG  |  ---------------------------------  
2023-02-10 21:12:01,485  |  DEBUG  |  ---------------------------------  
2023-02-10 21:12:01,486  |  INFO  |  INSERT SUCCESS: Uploaded customer_info record no 33   
2023-02-10 21:12:01,487  |  DEBUG  |  ---------------------------------  
2023-02-10 21:12:01,488  |  DEBUG  |  ---------------------------------  
2023-02-10 21:12:01,489  |  INFO  |  INSERT SUCCESS: Uploaded customer_info record no 34   
2023-02-10 21:12:01,490  |  DEBUG  |  ---------------------------------  
2023-02-10 21:12:01,492  |  DEBUG  |  ---------------------------------  
2023-02-10 21:12:01,493  |  INFO  |  INSERT SUCCESS: Uploaded customer_info record no 35   
2023-02-10 21:12:01,493  |  DEBUG  |  ---------------------------------  
2023-02-10 21:12:01,495  |  DEBUG  |  ---------------------------------  
2023-02-10 21:12:01,496  |  INFO  |  INSERT SUCCESS: Uploaded customer_info record no 36   
2023-02-10 21:12:01,496  |  DEBUG  |  ---------------------------------  
2023-02-10 21:12:01,498  |  DEBUG  |  ---------------------------------  
2023-02-10 21:12:01,499  |  INFO  |  INSERT SUCCESS: Uploaded customer_info record no 37   
2023-02-10 21:12:01,501  |  DEBUG  |  ---------------------------------  
2023-02-10 21:12:01,503  |  DEBUG  |  ---------------------------------  
2023-02-10 21:12:01,504  |  INFO  |  INSERT SUCCESS: Uploaded customer_info record no 38   
2023-02-10 21:12:01,505  |  DEBUG  |  ---------------------------------  
2023-02-10 21:12:01,506  |  DEBUG  |  ---------------------------------  
2023-02-10 21:12:01,507  |  INFO  |  INSERT SUCCESS: Uploaded customer_info record no 39   
2023-02-10 21:12:01,508  |  DEBUG  |  ---------------------------------  
2023-02-10 21:12:01,509  |  DEBUG  |  ---------------------------------  
2023-02-10 21:12:01,510  |  INFO  |  INSERT SUCCESS: Uploaded customer_info record no 40   
2023-02-10 21:12:01,511  |  DEBUG  |  ---------------------------------  
2023-02-10 21:12:01,512  |  DEBUG  |  ---------------------------------  
2023-02-10 21:12:01,513  |  INFO  |  INSERT SUCCESS: Uploaded customer_info record no 41   
2023-02-10 21:12:01,514  |  DEBUG  |  ---------------------------------  
2023-02-10 21:12:01,515  |  DEBUG  |  ---------------------------------  
2023-02-10 21:12:01,516  |  INFO  |  INSERT SUCCESS: Uploaded customer_info record no 42   
2023-02-10 21:12:01,517  |  DEBUG  |  ---------------------------------  
2023-02-10 21:12:01,518  |  DEBUG  |  ---------------------------------  
2023-02-10 21:12:01,519  |  INFO  |  INSERT SUCCESS: Uploaded customer_info record no 43   
2023-02-10 21:12:01,520  |  DEBUG  |  ---------------------------------  
2023-02-10 21:12:01,521  |  DEBUG  |  ---------------------------------  
2023-02-10 21:12:01,522  |  INFO  |  INSERT SUCCESS: Uploaded customer_info record no 44   
2023-02-10 21:12:01,523  |  DEBUG  |  ---------------------------------  
2023-02-10 21:12:01,525  |  DEBUG  |  ---------------------------------  
2023-02-10 21:12:01,525  |  INFO  |  INSERT SUCCESS: Uploaded customer_info record no 45   
2023-02-10 21:12:01,526  |  DEBUG  |  ---------------------------------  
2023-02-10 21:12:01,529  |  DEBUG  |  ---------------------------------  
2023-02-10 21:12:01,530  |  INFO  |  INSERT SUCCESS: Uploaded customer_info record no 46   
2023-02-10 21:12:01,531  |  DEBUG  |  ---------------------------------  
2023-02-10 21:12:01,533  |  DEBUG  |  ---------------------------------  
2023-02-10 21:12:01,533  |  INFO  |  INSERT SUCCESS: Uploaded customer_info record no 47   
2023-02-10 21:12:01,534  |  DEBUG  |  ---------------------------------  
2023-02-10 21:12:01,536  |  DEBUG  |  ---------------------------------  
2023-02-10 21:12:01,536  |  INFO  |  INSERT SUCCESS: Uploaded customer_info record no 48   
2023-02-10 21:12:01,537  |  DEBUG  |  ---------------------------------  
2023-02-10 21:12:01,539  |  DEBUG  |  ---------------------------------  
2023-02-10 21:12:01,539  |  INFO  |  INSERT SUCCESS: Uploaded customer_info record no 49   
2023-02-10 21:12:01,540  |  DEBUG  |  ---------------------------------  
2023-02-10 21:12:01,541  |  DEBUG  |  ---------------------------------  
2023-02-10 21:12:01,542  |  INFO  |  INSERT SUCCESS: Uploaded customer_info record no 50   
2023-02-10 21:12:01,543  |  DEBUG  |  ---------------------------------  
2023-02-10 21:12:01,544  |  DEBUG  |  ---------------------------------  
2023-02-10 21:12:01,545  |  INFO  |  INSERT SUCCESS: Uploaded customer_info record no 51   
2023-02-10 21:12:01,545  |  DEBUG  |  ---------------------------------  
2023-02-10 21:12:01,547  |  DEBUG  |  ---------------------------------  
2023-02-10 21:12:01,547  |  INFO  |  INSERT SUCCESS: Uploaded customer_info record no 52   
2023-02-10 21:12:01,548  |  DEBUG  |  ---------------------------------  
2023-02-10 21:12:01,550  |  DEBUG  |  ---------------------------------  
2023-02-10 21:12:01,550  |  INFO  |  INSERT SUCCESS: Uploaded customer_info record no 53   
2023-02-10 21:12:01,551  |  DEBUG  |  ---------------------------------  
2023-02-10 21:12:01,552  |  DEBUG  |  ---------------------------------  
2023-02-10 21:12:01,552  |  INFO  |  INSERT SUCCESS: Uploaded customer_info record no 54   
2023-02-10 21:12:01,553  |  DEBUG  |  ---------------------------------  
2023-02-10 21:12:01,554  |  DEBUG  |  ---------------------------------  
2023-02-10 21:12:01,555  |  INFO  |  INSERT SUCCESS: Uploaded customer_info record no 55   
2023-02-10 21:12:01,555  |  DEBUG  |  ---------------------------------  
2023-02-10 21:12:01,557  |  DEBUG  |  ---------------------------------  
2023-02-10 21:12:01,557  |  INFO  |  INSERT SUCCESS: Uploaded customer_info record no 56   
2023-02-10 21:12:01,558  |  DEBUG  |  ---------------------------------  
2023-02-10 21:12:01,560  |  DEBUG  |  ---------------------------------  
2023-02-10 21:12:01,561  |  INFO  |  INSERT SUCCESS: Uploaded customer_info record no 57   
2023-02-10 21:12:01,561  |  DEBUG  |  ---------------------------------  
2023-02-10 21:12:01,563  |  DEBUG  |  ---------------------------------  
2023-02-10 21:12:01,564  |  INFO  |  INSERT SUCCESS: Uploaded customer_info record no 58   
2023-02-10 21:12:01,566  |  DEBUG  |  ---------------------------------  
2023-02-10 21:12:01,567  |  DEBUG  |  ---------------------------------  
2023-02-10 21:12:01,568  |  INFO  |  INSERT SUCCESS: Uploaded customer_info record no 59   
2023-02-10 21:12:01,570  |  DEBUG  |  ---------------------------------  
2023-02-10 21:12:01,573  |  DEBUG  |  ---------------------------------  
2023-02-10 21:12:01,574  |  INFO  |  INSERT SUCCESS: Uploaded customer_info record no 60   
2023-02-10 21:12:01,575  |  DEBUG  |  ---------------------------------  
2023-02-10 21:12:01,576  |  DEBUG  |  ---------------------------------  
2023-02-10 21:12:01,577  |  INFO  |  INSERT SUCCESS: Uploaded customer_info record no 61   
2023-02-10 21:12:01,578  |  DEBUG  |  ---------------------------------  
2023-02-10 21:12:01,580  |  DEBUG  |  ---------------------------------  
2023-02-10 21:12:01,581  |  INFO  |  INSERT SUCCESS: Uploaded customer_info record no 62   
2023-02-10 21:12:01,581  |  DEBUG  |  ---------------------------------  
2023-02-10 21:12:01,583  |  DEBUG  |  ---------------------------------  
2023-02-10 21:12:01,584  |  INFO  |  INSERT SUCCESS: Uploaded customer_info record no 63   
2023-02-10 21:12:01,585  |  DEBUG  |  ---------------------------------  
2023-02-10 21:12:01,586  |  DEBUG  |  ---------------------------------  
2023-02-10 21:12:01,587  |  INFO  |  INSERT SUCCESS: Uploaded customer_info record no 64   
2023-02-10 21:12:01,588  |  DEBUG  |  ---------------------------------  
2023-02-10 21:12:01,589  |  DEBUG  |  ---------------------------------  
2023-02-10 21:12:01,589  |  INFO  |  INSERT SUCCESS: Uploaded customer_info record no 65   
2023-02-10 21:12:01,590  |  DEBUG  |  ---------------------------------  
2023-02-10 21:12:01,592  |  DEBUG  |  ---------------------------------  
2023-02-10 21:12:01,593  |  INFO  |  INSERT SUCCESS: Uploaded customer_info record no 66   
2023-02-10 21:12:01,593  |  DEBUG  |  ---------------------------------  
2023-02-10 21:12:01,595  |  DEBUG  |  ---------------------------------  
2023-02-10 21:12:01,595  |  INFO  |  INSERT SUCCESS: Uploaded customer_info record no 67   
2023-02-10 21:12:01,596  |  DEBUG  |  ---------------------------------  
2023-02-10 21:12:01,598  |  DEBUG  |  ---------------------------------  
2023-02-10 21:12:01,599  |  INFO  |  INSERT SUCCESS: Uploaded customer_info record no 68   
2023-02-10 21:12:01,599  |  DEBUG  |  ---------------------------------  
2023-02-10 21:12:01,602  |  DEBUG  |  ---------------------------------  
2023-02-10 21:12:01,602  |  INFO  |  INSERT SUCCESS: Uploaded customer_info record no 69   
2023-02-10 21:12:01,603  |  DEBUG  |  ---------------------------------  
2023-02-10 21:12:01,604  |  DEBUG  |  ---------------------------------  
2023-02-10 21:12:01,605  |  INFO  |  INSERT SUCCESS: Uploaded customer_info record no 70   
2023-02-10 21:12:01,605  |  DEBUG  |  ---------------------------------  
2023-02-10 21:12:01,607  |  DEBUG  |  ---------------------------------  
2023-02-10 21:12:01,607  |  INFO  |  INSERT SUCCESS: Uploaded customer_info record no 71   
2023-02-10 21:12:01,607  |  DEBUG  |  ---------------------------------  
2023-02-10 21:12:01,609  |  DEBUG  |  ---------------------------------  
2023-02-10 21:12:01,609  |  INFO  |  INSERT SUCCESS: Uploaded customer_info record no 72   
2023-02-10 21:12:01,610  |  DEBUG  |  ---------------------------------  
2023-02-10 21:12:01,611  |  DEBUG  |  ---------------------------------  
2023-02-10 21:12:01,611  |  INFO  |  INSERT SUCCESS: Uploaded customer_info record no 73   
2023-02-10 21:12:01,612  |  DEBUG  |  ---------------------------------  
2023-02-10 21:12:01,613  |  DEBUG  |  ---------------------------------  
2023-02-10 21:12:01,614  |  INFO  |  INSERT SUCCESS: Uploaded customer_info record no 74   
2023-02-10 21:12:01,614  |  DEBUG  |  ---------------------------------  
2023-02-10 21:12:01,616  |  DEBUG  |  ---------------------------------  
2023-02-10 21:12:01,617  |  INFO  |  INSERT SUCCESS: Uploaded customer_info record no 75   
2023-02-10 21:12:01,618  |  DEBUG  |  ---------------------------------  
2023-02-10 21:12:01,619  |  DEBUG  |  ---------------------------------  
2023-02-10 21:12:01,619  |  INFO  |  INSERT SUCCESS: Uploaded customer_info record no 76   
2023-02-10 21:12:01,620  |  DEBUG  |  ---------------------------------  
2023-02-10 21:12:01,621  |  DEBUG  |  ---------------------------------  
2023-02-10 21:12:01,621  |  INFO  |  INSERT SUCCESS: Uploaded customer_info record no 77   
2023-02-10 21:12:01,622  |  DEBUG  |  ---------------------------------  
2023-02-10 21:12:01,623  |  DEBUG  |  ---------------------------------  
2023-02-10 21:12:01,623  |  INFO  |  INSERT SUCCESS: Uploaded customer_info record no 78   
2023-02-10 21:12:01,624  |  DEBUG  |  ---------------------------------  
2023-02-10 21:12:01,625  |  DEBUG  |  ---------------------------------  
2023-02-10 21:12:01,626  |  INFO  |  INSERT SUCCESS: Uploaded customer_info record no 79   
2023-02-10 21:12:01,626  |  DEBUG  |  ---------------------------------  
2023-02-10 21:12:01,627  |  DEBUG  |  ---------------------------------  
2023-02-10 21:12:01,628  |  INFO  |  INSERT SUCCESS: Uploaded customer_info record no 80   
2023-02-10 21:12:01,628  |  DEBUG  |  ---------------------------------  
2023-02-10 21:12:01,629  |  DEBUG  |  ---------------------------------  
2023-02-10 21:12:01,630  |  INFO  |  INSERT SUCCESS: Uploaded customer_info record no 81   
2023-02-10 21:12:01,631  |  DEBUG  |  ---------------------------------  
2023-02-10 21:12:01,632  |  DEBUG  |  ---------------------------------  
2023-02-10 21:12:01,633  |  INFO  |  INSERT SUCCESS: Uploaded customer_info record no 82   
2023-02-10 21:12:01,633  |  DEBUG  |  ---------------------------------  
2023-02-10 21:12:01,635  |  DEBUG  |  ---------------------------------  
2023-02-10 21:12:01,636  |  INFO  |  INSERT SUCCESS: Uploaded customer_info record no 83   
2023-02-10 21:12:01,636  |  DEBUG  |  ---------------------------------  
2023-02-10 21:12:01,637  |  DEBUG  |  ---------------------------------  
2023-02-10 21:12:01,637  |  INFO  |  INSERT SUCCESS: Uploaded customer_info record no 84   
2023-02-10 21:12:01,638  |  DEBUG  |  ---------------------------------  
2023-02-10 21:12:01,639  |  DEBUG  |  ---------------------------------  
2023-02-10 21:12:01,640  |  INFO  |  INSERT SUCCESS: Uploaded customer_info record no 85   
2023-02-10 21:12:01,640  |  DEBUG  |  ---------------------------------  
2023-02-10 21:12:01,641  |  DEBUG  |  ---------------------------------  
2023-02-10 21:12:01,641  |  INFO  |  INSERT SUCCESS: Uploaded customer_info record no 86   
2023-02-10 21:12:01,642  |  DEBUG  |  ---------------------------------  
2023-02-10 21:12:01,643  |  DEBUG  |  ---------------------------------  
2023-02-10 21:12:01,644  |  INFO  |  INSERT SUCCESS: Uploaded customer_info record no 87   
2023-02-10 21:12:01,644  |  DEBUG  |  ---------------------------------  
2023-02-10 21:12:01,645  |  DEBUG  |  ---------------------------------  
2023-02-10 21:12:01,645  |  INFO  |  INSERT SUCCESS: Uploaded customer_info record no 88   
2023-02-10 21:12:01,646  |  DEBUG  |  ---------------------------------  
2023-02-10 21:12:01,647  |  DEBUG  |  ---------------------------------  
2023-02-10 21:12:01,647  |  INFO  |  INSERT SUCCESS: Uploaded customer_info record no 89   
2023-02-10 21:12:01,648  |  DEBUG  |  ---------------------------------  
2023-02-10 21:12:01,649  |  DEBUG  |  ---------------------------------  
2023-02-10 21:12:01,650  |  INFO  |  INSERT SUCCESS: Uploaded customer_info record no 90   
2023-02-10 21:12:01,651  |  DEBUG  |  ---------------------------------  
2023-02-10 21:12:01,652  |  DEBUG  |  ---------------------------------  
2023-02-10 21:12:01,652  |  INFO  |  INSERT SUCCESS: Uploaded customer_info record no 91   
2023-02-10 21:12:01,653  |  DEBUG  |  ---------------------------------  
2023-02-10 21:12:01,654  |  DEBUG  |  ---------------------------------  
2023-02-10 21:12:01,654  |  INFO  |  INSERT SUCCESS: Uploaded customer_info record no 92   
2023-02-10 21:12:01,654  |  DEBUG  |  ---------------------------------  
2023-02-10 21:12:01,655  |  DEBUG  |  ---------------------------------  
2023-02-10 21:12:01,656  |  INFO  |  INSERT SUCCESS: Uploaded customer_info record no 93   
2023-02-10 21:12:01,656  |  DEBUG  |  ---------------------------------  
2023-02-10 21:12:01,658  |  DEBUG  |  ---------------------------------  
2023-02-10 21:12:01,658  |  INFO  |  INSERT SUCCESS: Uploaded customer_info record no 94   
2023-02-10 21:12:01,659  |  DEBUG  |  ---------------------------------  
2023-02-10 21:12:01,660  |  DEBUG  |  ---------------------------------  
2023-02-10 21:12:01,660  |  INFO  |  INSERT SUCCESS: Uploaded customer_info record no 95   
2023-02-10 21:12:01,661  |  DEBUG  |  ---------------------------------  
2023-02-10 21:12:01,662  |  DEBUG  |  ---------------------------------  
2023-02-10 21:12:01,662  |  INFO  |  INSERT SUCCESS: Uploaded customer_info record no 96   
2023-02-10 21:12:01,663  |  DEBUG  |  ---------------------------------  
2023-02-10 21:12:01,664  |  DEBUG  |  ---------------------------------  
2023-02-10 21:12:01,664  |  INFO  |  INSERT SUCCESS: Uploaded customer_info record no 97   
2023-02-10 21:12:01,665  |  DEBUG  |  ---------------------------------  
2023-02-10 21:12:01,666  |  DEBUG  |  ---------------------------------  
2023-02-10 21:12:01,667  |  INFO  |  INSERT SUCCESS: Uploaded customer_info record no 98   
2023-02-10 21:12:01,667  |  DEBUG  |  ---------------------------------  
2023-02-10 21:12:01,668  |  DEBUG  |  ---------------------------------  
2023-02-10 21:12:01,669  |  INFO  |  INSERT SUCCESS: Uploaded customer_info record no 99   
2023-02-10 21:12:01,669  |  DEBUG  |  ---------------------------------  
2023-02-10 21:12:01,670  |  DEBUG  |  ---------------------------------  
2023-02-10 21:12:01,671  |  INFO  |  INSERT SUCCESS: Uploaded customer_info record no 100   
2023-02-10 21:12:01,671  |  DEBUG  |  ---------------------------------  
2023-02-10 21:12:01,672  |  INFO  |  Rows after SQL insert in Postgres: 100   
2023-02-10 21:12:01,673  |  DEBUG  |    
2023-02-10 21:12:01,673  |  WARNING  |    
2023-02-10 21:12:01,674  |  WARNING  |    
2023-02-10 21:12:01,674  |  WARNING  |  ================================================  
2023-02-10 21:12:01,675  |  WARNING  |             SENSITIVE COLUMN IDENTIFICATION                
2023-02-10 21:12:01,675  |  WARNING  |  ================================================  
2023-02-10 21:12:01,676  |  WARNING  |    
2023-02-10 21:12:01,676  |  ERROR  |  IMPORTANT NOTE: Invest time in understanding the underlying data fields to avoid highlighting the incorrect fields or omitting fields containing confidential information.            
2023-02-10 21:12:01,677  |  ERROR  |    
2023-02-10 21:12:01,678  |  ERROR  |        Involving the relevant stakeholders in the process of identifying sensitive data fields from the source data is a crucial step to protecting confidential information.   
2023-02-10 21:12:01,678  |  ERROR  |    
2023-02-10 21:12:01,679  |  ERROR  |        Neglecting this step could expose customers and the wider company to serious harm (e.g. cybersecurity hacks, data breaches, unauthorized access to sensitive data), so approach this task with the utmost care.   
2023-02-10 21:12:01,679  |  WARNING  |    
2023-02-10 21:12:01,680  |  WARNING  |    
2023-02-10 21:12:01,681  |  WARNING  |  Now beginning the sensitive column identification stage ...  
2023-02-10 21:12:01,681  |  WARNING  |    
2023-02-10 21:12:01,682  |  WARNING  |  Here are the columns considered sensitive in this table ...  
2023-02-10 21:12:01,682  |  WARNING  |    
2023-02-10 21:12:01,683  |  WARNING  |  1 : 'customer_id'    
2023-02-10 21:12:01,684  |  WARNING  |  2 : 'address'    
2023-02-10 21:12:01,684  |  WARNING  |  3 : 'age'    
2023-02-10 21:12:01,685  |  WARNING  |  4 : 'city'    
2023-02-10 21:12:01,685  |  WARNING  |  5 : 'created_date'    
2023-02-10 21:12:01,686  |  WARNING  |  6 : 'credit_card'    
2023-02-10 21:12:01,686  |  WARNING  |  7 : 'credit_card_provider'    
2023-02-10 21:12:01,686  |  WARNING  |  8 : 'customer_contact_preference_desc'    
2023-02-10 21:12:01,687  |  WARNING  |  9 : 'customer_contact_preference_id'    
2023-02-10 21:12:01,688  |  WARNING  |  10 : 'dob'    
2023-02-10 21:12:01,688  |  WARNING  |  11 : 'email'    
2023-02-10 21:12:01,688  |  WARNING  |  12 : 'first_name'    
2023-02-10 21:12:01,689  |  WARNING  |  13 : 'last_name'    
2023-02-10 21:12:01,689  |  WARNING  |  14 : 'last_updated_date'    
2023-02-10 21:12:01,690  |  WARNING  |  15 : 'nationality'    
2023-02-10 21:12:01,690  |  WARNING  |  16 : 'phone_number'    
2023-02-10 21:12:01,690  |  WARNING  |  17 : 'place_of_birth'    
2023-02-10 21:12:01,691  |  WARNING  |  18 : 'state'    
2023-02-10 21:12:01,691  |  WARNING  |  19 : 'zip'    
2023-02-10 21:12:01,692  |  WARNING  |    
2023-02-10 21:12:01,692  |  WARNING  |    
2023-02-10 21:12:01,692  |  WARNING  |  Decide on the appropriate treatment for these tables. A few options to consider include:  
2023-02-10 21:12:01,693  |  WARNING  |  1. Masking fields               -   This involves replacing sensitive columns with alternative characters e.g.  'xxxx-xxxx', '*****', '$$$$'.   
2023-02-10 21:12:01,694  |  WARNING  |  2. Encrypting fields            -   This is converting sensitive columns to cipher text (unreadable text format).          
2023-02-10 21:12:01,694  |  WARNING  |  3. Role-based access control    -   Placing a system that delegates privileges based on team members' responsibilities          
2023-02-10 21:12:01,694  |  WARNING  |    
2023-02-10 21:12:01,695  |  WARNING  |  Now terminating the sensitive column identification stage ...  
2023-02-10 21:12:01,695  |  WARNING  |  Sensitive column identification stage ended.   
2023-02-10 21:12:01,696  |  WARNING  |    
2023-02-10 21:12:01,696  |  WARNING  |    
2023-02-10 21:12:01,697  |  WARNING  |    
2023-02-10 21:12:01,709  |  INFO  |    
2023-02-10 21:12:01,710  |  INFO  |    
2023-02-10 21:12:01,710  |  INFO  |  ================================================  
2023-02-10 21:12:01,711  |  INFO  |                DATA PROFILING METRICS                
2023-02-10 21:12:01,712  |  INFO  |  ================================================  
2023-02-10 21:12:01,712  |  INFO  |    
2023-02-10 21:12:01,713  |  INFO  |  Now calculating table statistics...  
2023-02-10 21:12:01,713  |  INFO  |    
2023-02-10 21:12:01,714  |  INFO  |    
2023-02-10 21:12:01,714  |  INFO  |  Number of rows in table:                     100   
2023-02-10 21:12:01,715  |  INFO  |  Number of columns in table:                  25   
2023-02-10 21:12:01,716  |  INFO  |    
2023-02-10 21:12:01,716  |  INFO  |  Successful records uploaded total :          100 / 100     
2023-02-10 21:12:01,717  |  INFO  |  Failed/Errored records uploaded total:       0 / 100         
2023-02-10 21:12:01,717  |  INFO  |    
2023-02-10 21:12:01,718  |  INFO  |  Successful records uploaded % :              100.0      
2023-02-10 21:12:01,719  |  INFO  |  Failed/Errored records uploaded %:           0.0         
2023-02-10 21:12:01,719  |  INFO  |    
2023-02-10 21:12:01,719  |  INFO  |  Number of unique records:                    100 / 100  
2023-02-10 21:12:01,720  |  INFO  |  Number of duplicate records:                 0 / 100  
2023-02-10 21:12:01,720  |  INFO  |    
2023-02-10 21:12:01,720  |  INFO  |  Unique records %:                            100.0   
2023-02-10 21:12:01,721  |  INFO  |  Duplicate records %:                         0.0   
2023-02-10 21:12:01,721  |  INFO  |    
2023-02-10 21:12:01,722  |  INFO  |  Column name: customer_id,  Column no: 1,  Number of NULL values: 0   
2023-02-10 21:12:01,723  |  INFO  |  Column name: address,  Column no: 2,  Number of NULL values: 0   
2023-02-10 21:12:01,724  |  INFO  |  Column name: age,  Column no: 3,  Number of NULL values: 0   
2023-02-10 21:12:01,725  |  INFO  |  Column name: city,  Column no: 4,  Number of NULL values: 0   
2023-02-10 21:12:01,726  |  INFO  |  Column name: created_date,  Column no: 5,  Number of NULL values: 0   
2023-02-10 21:12:01,727  |  INFO  |  Column name: credit_card,  Column no: 6,  Number of NULL values: 0   
2023-02-10 21:12:01,728  |  INFO  |  Column name: credit_card_provider,  Column no: 7,  Number of NULL values: 0   
2023-02-10 21:12:01,729  |  INFO  |  Column name: customer_contact_preference_desc,  Column no: 8,  Number of NULL values: 0   
2023-02-10 21:12:01,729  |  INFO  |  Column name: customer_contact_preference_id,  Column no: 9,  Number of NULL values: 0   
2023-02-10 21:12:01,731  |  INFO  |  Column name: dob,  Column no: 10,  Number of NULL values: 0   
2023-02-10 21:12:01,732  |  INFO  |  Column name: email,  Column no: 11,  Number of NULL values: 0   
2023-02-10 21:12:01,733  |  INFO  |  Column name: first_name,  Column no: 12,  Number of NULL values: 0   
2023-02-10 21:12:01,734  |  INFO  |  Column name: last_name,  Column no: 13,  Number of NULL values: 0   
2023-02-10 21:12:01,735  |  INFO  |  Column name: last_updated_date,  Column no: 14,  Number of NULL values: 0   
2023-02-10 21:12:01,736  |  INFO  |  Column name: nationality,  Column no: 15,  Number of NULL values: 0   
2023-02-10 21:12:01,737  |  INFO  |  Column name: phone_number,  Column no: 16,  Number of NULL values: 0   
2023-02-10 21:12:01,738  |  INFO  |  Column name: place_of_birth,  Column no: 17,  Number of NULL values: 0   
2023-02-10 21:12:01,739  |  INFO  |  Column name: state,  Column no: 18,  Number of NULL values: 0   
2023-02-10 21:12:01,740  |  INFO  |  Column name: zip,  Column no: 19,  Number of NULL values: 0   
2023-02-10 21:12:01,741  |  INFO  |  Column name: created_at,  Column no: 20,  Number of NULL values: 0   
2023-02-10 21:12:01,742  |  INFO  |  Column name: updated_at,  Column no: 21,  Number of NULL values: 0   
2023-02-10 21:12:01,743  |  INFO  |  Column name: source_system,  Column no: 22,  Number of NULL values: 0   
2023-02-10 21:12:01,744  |  INFO  |  Column name: source_file,  Column no: 23,  Number of NULL values: 0   
2023-02-10 21:12:01,744  |  INFO  |  Column name: load_timestamp,  Column no: 24,  Number of NULL values: 0   
2023-02-10 21:12:01,745  |  INFO  |  Column name: dwh_layer,  Column no: 25,  Number of NULL values: 0   
2023-02-10 21:12:01,746  |  INFO  |    
2023-02-10 21:12:01,746  |  INFO  |  ================================================  
2023-02-10 21:12:01,747  |  INFO  |    
2023-02-10 21:12:01,747  |  INFO  |  Now calculating performance statistics (from a Python standpoint)...  
2023-02-10 21:12:01,748  |  INFO  |    
2023-02-10 21:12:01,748  |  INFO  |    
2023-02-10 21:12:01,749  |  INFO  |  1. Execution time for CREATING schema: 3.997325897216797 ms   
2023-02-10 21:12:01,749  |  INFO  |    
2023-02-10 21:12:01,750  |  INFO  |    
2023-02-10 21:12:01,750  |  INFO  |  2. Execution time for CREATING schema (VAL CHECK): 20.001888275146484 ms   
2023-02-10 21:12:01,751  |  INFO  |    
2023-02-10 21:12:01,751  |  INFO  |    
2023-02-10 21:12:01,752  |  INFO  |  3. Execution time for DELETING schema:  21.00515365600586 ms   
2023-02-10 21:12:01,752  |  INFO  |    
2023-02-10 21:12:01,753  |  INFO  |    
2023-02-10 21:12:01,753  |  INFO  |  4. Execution time for DELETING schema (VAL CHECK):  17.9898738861084 ms   
2023-02-10 21:12:01,753  |  INFO  |    
2023-02-10 21:12:01,754  |  INFO  |    
2023-02-10 21:12:01,754  |  INFO  |  5. Execution time for CREATING table:  44.0366268157959 ms   
2023-02-10 21:12:01,755  |  INFO  |    
2023-02-10 21:12:01,755  |  INFO  |    
2023-02-10 21:12:01,755  |  INFO  |  6. Execution time for CREATING table (VAL CHECK):  0.9922981262207031 ms   
2023-02-10 21:12:01,756  |  INFO  |    
2023-02-10 21:12:01,756  |  INFO  |    
2023-02-10 21:12:01,757  |  INFO  |  7. Execution time for ADDING data lineage:  17.06671714782715 ms   
2023-02-10 21:12:01,757  |  INFO  |    
2023-02-10 21:12:01,757  |  INFO  |    
2023-02-10 21:12:01,758  |  INFO  |  8. Execution time for ADDING data lineage (VAL CHECK):  49.58677291870117 ms   
2023-02-10 21:12:01,758  |  INFO  |    
2023-02-10 21:12:01,759  |  INFO  |    
2023-02-10 21:12:01,759  |  INFO  |  9. Execution time for INSERTING rows to table:  293.79796981811523 ms   
2023-02-10 21:12:01,759  |  INFO  |    
2023-02-10 21:12:01,760  |  INFO  |    
2023-02-10 21:12:01,760  |  INFO  |  10. Execution time for COUNTING uploaded rows to table:  0.0 ms   
2023-02-10 21:12:01,761  |  INFO  |    
2023-02-10 21:12:01,761  |  INFO  |    
2023-02-10 21:12:01,761  |  INFO  |    
2023-02-10 21:12:01,762  |  INFO  |  ================================================  
2023-02-10 21:12:01,762  |  DEBUG  |    
2023-02-10 21:12:01,763  |  INFO  |  DATA VALIDATION SUCCESS: All general DQ checks passed!   
2023-02-10 21:12:01,764  |  DEBUG  |    
2023-02-10 21:12:01,764  |  INFO  |  Now saving changes made by SQL statements to Postgres DB....  
2023-02-10 21:12:01,772  |  INFO  |  Saved successfully, now terminating cursor and current session....  
2023-02-10 21:12:01,774  |  DEBUG  |    
2023-02-10 21:12:01,774  |  DEBUG  |  Cursor closed successfully.  
2023-02-10 21:12:01,775  |  DEBUG  |  Session connected to Postgres database closed.  
