2023-02-10 21:52:11,435  |  INFO  |    
2023-02-10 21:52:11,437  |  INFO  |  ---------------------------------------------  
2023-02-10 21:52:11,437  |  INFO  |  Beginning the source data extraction process...  
2023-02-10 21:52:11,438  |  INFO  |  Successfully located 'ticket_prices.json'  
2023-02-10 21:52:11,438  |  INFO  |  File type: '<class 'list'>'  
2023-02-10 21:52:11,507  |  DEBUG  |    
2023-02-10 21:52:11,507  |  INFO  |  =================================================================================  
2023-02-10 21:52:11,507  |  INFO  |  CONNECTION SUCCESS: Managed to connect successfully to the raw_db database!!  
2023-02-10 21:52:11,509  |  INFO  |  Connection details: user=postgres password=xxx dbname=raw_db host=localhost port=5434   
2023-02-10 21:52:11,509  |  INFO  |  =================================================================================  
2023-02-10 21:52:11,509  |  DEBUG  |    
2023-02-10 21:52:11,535  |  DEBUG  |    
2023-02-10 21:52:11,535  |  INFO  |  =================================================================================================  
2023-02-10 21:52:11,535  |  INFO  |  SCHEMA CREATION SUCCESS: Managed to create main schema in raw_db   
2023-02-10 21:52:11,535  |  INFO  |  Schema name in Postgres: main   
2023-02-10 21:52:11,536  |  INFO  |  SQL Query for validation check:     SELECT schema_name from information_schema.schemata WHERE schema_name= 'main';
           
2023-02-10 21:52:11,536  |  INFO  |  =================================================================================================  
2023-02-10 21:52:11,537  |  DEBUG  |    
2023-02-10 21:52:11,562  |  DEBUG  |    
2023-02-10 21:52:11,562  |  ERROR  |  ==========================================================================================================================================================================  
2023-02-10 21:52:11,562  |  ERROR  |  TABLE DELETION FAILURE: Unable to delete raw_ticket_prices_tbl. This table may have objects that depend on it (use DROP TABLE ... CASCADE to resolve) or it doesn't exist.   
2023-02-10 21:52:11,563  |  ERROR  |  SQL Query for validation check:     SELECT EXISTS (SELECT 1 FROM information_schema.tables WHERE table_name = 'raw_ticket_prices_tbl' );
           
2023-02-10 21:52:11,563  |  ERROR  |  ==========================================================================================================================================================================  
2023-02-10 21:52:11,564  |  DEBUG  |    
2023-02-10 21:52:11,584  |  DEBUG  |    
2023-02-10 21:52:11,584  |  INFO  |  =============================================================================================================================================================================  
2023-02-10 21:52:11,585  |  INFO  |  TABLE CREATION SUCCESS: Managed to create raw_ticket_prices_tbl table in raw_db.    
2023-02-10 21:52:11,586  |  INFO  |  SQL Query for validation check:         SELECT EXISTS (SELECT 1 FROM information_schema.tables WHERE table_name = 'raw_ticket_prices_tbl' );
           
2023-02-10 21:52:11,586  |  INFO  |  =============================================================================================================================================================================  
2023-02-10 21:52:11,587  |  DEBUG  |    
2023-02-10 21:52:11,631  |  DEBUG  |    
2023-02-10 21:52:11,631  |  INFO  |  =============================================================================================================================================================================  
2023-02-10 21:52:11,632  |  INFO  |  DATA LINEAGE FIELDS CREATION SUCCESS: Managed to create data lineage columns in main.raw_ticket_prices_tbl.    
2023-02-10 21:52:11,632  |  INFO  |  SQL Query for validation check:          
                                                                    SELECT * 
                                                                    FROM    information_schema.columns 
                                                                    WHERE   table_name      = 'raw_ticket_prices_tbl' 
                                                                        AND     (column_name    = 'created_at'
                                                                        OR      column_name     = 'updated_at' 
                                                                        OR      column_name     = 'source_system' 
                                                                        OR      column_name     = 'source_file' 
                                                                        OR      column_name     = 'load_timestamp' 
                                                                        OR      column_name     = 'dwh_layer');
                                                                              
           
2023-02-10 21:52:11,635  |  INFO  |  =============================================================================================================================================================================  
2023-02-10 21:52:11,635  |  DEBUG  |    
2023-02-10 21:52:11,640  |  INFO  |  Rows before SQL insert in Postgres: 0   
2023-02-10 21:52:11,641  |  DEBUG  |    
2023-02-10 21:52:11,645  |  DEBUG  |  ---------------------------------  
2023-02-10 21:52:11,645  |  INFO  |  INSERT SUCCESS: Uploaded ticket_prices record no 1   
2023-02-10 21:52:11,646  |  DEBUG  |  ---------------------------------  
2023-02-10 21:52:11,647  |  DEBUG  |  ---------------------------------  
2023-02-10 21:52:11,648  |  INFO  |  INSERT SUCCESS: Uploaded ticket_prices record no 2   
2023-02-10 21:52:11,648  |  DEBUG  |  ---------------------------------  
2023-02-10 21:52:11,650  |  DEBUG  |  ---------------------------------  
2023-02-10 21:52:11,650  |  INFO  |  INSERT SUCCESS: Uploaded ticket_prices record no 3   
2023-02-10 21:52:11,651  |  DEBUG  |  ---------------------------------  
2023-02-10 21:52:11,652  |  DEBUG  |  ---------------------------------  
2023-02-10 21:52:11,653  |  INFO  |  INSERT SUCCESS: Uploaded ticket_prices record no 4   
2023-02-10 21:52:11,654  |  DEBUG  |  ---------------------------------  
2023-02-10 21:52:11,655  |  DEBUG  |  ---------------------------------  
2023-02-10 21:52:11,656  |  INFO  |  INSERT SUCCESS: Uploaded ticket_prices record no 5   
2023-02-10 21:52:11,656  |  DEBUG  |  ---------------------------------  
2023-02-10 21:52:11,657  |  DEBUG  |  ---------------------------------  
2023-02-10 21:52:11,658  |  INFO  |  INSERT SUCCESS: Uploaded ticket_prices record no 6   
2023-02-10 21:52:11,658  |  DEBUG  |  ---------------------------------  
2023-02-10 21:52:11,659  |  DEBUG  |  ---------------------------------  
2023-02-10 21:52:11,660  |  INFO  |  INSERT SUCCESS: Uploaded ticket_prices record no 7   
2023-02-10 21:52:11,660  |  DEBUG  |  ---------------------------------  
2023-02-10 21:52:11,661  |  DEBUG  |  ---------------------------------  
2023-02-10 21:52:11,662  |  INFO  |  INSERT SUCCESS: Uploaded ticket_prices record no 8   
2023-02-10 21:52:11,662  |  DEBUG  |  ---------------------------------  
2023-02-10 21:52:11,663  |  DEBUG  |  ---------------------------------  
2023-02-10 21:52:11,664  |  INFO  |  INSERT SUCCESS: Uploaded ticket_prices record no 9   
2023-02-10 21:52:11,664  |  DEBUG  |  ---------------------------------  
2023-02-10 21:52:11,665  |  DEBUG  |  ---------------------------------  
2023-02-10 21:52:11,666  |  INFO  |  INSERT SUCCESS: Uploaded ticket_prices record no 10   
2023-02-10 21:52:11,667  |  DEBUG  |  ---------------------------------  
2023-02-10 21:52:11,668  |  DEBUG  |  ---------------------------------  
2023-02-10 21:52:11,669  |  INFO  |  INSERT SUCCESS: Uploaded ticket_prices record no 11   
2023-02-10 21:52:11,670  |  DEBUG  |  ---------------------------------  
2023-02-10 21:52:11,672  |  DEBUG  |  ---------------------------------  
2023-02-10 21:52:11,673  |  INFO  |  INSERT SUCCESS: Uploaded ticket_prices record no 12   
2023-02-10 21:52:11,673  |  DEBUG  |  ---------------------------------  
2023-02-10 21:52:11,674  |  DEBUG  |  ---------------------------------  
2023-02-10 21:52:11,675  |  INFO  |  INSERT SUCCESS: Uploaded ticket_prices record no 13   
2023-02-10 21:52:11,676  |  DEBUG  |  ---------------------------------  
2023-02-10 21:52:11,677  |  DEBUG  |  ---------------------------------  
2023-02-10 21:52:11,678  |  INFO  |  INSERT SUCCESS: Uploaded ticket_prices record no 14   
2023-02-10 21:52:11,678  |  DEBUG  |  ---------------------------------  
2023-02-10 21:52:11,679  |  DEBUG  |  ---------------------------------  
2023-02-10 21:52:11,680  |  INFO  |  INSERT SUCCESS: Uploaded ticket_prices record no 15   
2023-02-10 21:52:11,681  |  DEBUG  |  ---------------------------------  
2023-02-10 21:52:11,682  |  DEBUG  |  ---------------------------------  
2023-02-10 21:52:11,683  |  INFO  |  INSERT SUCCESS: Uploaded ticket_prices record no 16   
2023-02-10 21:52:11,684  |  DEBUG  |  ---------------------------------  
2023-02-10 21:52:11,686  |  DEBUG  |  ---------------------------------  
2023-02-10 21:52:11,687  |  INFO  |  INSERT SUCCESS: Uploaded ticket_prices record no 17   
2023-02-10 21:52:11,688  |  DEBUG  |  ---------------------------------  
2023-02-10 21:52:11,689  |  DEBUG  |  ---------------------------------  
2023-02-10 21:52:11,690  |  INFO  |  INSERT SUCCESS: Uploaded ticket_prices record no 18   
2023-02-10 21:52:11,690  |  DEBUG  |  ---------------------------------  
2023-02-10 21:52:11,691  |  DEBUG  |  ---------------------------------  
2023-02-10 21:52:11,692  |  INFO  |  INSERT SUCCESS: Uploaded ticket_prices record no 19   
2023-02-10 21:52:11,693  |  DEBUG  |  ---------------------------------  
2023-02-10 21:52:11,694  |  DEBUG  |  ---------------------------------  
2023-02-10 21:52:11,695  |  INFO  |  INSERT SUCCESS: Uploaded ticket_prices record no 20   
2023-02-10 21:52:11,695  |  DEBUG  |  ---------------------------------  
2023-02-10 21:52:11,696  |  DEBUG  |  ---------------------------------  
2023-02-10 21:52:11,697  |  INFO  |  INSERT SUCCESS: Uploaded ticket_prices record no 21   
2023-02-10 21:52:11,698  |  DEBUG  |  ---------------------------------  
2023-02-10 21:52:11,699  |  DEBUG  |  ---------------------------------  
2023-02-10 21:52:11,699  |  INFO  |  INSERT SUCCESS: Uploaded ticket_prices record no 22   
2023-02-10 21:52:11,700  |  DEBUG  |  ---------------------------------  
2023-02-10 21:52:11,702  |  DEBUG  |  ---------------------------------  
2023-02-10 21:52:11,702  |  INFO  |  INSERT SUCCESS: Uploaded ticket_prices record no 23   
2023-02-10 21:52:11,703  |  DEBUG  |  ---------------------------------  
2023-02-10 21:52:11,705  |  DEBUG  |  ---------------------------------  
2023-02-10 21:52:11,705  |  INFO  |  INSERT SUCCESS: Uploaded ticket_prices record no 24   
2023-02-10 21:52:11,706  |  DEBUG  |  ---------------------------------  
2023-02-10 21:52:11,707  |  DEBUG  |  ---------------------------------  
2023-02-10 21:52:11,707  |  INFO  |  INSERT SUCCESS: Uploaded ticket_prices record no 25   
2023-02-10 21:52:11,708  |  DEBUG  |  ---------------------------------  
2023-02-10 21:52:11,709  |  DEBUG  |  ---------------------------------  
2023-02-10 21:52:11,709  |  INFO  |  INSERT SUCCESS: Uploaded ticket_prices record no 26   
2023-02-10 21:52:11,710  |  DEBUG  |  ---------------------------------  
2023-02-10 21:52:11,711  |  DEBUG  |  ---------------------------------  
2023-02-10 21:52:11,712  |  INFO  |  INSERT SUCCESS: Uploaded ticket_prices record no 27   
2023-02-10 21:52:11,712  |  DEBUG  |  ---------------------------------  
2023-02-10 21:52:11,714  |  DEBUG  |  ---------------------------------  
2023-02-10 21:52:11,714  |  INFO  |  INSERT SUCCESS: Uploaded ticket_prices record no 28   
2023-02-10 21:52:11,715  |  DEBUG  |  ---------------------------------  
2023-02-10 21:52:11,716  |  DEBUG  |  ---------------------------------  
2023-02-10 21:52:11,717  |  INFO  |  INSERT SUCCESS: Uploaded ticket_prices record no 29   
2023-02-10 21:52:11,717  |  DEBUG  |  ---------------------------------  
2023-02-10 21:52:11,719  |  DEBUG  |  ---------------------------------  
2023-02-10 21:52:11,720  |  INFO  |  INSERT SUCCESS: Uploaded ticket_prices record no 30   
2023-02-10 21:52:11,721  |  DEBUG  |  ---------------------------------  
2023-02-10 21:52:11,722  |  DEBUG  |  ---------------------------------  
2023-02-10 21:52:11,723  |  INFO  |  INSERT SUCCESS: Uploaded ticket_prices record no 31   
2023-02-10 21:52:11,724  |  DEBUG  |  ---------------------------------  
2023-02-10 21:52:11,725  |  DEBUG  |  ---------------------------------  
2023-02-10 21:52:11,725  |  INFO  |  INSERT SUCCESS: Uploaded ticket_prices record no 32   
2023-02-10 21:52:11,726  |  DEBUG  |  ---------------------------------  
2023-02-10 21:52:11,727  |  DEBUG  |  ---------------------------------  
2023-02-10 21:52:11,728  |  INFO  |  INSERT SUCCESS: Uploaded ticket_prices record no 33   
2023-02-10 21:52:11,728  |  DEBUG  |  ---------------------------------  
2023-02-10 21:52:11,730  |  DEBUG  |  ---------------------------------  
2023-02-10 21:52:11,730  |  INFO  |  INSERT SUCCESS: Uploaded ticket_prices record no 34   
2023-02-10 21:52:11,731  |  DEBUG  |  ---------------------------------  
2023-02-10 21:52:11,733  |  DEBUG  |  ---------------------------------  
2023-02-10 21:52:11,733  |  INFO  |  INSERT SUCCESS: Uploaded ticket_prices record no 35   
2023-02-10 21:52:11,734  |  DEBUG  |  ---------------------------------  
2023-02-10 21:52:11,736  |  DEBUG  |  ---------------------------------  
2023-02-10 21:52:11,736  |  INFO  |  INSERT SUCCESS: Uploaded ticket_prices record no 36   
2023-02-10 21:52:11,738  |  DEBUG  |  ---------------------------------  
2023-02-10 21:52:11,739  |  DEBUG  |  ---------------------------------  
2023-02-10 21:52:11,740  |  INFO  |  INSERT SUCCESS: Uploaded ticket_prices record no 37   
2023-02-10 21:52:11,740  |  DEBUG  |  ---------------------------------  
2023-02-10 21:52:11,741  |  DEBUG  |  ---------------------------------  
2023-02-10 21:52:11,742  |  INFO  |  INSERT SUCCESS: Uploaded ticket_prices record no 38   
2023-02-10 21:52:11,742  |  DEBUG  |  ---------------------------------  
2023-02-10 21:52:11,744  |  DEBUG  |  ---------------------------------  
2023-02-10 21:52:11,744  |  INFO  |  INSERT SUCCESS: Uploaded ticket_prices record no 39   
2023-02-10 21:52:11,745  |  DEBUG  |  ---------------------------------  
2023-02-10 21:52:11,746  |  DEBUG  |  ---------------------------------  
2023-02-10 21:52:11,746  |  INFO  |  INSERT SUCCESS: Uploaded ticket_prices record no 40   
2023-02-10 21:52:11,747  |  DEBUG  |  ---------------------------------  
2023-02-10 21:52:11,749  |  DEBUG  |  ---------------------------------  
2023-02-10 21:52:11,749  |  INFO  |  INSERT SUCCESS: Uploaded ticket_prices record no 41   
2023-02-10 21:52:11,750  |  DEBUG  |  ---------------------------------  
2023-02-10 21:52:11,751  |  DEBUG  |  ---------------------------------  
2023-02-10 21:52:11,752  |  INFO  |  INSERT SUCCESS: Uploaded ticket_prices record no 42   
2023-02-10 21:52:11,753  |  DEBUG  |  ---------------------------------  
2023-02-10 21:52:11,755  |  DEBUG  |  ---------------------------------  
2023-02-10 21:52:11,756  |  INFO  |  INSERT SUCCESS: Uploaded ticket_prices record no 43   
2023-02-10 21:52:11,756  |  DEBUG  |  ---------------------------------  
2023-02-10 21:52:11,758  |  DEBUG  |  ---------------------------------  
2023-02-10 21:52:11,758  |  INFO  |  INSERT SUCCESS: Uploaded ticket_prices record no 44   
2023-02-10 21:52:11,758  |  DEBUG  |  ---------------------------------  
2023-02-10 21:52:11,760  |  DEBUG  |  ---------------------------------  
2023-02-10 21:52:11,760  |  INFO  |  INSERT SUCCESS: Uploaded ticket_prices record no 45   
2023-02-10 21:52:11,761  |  DEBUG  |  ---------------------------------  
2023-02-10 21:52:11,762  |  DEBUG  |  ---------------------------------  
2023-02-10 21:52:11,763  |  INFO  |  INSERT SUCCESS: Uploaded ticket_prices record no 46   
2023-02-10 21:52:11,763  |  DEBUG  |  ---------------------------------  
2023-02-10 21:52:11,765  |  DEBUG  |  ---------------------------------  
2023-02-10 21:52:11,765  |  INFO  |  INSERT SUCCESS: Uploaded ticket_prices record no 47   
2023-02-10 21:52:11,766  |  DEBUG  |  ---------------------------------  
2023-02-10 21:52:11,767  |  DEBUG  |  ---------------------------------  
2023-02-10 21:52:11,768  |  INFO  |  INSERT SUCCESS: Uploaded ticket_prices record no 48   
2023-02-10 21:52:11,769  |  DEBUG  |  ---------------------------------  
2023-02-10 21:52:11,770  |  DEBUG  |  ---------------------------------  
2023-02-10 21:52:11,771  |  INFO  |  INSERT SUCCESS: Uploaded ticket_prices record no 49   
2023-02-10 21:52:11,772  |  DEBUG  |  ---------------------------------  
2023-02-10 21:52:11,773  |  DEBUG  |  ---------------------------------  
2023-02-10 21:52:11,774  |  INFO  |  INSERT SUCCESS: Uploaded ticket_prices record no 50   
2023-02-10 21:52:11,774  |  DEBUG  |  ---------------------------------  
2023-02-10 21:52:11,776  |  DEBUG  |  ---------------------------------  
2023-02-10 21:52:11,776  |  INFO  |  INSERT SUCCESS: Uploaded ticket_prices record no 51   
2023-02-10 21:52:11,777  |  DEBUG  |  ---------------------------------  
2023-02-10 21:52:11,778  |  DEBUG  |  ---------------------------------  
2023-02-10 21:52:11,778  |  INFO  |  INSERT SUCCESS: Uploaded ticket_prices record no 52   
2023-02-10 21:52:11,779  |  DEBUG  |  ---------------------------------  
2023-02-10 21:52:11,780  |  DEBUG  |  ---------------------------------  
2023-02-10 21:52:11,781  |  INFO  |  INSERT SUCCESS: Uploaded ticket_prices record no 53   
2023-02-10 21:52:11,781  |  DEBUG  |  ---------------------------------  
2023-02-10 21:52:11,783  |  DEBUG  |  ---------------------------------  
2023-02-10 21:52:11,783  |  INFO  |  INSERT SUCCESS: Uploaded ticket_prices record no 54   
2023-02-10 21:52:11,784  |  DEBUG  |  ---------------------------------  
2023-02-10 21:52:11,788  |  DEBUG  |  ---------------------------------  
2023-02-10 21:52:11,788  |  INFO  |  INSERT SUCCESS: Uploaded ticket_prices record no 55   
2023-02-10 21:52:11,789  |  DEBUG  |  ---------------------------------  
2023-02-10 21:52:11,790  |  DEBUG  |  ---------------------------------  
2023-02-10 21:52:11,791  |  INFO  |  INSERT SUCCESS: Uploaded ticket_prices record no 56   
2023-02-10 21:52:11,792  |  DEBUG  |  ---------------------------------  
2023-02-10 21:52:11,793  |  DEBUG  |  ---------------------------------  
2023-02-10 21:52:11,793  |  INFO  |  INSERT SUCCESS: Uploaded ticket_prices record no 57   
2023-02-10 21:52:11,793  |  DEBUG  |  ---------------------------------  
2023-02-10 21:52:11,794  |  DEBUG  |  ---------------------------------  
2023-02-10 21:52:11,795  |  INFO  |  INSERT SUCCESS: Uploaded ticket_prices record no 58   
2023-02-10 21:52:11,795  |  DEBUG  |  ---------------------------------  
2023-02-10 21:52:11,796  |  DEBUG  |  ---------------------------------  
2023-02-10 21:52:11,797  |  INFO  |  INSERT SUCCESS: Uploaded ticket_prices record no 59   
2023-02-10 21:52:11,798  |  DEBUG  |  ---------------------------------  
2023-02-10 21:52:11,799  |  DEBUG  |  ---------------------------------  
2023-02-10 21:52:11,800  |  INFO  |  INSERT SUCCESS: Uploaded ticket_prices record no 60   
2023-02-10 21:52:11,800  |  DEBUG  |  ---------------------------------  
2023-02-10 21:52:11,802  |  DEBUG  |  ---------------------------------  
2023-02-10 21:52:11,802  |  INFO  |  INSERT SUCCESS: Uploaded ticket_prices record no 61   
2023-02-10 21:52:11,804  |  DEBUG  |  ---------------------------------  
2023-02-10 21:52:11,805  |  DEBUG  |  ---------------------------------  
2023-02-10 21:52:11,806  |  INFO  |  INSERT SUCCESS: Uploaded ticket_prices record no 62   
2023-02-10 21:52:11,806  |  DEBUG  |  ---------------------------------  
2023-02-10 21:52:11,807  |  DEBUG  |  ---------------------------------  
2023-02-10 21:52:11,808  |  INFO  |  INSERT SUCCESS: Uploaded ticket_prices record no 63   
2023-02-10 21:52:11,808  |  DEBUG  |  ---------------------------------  
2023-02-10 21:52:11,809  |  DEBUG  |  ---------------------------------  
2023-02-10 21:52:11,810  |  INFO  |  INSERT SUCCESS: Uploaded ticket_prices record no 64   
2023-02-10 21:52:11,810  |  DEBUG  |  ---------------------------------  
2023-02-10 21:52:11,812  |  INFO  |  Rows after SQL insert in Postgres: 64   
2023-02-10 21:52:11,812  |  DEBUG  |    
2023-02-10 21:52:11,813  |  WARNING  |    
2023-02-10 21:52:11,813  |  WARNING  |    
2023-02-10 21:52:11,814  |  WARNING  |  ================================================  
2023-02-10 21:52:11,814  |  WARNING  |             SENSITIVE COLUMN IDENTIFICATION                
2023-02-10 21:52:11,815  |  WARNING  |  ================================================  
2023-02-10 21:52:11,815  |  WARNING  |    
2023-02-10 21:52:11,816  |  ERROR  |  IMPORTANT NOTE: Invest time in understanding the underlying data fields to avoid highlighting the incorrect fields or omitting fields containing confidential information.            
2023-02-10 21:52:11,817  |  ERROR  |    
2023-02-10 21:52:11,817  |  ERROR  |        Involving the relevant stakeholders in the process of identifying sensitive data fields from the source data is a crucial step to protecting confidential information.   
2023-02-10 21:52:11,818  |  ERROR  |    
2023-02-10 21:52:11,818  |  ERROR  |        Neglecting this step could expose customers and the wider company to serious harm (e.g. cybersecurity hacks, data breaches, unauthorized access to sensitive data), so approach this task with the utmost care.   
2023-02-10 21:52:11,819  |  WARNING  |    
2023-02-10 21:52:11,820  |  WARNING  |    
2023-02-10 21:52:11,821  |  WARNING  |  Now beginning the sensitive column identification stage ...  
2023-02-10 21:52:11,822  |  WARNING  |    
2023-02-10 21:52:11,822  |  WARNING  |  Here are the columns considered sensitive in this table ...  
2023-02-10 21:52:11,823  |  WARNING  |    
2023-02-10 21:52:11,823  |  WARNING  |  1 : 'flight_id'    
2023-02-10 21:52:11,824  |  WARNING  |  2 : 'ticket_price'    
2023-02-10 21:52:11,825  |  WARNING  |  3 : 'ticket_price_date'    
2023-02-10 21:52:11,825  |  WARNING  |    
2023-02-10 21:52:11,826  |  WARNING  |    
2023-02-10 21:52:11,826  |  WARNING  |  Decide on the appropriate treatment for these tables. A few options to consider include:  
2023-02-10 21:52:11,827  |  WARNING  |  1. Masking fields               -   This involves replacing sensitive columns with alternative characters e.g.  'xxxx-xxxx', '*****', '$$$$'.   
2023-02-10 21:52:11,828  |  WARNING  |  2. Encrypting fields            -   This is converting sensitive columns to cipher text (unreadable text format).          
2023-02-10 21:52:11,828  |  WARNING  |  3. Role-based access control    -   Placing a system that delegates privileges based on team members' responsibilities          
2023-02-10 21:52:11,829  |  WARNING  |    
2023-02-10 21:52:11,829  |  WARNING  |  Now terminating the sensitive column identification stage ...  
2023-02-10 21:52:11,830  |  WARNING  |  Sensitive column identification stage ended.   
2023-02-10 21:52:11,831  |  WARNING  |    
2023-02-10 21:52:11,832  |  WARNING  |    
2023-02-10 21:52:11,832  |  WARNING  |    
2023-02-10 21:52:11,853  |  INFO  |    
2023-02-10 21:52:11,854  |  INFO  |    
2023-02-10 21:52:11,854  |  INFO  |  ================================================  
2023-02-10 21:52:11,855  |  INFO  |                DATA PROFILING METRICS                
2023-02-10 21:52:11,855  |  INFO  |  ================================================  
2023-02-10 21:52:11,856  |  INFO  |    
2023-02-10 21:52:11,856  |  INFO  |  Now calculating table statistics...  
2023-02-10 21:52:11,857  |  INFO  |    
2023-02-10 21:52:11,858  |  INFO  |    
2023-02-10 21:52:11,859  |  INFO  |  Table name:                                  raw_ticket_prices_tbl   
2023-02-10 21:52:11,860  |  INFO  |  Schema name:                                 main   
2023-02-10 21:52:11,861  |  INFO  |  Database name:                               raw_db   
2023-02-10 21:52:11,862  |  INFO  |  Data warehouse layer:                        RAW   
2023-02-10 21:52:11,863  |  INFO  |    
2023-02-10 21:52:11,863  |  INFO  |    
2023-02-10 21:52:11,864  |  INFO  |  Number of rows in table:                     64   
2023-02-10 21:52:11,864  |  INFO  |  Number of columns in table:                  9   
2023-02-10 21:52:11,865  |  INFO  |    
2023-02-10 21:52:11,866  |  INFO  |  Successful records uploaded total :          64 / 64     
2023-02-10 21:52:11,866  |  INFO  |  Failed/Errored records uploaded total:       0 / 64         
2023-02-10 21:52:11,867  |  INFO  |    
2023-02-10 21:52:11,868  |  INFO  |  Successful records uploaded % :              100.0      
2023-02-10 21:52:11,869  |  INFO  |  Failed/Errored records uploaded %:           0.0         
2023-02-10 21:52:11,870  |  INFO  |    
2023-02-10 21:52:11,871  |  INFO  |  Number of unique records:                    64 / 64  
2023-02-10 21:52:11,871  |  INFO  |  Number of duplicate records:                 0 / 64  
2023-02-10 21:52:11,872  |  INFO  |    
2023-02-10 21:52:11,873  |  INFO  |  Unique records %:                            100.0   
2023-02-10 21:52:11,873  |  INFO  |  Duplicate records %:                         0.0   
2023-02-10 21:52:11,877  |  INFO  |    
2023-02-10 21:52:11,880  |  INFO  |  Column name: flight_id,  Column no: 1,  Number of NULL values: 0   
2023-02-10 21:52:11,884  |  INFO  |  Column name: ticket_price,  Column no: 2,  Number of NULL values: 0   
2023-02-10 21:52:11,885  |  INFO  |  Column name: ticket_price_date,  Column no: 3,  Number of NULL values: 0   
2023-02-10 21:52:11,888  |  INFO  |  Column name: created_at,  Column no: 4,  Number of NULL values: 0   
2023-02-10 21:52:11,889  |  INFO  |  Column name: updated_at,  Column no: 5,  Number of NULL values: 0   
2023-02-10 21:52:11,890  |  INFO  |  Column name: source_system,  Column no: 6,  Number of NULL values: 0   
2023-02-10 21:52:11,892  |  INFO  |  Column name: source_file,  Column no: 7,  Number of NULL values: 0   
2023-02-10 21:52:11,893  |  INFO  |  Column name: load_timestamp,  Column no: 8,  Number of NULL values: 0   
2023-02-10 21:52:11,895  |  INFO  |  Column name: dwh_layer,  Column no: 9,  Number of NULL values: 0   
2023-02-10 21:52:11,896  |  INFO  |    
2023-02-10 21:52:11,896  |  INFO  |  ================================================  
2023-02-10 21:52:11,897  |  INFO  |    
2023-02-10 21:52:11,897  |  INFO  |  Now calculating performance statistics (from a Python standpoint)...  
2023-02-10 21:52:11,898  |  INFO  |    
2023-02-10 21:52:11,899  |  INFO  |    
2023-02-10 21:52:11,899  |  INFO  |  1. Execution time for CREATING schema: 3.9992332458496094 ms   
2023-02-10 21:52:11,900  |  INFO  |    
2023-02-10 21:52:11,901  |  INFO  |    
2023-02-10 21:52:11,901  |  INFO  |  2. Execution time for CREATING schema (VAL CHECK): 20.05767822265625 ms   
2023-02-10 21:52:11,902  |  INFO  |    
2023-02-10 21:52:11,902  |  INFO  |    
2023-02-10 21:52:11,903  |  INFO  |  3. Execution time for DELETING schema:  11.008024215698242 ms   
2023-02-10 21:52:11,903  |  INFO  |    
2023-02-10 21:52:11,904  |  INFO  |    
2023-02-10 21:52:11,905  |  INFO  |  4. Execution time for DELETING schema (VAL CHECK):  12.122154235839844 ms   
2023-02-10 21:52:11,906  |  INFO  |    
2023-02-10 21:52:11,906  |  INFO  |    
2023-02-10 21:52:11,907  |  INFO  |  5. Execution time for CREATING table:  17.693758010864258 ms   
2023-02-10 21:52:11,908  |  INFO  |    
2023-02-10 21:52:11,909  |  INFO  |    
2023-02-10 21:52:11,909  |  INFO  |  6. Execution time for CREATING table (VAL CHECK):  1.4925003051757812 ms   
2023-02-10 21:52:11,910  |  INFO  |    
2023-02-10 21:52:11,910  |  INFO  |    
2023-02-10 21:52:11,911  |  INFO  |  7. Execution time for ADDING data lineage:  8.431434631347656 ms   
2023-02-10 21:52:11,912  |  INFO  |    
2023-02-10 21:52:11,912  |  INFO  |    
2023-02-10 21:52:11,913  |  INFO  |  8. Execution time for ADDING data lineage (VAL CHECK):  34.57021713256836 ms   
2023-02-10 21:52:11,913  |  INFO  |    
2023-02-10 21:52:11,914  |  INFO  |    
2023-02-10 21:52:11,915  |  INFO  |  9. Execution time for INSERTING rows to table:  175.25434494018555 ms   
2023-02-10 21:52:11,915  |  INFO  |    
2023-02-10 21:52:11,916  |  INFO  |    
2023-02-10 21:52:11,917  |  INFO  |  10. Execution time for COUNTING uploaded rows to table:  1.0030269622802734 ms   
2023-02-10 21:52:11,918  |  INFO  |    
2023-02-10 21:52:11,918  |  INFO  |    
2023-02-10 21:52:11,919  |  INFO  |    
2023-02-10 21:52:11,919  |  INFO  |  ================================================  
2023-02-10 21:52:11,920  |  DEBUG  |    
2023-02-10 21:52:11,921  |  INFO  |  DATA VALIDATION SUCCESS: All general DQ checks passed!   
2023-02-10 21:52:11,921  |  DEBUG  |    
2023-02-10 21:52:11,922  |  INFO  |  Now saving changes made by SQL statements to Postgres DB....  
2023-02-10 21:52:11,933  |  INFO  |  Saved successfully, now terminating cursor and current session....  
2023-02-10 21:52:11,934  |  DEBUG  |    
2023-02-10 21:52:11,934  |  DEBUG  |  Cursor closed successfully.  
2023-02-10 21:52:11,936  |  DEBUG  |  Session connected to Postgres database closed.  
