2023-02-10 23:02:53,405  |  INFO  |    
2023-02-10 23:02:53,406  |  INFO  |  ---------------------------------------------  
2023-02-10 23:02:53,406  |  INFO  |  Beginning the source data extraction process...  
2023-02-10 23:02:53,408  |  INFO  |  Successfully located 'flight_bookings.json'  
2023-02-10 23:02:53,409  |  INFO  |  File type: '<class 'list'>'  
2023-02-10 23:02:53,498  |  DEBUG  |    
2023-02-10 23:02:53,499  |  INFO  |  =================================================================================  
2023-02-10 23:02:53,500  |  INFO  |  CONNECTION SUCCESS: Managed to connect successfully to the raw_db database!!  
2023-02-10 23:02:53,501  |  INFO  |  Connection details: user=postgres password=xxx dbname=raw_db host=localhost port=5434   
2023-02-10 23:02:53,501  |  INFO  |  =================================================================================  
2023-02-10 23:02:53,502  |  DEBUG  |    
2023-02-10 23:02:53,529  |  DEBUG  |    
2023-02-10 23:02:53,529  |  INFO  |  =================================================================================================  
2023-02-10 23:02:53,529  |  INFO  |  SCHEMA CREATION SUCCESS: Managed to create main schema in raw_db   
2023-02-10 23:02:53,530  |  INFO  |  Schema name in Postgres: main   
2023-02-10 23:02:53,530  |  INFO  |  SQL Query for validation check:     SELECT schema_name from information_schema.schemata WHERE schema_name= 'main';
           
2023-02-10 23:02:53,531  |  INFO  |  =================================================================================================  
2023-02-10 23:02:53,531  |  DEBUG  |    
2023-02-10 23:02:53,558  |  DEBUG  |    
2023-02-10 23:02:53,559  |  ERROR  |  ==========================================================================================================================================================================  
2023-02-10 23:02:53,559  |  ERROR  |  TABLE DELETION FAILURE: Unable to delete raw_flight_bookings_tbl. This table may have objects that depend on it (use DROP TABLE ... CASCADE to resolve) or it doesn't exist.   
2023-02-10 23:02:53,560  |  ERROR  |  SQL Query for validation check:     SELECT EXISTS (SELECT 1 FROM information_schema.tables WHERE table_name = 'raw_flight_bookings_tbl' );
           
2023-02-10 23:02:53,560  |  ERROR  |  ==========================================================================================================================================================================  
2023-02-10 23:02:53,561  |  DEBUG  |    
2023-02-10 23:02:53,587  |  DEBUG  |    
2023-02-10 23:02:53,587  |  INFO  |  =============================================================================================================================================================================  
2023-02-10 23:02:53,588  |  INFO  |  TABLE CREATION SUCCESS: Managed to create raw_flight_bookings_tbl table in raw_db.    
2023-02-10 23:02:53,588  |  INFO  |  SQL Query for validation check:         SELECT EXISTS (SELECT 1 FROM information_schema.tables WHERE table_name = 'raw_flight_bookings_tbl' );
           
2023-02-10 23:02:53,589  |  INFO  |  =============================================================================================================================================================================  
2023-02-10 23:02:53,590  |  DEBUG  |    
2023-02-10 23:02:53,631  |  DEBUG  |    
2023-02-10 23:02:53,632  |  INFO  |  =============================================================================================================================================================================  
2023-02-10 23:02:53,632  |  INFO  |  DATA LINEAGE FIELDS CREATION SUCCESS: Managed to create data lineage columns in main.raw_flight_bookings_tbl.    
2023-02-10 23:02:53,632  |  INFO  |  SQL Query for validation check:          
                                                                    SELECT * 
                                                                    FROM    information_schema.columns 
                                                                    WHERE   table_name      = 'raw_flight_bookings_tbl' 
                                                                        AND     (column_name    = 'created_at'
                                                                        OR      column_name     = 'updated_at' 
                                                                        OR      column_name     = 'source_system' 
                                                                        OR      column_name     = 'source_file' 
                                                                        OR      column_name     = 'load_timestamp' 
                                                                        OR      column_name     = 'dwh_layer');
                                                                              
           
2023-02-10 23:02:53,634  |  INFO  |  =============================================================================================================================================================================  
2023-02-10 23:02:53,635  |  DEBUG  |    
2023-02-10 23:02:53,638  |  INFO  |  Rows before SQL insert in Postgres: 0   
2023-02-10 23:02:53,639  |  DEBUG  |    
2023-02-10 23:02:53,644  |  DEBUG  |  ---------------------------------  
2023-02-10 23:02:53,645  |  INFO  |  INSERT SUCCESS: Uploaded flight_bookings record no 1   
2023-02-10 23:02:53,645  |  DEBUG  |  ---------------------------------  
2023-02-10 23:02:53,647  |  DEBUG  |  ---------------------------------  
2023-02-10 23:02:53,648  |  INFO  |  INSERT SUCCESS: Uploaded flight_bookings record no 2   
2023-02-10 23:02:53,648  |  DEBUG  |  ---------------------------------  
2023-02-10 23:02:53,650  |  DEBUG  |  ---------------------------------  
2023-02-10 23:02:53,650  |  INFO  |  INSERT SUCCESS: Uploaded flight_bookings record no 3   
2023-02-10 23:02:53,651  |  DEBUG  |  ---------------------------------  
2023-02-10 23:02:53,652  |  DEBUG  |  ---------------------------------  
2023-02-10 23:02:53,652  |  INFO  |  INSERT SUCCESS: Uploaded flight_bookings record no 4   
2023-02-10 23:02:53,653  |  DEBUG  |  ---------------------------------  
2023-02-10 23:02:53,654  |  DEBUG  |  ---------------------------------  
2023-02-10 23:02:53,654  |  INFO  |  INSERT SUCCESS: Uploaded flight_bookings record no 5   
2023-02-10 23:02:53,654  |  DEBUG  |  ---------------------------------  
2023-02-10 23:02:53,656  |  DEBUG  |  ---------------------------------  
2023-02-10 23:02:53,656  |  INFO  |  INSERT SUCCESS: Uploaded flight_bookings record no 6   
2023-02-10 23:02:53,656  |  DEBUG  |  ---------------------------------  
2023-02-10 23:02:53,658  |  DEBUG  |  ---------------------------------  
2023-02-10 23:02:53,659  |  INFO  |  INSERT SUCCESS: Uploaded flight_bookings record no 7   
2023-02-10 23:02:53,659  |  DEBUG  |  ---------------------------------  
2023-02-10 23:02:53,660  |  DEBUG  |  ---------------------------------  
2023-02-10 23:02:53,661  |  INFO  |  INSERT SUCCESS: Uploaded flight_bookings record no 8   
2023-02-10 23:02:53,661  |  DEBUG  |  ---------------------------------  
2023-02-10 23:02:53,662  |  DEBUG  |  ---------------------------------  
2023-02-10 23:02:53,663  |  INFO  |  INSERT SUCCESS: Uploaded flight_bookings record no 9   
2023-02-10 23:02:53,663  |  DEBUG  |  ---------------------------------  
2023-02-10 23:02:53,664  |  DEBUG  |  ---------------------------------  
2023-02-10 23:02:53,665  |  INFO  |  INSERT SUCCESS: Uploaded flight_bookings record no 10   
2023-02-10 23:02:53,665  |  DEBUG  |  ---------------------------------  
2023-02-10 23:02:53,666  |  DEBUG  |  ---------------------------------  
2023-02-10 23:02:53,667  |  INFO  |  INSERT SUCCESS: Uploaded flight_bookings record no 11   
2023-02-10 23:02:53,667  |  DEBUG  |  ---------------------------------  
2023-02-10 23:02:53,668  |  DEBUG  |  ---------------------------------  
2023-02-10 23:02:53,669  |  INFO  |  INSERT SUCCESS: Uploaded flight_bookings record no 12   
2023-02-10 23:02:53,670  |  DEBUG  |  ---------------------------------  
2023-02-10 23:02:53,671  |  DEBUG  |  ---------------------------------  
2023-02-10 23:02:53,671  |  INFO  |  INSERT SUCCESS: Uploaded flight_bookings record no 13   
2023-02-10 23:02:53,671  |  DEBUG  |  ---------------------------------  
2023-02-10 23:02:53,673  |  DEBUG  |  ---------------------------------  
2023-02-10 23:02:53,673  |  INFO  |  INSERT SUCCESS: Uploaded flight_bookings record no 14   
2023-02-10 23:02:53,674  |  DEBUG  |  ---------------------------------  
2023-02-10 23:02:53,675  |  DEBUG  |  ---------------------------------  
2023-02-10 23:02:53,676  |  INFO  |  INSERT SUCCESS: Uploaded flight_bookings record no 15   
2023-02-10 23:02:53,677  |  DEBUG  |  ---------------------------------  
2023-02-10 23:02:53,678  |  DEBUG  |  ---------------------------------  
2023-02-10 23:02:53,678  |  INFO  |  INSERT SUCCESS: Uploaded flight_bookings record no 16   
2023-02-10 23:02:53,679  |  DEBUG  |  ---------------------------------  
2023-02-10 23:02:53,680  |  DEBUG  |  ---------------------------------  
2023-02-10 23:02:53,681  |  INFO  |  INSERT SUCCESS: Uploaded flight_bookings record no 17   
2023-02-10 23:02:53,681  |  DEBUG  |  ---------------------------------  
2023-02-10 23:02:53,683  |  DEBUG  |  ---------------------------------  
2023-02-10 23:02:53,683  |  INFO  |  INSERT SUCCESS: Uploaded flight_bookings record no 18   
2023-02-10 23:02:53,684  |  DEBUG  |  ---------------------------------  
2023-02-10 23:02:53,685  |  DEBUG  |  ---------------------------------  
2023-02-10 23:02:53,686  |  INFO  |  INSERT SUCCESS: Uploaded flight_bookings record no 19   
2023-02-10 23:02:53,686  |  DEBUG  |  ---------------------------------  
2023-02-10 23:02:53,687  |  DEBUG  |  ---------------------------------  
2023-02-10 23:02:53,687  |  INFO  |  INSERT SUCCESS: Uploaded flight_bookings record no 20   
2023-02-10 23:02:53,688  |  DEBUG  |  ---------------------------------  
2023-02-10 23:02:53,689  |  DEBUG  |  ---------------------------------  
2023-02-10 23:02:53,689  |  INFO  |  INSERT SUCCESS: Uploaded flight_bookings record no 21   
2023-02-10 23:02:53,690  |  DEBUG  |  ---------------------------------  
2023-02-10 23:02:53,691  |  DEBUG  |  ---------------------------------  
2023-02-10 23:02:53,691  |  INFO  |  INSERT SUCCESS: Uploaded flight_bookings record no 22   
2023-02-10 23:02:53,691  |  DEBUG  |  ---------------------------------  
2023-02-10 23:02:53,693  |  DEBUG  |  ---------------------------------  
2023-02-10 23:02:53,693  |  INFO  |  INSERT SUCCESS: Uploaded flight_bookings record no 23   
2023-02-10 23:02:53,694  |  DEBUG  |  ---------------------------------  
2023-02-10 23:02:53,695  |  DEBUG  |  ---------------------------------  
2023-02-10 23:02:53,696  |  INFO  |  INSERT SUCCESS: Uploaded flight_bookings record no 24   
2023-02-10 23:02:53,696  |  DEBUG  |  ---------------------------------  
2023-02-10 23:02:53,697  |  DEBUG  |  ---------------------------------  
2023-02-10 23:02:53,698  |  INFO  |  INSERT SUCCESS: Uploaded flight_bookings record no 25   
2023-02-10 23:02:53,698  |  DEBUG  |  ---------------------------------  
2023-02-10 23:02:53,699  |  DEBUG  |  ---------------------------------  
2023-02-10 23:02:53,700  |  INFO  |  INSERT SUCCESS: Uploaded flight_bookings record no 26   
2023-02-10 23:02:53,700  |  DEBUG  |  ---------------------------------  
2023-02-10 23:02:53,702  |  DEBUG  |  ---------------------------------  
2023-02-10 23:02:53,702  |  INFO  |  INSERT SUCCESS: Uploaded flight_bookings record no 27   
2023-02-10 23:02:53,702  |  DEBUG  |  ---------------------------------  
2023-02-10 23:02:53,704  |  DEBUG  |  ---------------------------------  
2023-02-10 23:02:53,704  |  INFO  |  INSERT SUCCESS: Uploaded flight_bookings record no 28   
2023-02-10 23:02:53,705  |  DEBUG  |  ---------------------------------  
2023-02-10 23:02:53,706  |  DEBUG  |  ---------------------------------  
2023-02-10 23:02:53,706  |  INFO  |  INSERT SUCCESS: Uploaded flight_bookings record no 29   
2023-02-10 23:02:53,706  |  DEBUG  |  ---------------------------------  
2023-02-10 23:02:53,707  |  DEBUG  |  ---------------------------------  
2023-02-10 23:02:53,707  |  INFO  |  INSERT SUCCESS: Uploaded flight_bookings record no 30   
2023-02-10 23:02:53,708  |  DEBUG  |  ---------------------------------  
2023-02-10 23:02:53,709  |  DEBUG  |  ---------------------------------  
2023-02-10 23:02:53,710  |  INFO  |  INSERT SUCCESS: Uploaded flight_bookings record no 31   
2023-02-10 23:02:53,710  |  DEBUG  |  ---------------------------------  
2023-02-10 23:02:53,712  |  DEBUG  |  ---------------------------------  
2023-02-10 23:02:53,712  |  INFO  |  INSERT SUCCESS: Uploaded flight_bookings record no 32   
2023-02-10 23:02:53,713  |  DEBUG  |  ---------------------------------  
2023-02-10 23:02:53,715  |  DEBUG  |  ---------------------------------  
2023-02-10 23:02:53,716  |  INFO  |  INSERT SUCCESS: Uploaded flight_bookings record no 33   
2023-02-10 23:02:53,716  |  DEBUG  |  ---------------------------------  
2023-02-10 23:02:53,717  |  DEBUG  |  ---------------------------------  
2023-02-10 23:02:53,718  |  INFO  |  INSERT SUCCESS: Uploaded flight_bookings record no 34   
2023-02-10 23:02:53,718  |  DEBUG  |  ---------------------------------  
2023-02-10 23:02:53,719  |  DEBUG  |  ---------------------------------  
2023-02-10 23:02:53,720  |  INFO  |  INSERT SUCCESS: Uploaded flight_bookings record no 35   
2023-02-10 23:02:53,720  |  DEBUG  |  ---------------------------------  
2023-02-10 23:02:53,722  |  DEBUG  |  ---------------------------------  
2023-02-10 23:02:53,722  |  INFO  |  INSERT SUCCESS: Uploaded flight_bookings record no 36   
2023-02-10 23:02:53,722  |  DEBUG  |  ---------------------------------  
2023-02-10 23:02:53,723  |  DEBUG  |  ---------------------------------  
2023-02-10 23:02:53,724  |  INFO  |  INSERT SUCCESS: Uploaded flight_bookings record no 37   
2023-02-10 23:02:53,724  |  DEBUG  |  ---------------------------------  
2023-02-10 23:02:53,726  |  DEBUG  |  ---------------------------------  
2023-02-10 23:02:53,726  |  INFO  |  INSERT SUCCESS: Uploaded flight_bookings record no 38   
2023-02-10 23:02:53,727  |  DEBUG  |  ---------------------------------  
2023-02-10 23:02:53,728  |  DEBUG  |  ---------------------------------  
2023-02-10 23:02:53,729  |  INFO  |  INSERT SUCCESS: Uploaded flight_bookings record no 39   
2023-02-10 23:02:53,729  |  DEBUG  |  ---------------------------------  
2023-02-10 23:02:53,731  |  DEBUG  |  ---------------------------------  
2023-02-10 23:02:53,731  |  INFO  |  INSERT SUCCESS: Uploaded flight_bookings record no 40   
2023-02-10 23:02:53,732  |  DEBUG  |  ---------------------------------  
2023-02-10 23:02:53,733  |  DEBUG  |  ---------------------------------  
2023-02-10 23:02:53,734  |  INFO  |  INSERT SUCCESS: Uploaded flight_bookings record no 41   
2023-02-10 23:02:53,734  |  DEBUG  |  ---------------------------------  
2023-02-10 23:02:53,735  |  DEBUG  |  ---------------------------------  
2023-02-10 23:02:53,736  |  INFO  |  INSERT SUCCESS: Uploaded flight_bookings record no 42   
2023-02-10 23:02:53,736  |  DEBUG  |  ---------------------------------  
2023-02-10 23:02:53,737  |  DEBUG  |  ---------------------------------  
2023-02-10 23:02:53,738  |  INFO  |  INSERT SUCCESS: Uploaded flight_bookings record no 43   
2023-02-10 23:02:53,738  |  DEBUG  |  ---------------------------------  
2023-02-10 23:02:53,739  |  DEBUG  |  ---------------------------------  
2023-02-10 23:02:53,740  |  INFO  |  INSERT SUCCESS: Uploaded flight_bookings record no 44   
2023-02-10 23:02:53,740  |  DEBUG  |  ---------------------------------  
2023-02-10 23:02:53,742  |  DEBUG  |  ---------------------------------  
2023-02-10 23:02:53,742  |  INFO  |  INSERT SUCCESS: Uploaded flight_bookings record no 45   
2023-02-10 23:02:53,743  |  DEBUG  |  ---------------------------------  
2023-02-10 23:02:53,744  |  DEBUG  |  ---------------------------------  
2023-02-10 23:02:53,745  |  INFO  |  INSERT SUCCESS: Uploaded flight_bookings record no 46   
2023-02-10 23:02:53,746  |  DEBUG  |  ---------------------------------  
2023-02-10 23:02:53,747  |  DEBUG  |  ---------------------------------  
2023-02-10 23:02:53,747  |  INFO  |  INSERT SUCCESS: Uploaded flight_bookings record no 47   
2023-02-10 23:02:53,748  |  DEBUG  |  ---------------------------------  
2023-02-10 23:02:53,749  |  DEBUG  |  ---------------------------------  
2023-02-10 23:02:53,749  |  INFO  |  INSERT SUCCESS: Uploaded flight_bookings record no 48   
2023-02-10 23:02:53,750  |  DEBUG  |  ---------------------------------  
2023-02-10 23:02:53,751  |  DEBUG  |  ---------------------------------  
2023-02-10 23:02:53,751  |  INFO  |  INSERT SUCCESS: Uploaded flight_bookings record no 49   
2023-02-10 23:02:53,752  |  DEBUG  |  ---------------------------------  
2023-02-10 23:02:53,753  |  DEBUG  |  ---------------------------------  
2023-02-10 23:02:53,754  |  INFO  |  INSERT SUCCESS: Uploaded flight_bookings record no 50   
2023-02-10 23:02:53,754  |  DEBUG  |  ---------------------------------  
2023-02-10 23:02:53,756  |  DEBUG  |  ---------------------------------  
2023-02-10 23:02:53,756  |  INFO  |  INSERT SUCCESS: Uploaded flight_bookings record no 51   
2023-02-10 23:02:53,757  |  DEBUG  |  ---------------------------------  
2023-02-10 23:02:53,758  |  DEBUG  |  ---------------------------------  
2023-02-10 23:02:53,758  |  INFO  |  INSERT SUCCESS: Uploaded flight_bookings record no 52   
2023-02-10 23:02:53,759  |  DEBUG  |  ---------------------------------  
2023-02-10 23:02:53,760  |  DEBUG  |  ---------------------------------  
2023-02-10 23:02:53,761  |  INFO  |  INSERT SUCCESS: Uploaded flight_bookings record no 53   
2023-02-10 23:02:53,762  |  DEBUG  |  ---------------------------------  
2023-02-10 23:02:53,763  |  DEBUG  |  ---------------------------------  
2023-02-10 23:02:53,764  |  INFO  |  INSERT SUCCESS: Uploaded flight_bookings record no 54   
2023-02-10 23:02:53,765  |  DEBUG  |  ---------------------------------  
2023-02-10 23:02:53,766  |  DEBUG  |  ---------------------------------  
2023-02-10 23:02:53,768  |  INFO  |  INSERT SUCCESS: Uploaded flight_bookings record no 55   
2023-02-10 23:02:53,768  |  DEBUG  |  ---------------------------------  
2023-02-10 23:02:53,769  |  DEBUG  |  ---------------------------------  
2023-02-10 23:02:53,770  |  INFO  |  INSERT SUCCESS: Uploaded flight_bookings record no 56   
2023-02-10 23:02:53,770  |  DEBUG  |  ---------------------------------  
2023-02-10 23:02:53,772  |  DEBUG  |  ---------------------------------  
2023-02-10 23:02:53,772  |  INFO  |  INSERT SUCCESS: Uploaded flight_bookings record no 57   
2023-02-10 23:02:53,773  |  DEBUG  |  ---------------------------------  
2023-02-10 23:02:53,775  |  DEBUG  |  ---------------------------------  
2023-02-10 23:02:53,775  |  INFO  |  INSERT SUCCESS: Uploaded flight_bookings record no 58   
2023-02-10 23:02:53,776  |  DEBUG  |  ---------------------------------  
2023-02-10 23:02:53,777  |  DEBUG  |  ---------------------------------  
2023-02-10 23:02:53,778  |  INFO  |  INSERT SUCCESS: Uploaded flight_bookings record no 59   
2023-02-10 23:02:53,778  |  DEBUG  |  ---------------------------------  
2023-02-10 23:02:53,780  |  DEBUG  |  ---------------------------------  
2023-02-10 23:02:53,781  |  INFO  |  INSERT SUCCESS: Uploaded flight_bookings record no 60   
2023-02-10 23:02:53,782  |  DEBUG  |  ---------------------------------  
2023-02-10 23:02:53,784  |  DEBUG  |  ---------------------------------  
2023-02-10 23:02:53,785  |  INFO  |  INSERT SUCCESS: Uploaded flight_bookings record no 61   
2023-02-10 23:02:53,785  |  DEBUG  |  ---------------------------------  
2023-02-10 23:02:53,787  |  DEBUG  |  ---------------------------------  
2023-02-10 23:02:53,787  |  INFO  |  INSERT SUCCESS: Uploaded flight_bookings record no 62   
2023-02-10 23:02:53,788  |  DEBUG  |  ---------------------------------  
2023-02-10 23:02:53,789  |  DEBUG  |  ---------------------------------  
2023-02-10 23:02:53,790  |  INFO  |  INSERT SUCCESS: Uploaded flight_bookings record no 63   
2023-02-10 23:02:53,791  |  DEBUG  |  ---------------------------------  
2023-02-10 23:02:53,793  |  DEBUG  |  ---------------------------------  
2023-02-10 23:02:53,793  |  INFO  |  INSERT SUCCESS: Uploaded flight_bookings record no 64   
2023-02-10 23:02:53,794  |  DEBUG  |  ---------------------------------  
2023-02-10 23:02:53,796  |  DEBUG  |  ---------------------------------  
2023-02-10 23:02:53,796  |  INFO  |  INSERT SUCCESS: Uploaded flight_bookings record no 65   
2023-02-10 23:02:53,797  |  DEBUG  |  ---------------------------------  
2023-02-10 23:02:53,799  |  DEBUG  |  ---------------------------------  
2023-02-10 23:02:53,800  |  INFO  |  INSERT SUCCESS: Uploaded flight_bookings record no 66   
2023-02-10 23:02:53,800  |  DEBUG  |  ---------------------------------  
2023-02-10 23:02:53,802  |  DEBUG  |  ---------------------------------  
2023-02-10 23:02:53,802  |  INFO  |  INSERT SUCCESS: Uploaded flight_bookings record no 67   
2023-02-10 23:02:53,803  |  DEBUG  |  ---------------------------------  
2023-02-10 23:02:53,804  |  DEBUG  |  ---------------------------------  
2023-02-10 23:02:53,805  |  INFO  |  INSERT SUCCESS: Uploaded flight_bookings record no 68   
2023-02-10 23:02:53,805  |  DEBUG  |  ---------------------------------  
2023-02-10 23:02:53,807  |  DEBUG  |  ---------------------------------  
2023-02-10 23:02:53,808  |  INFO  |  INSERT SUCCESS: Uploaded flight_bookings record no 69   
2023-02-10 23:02:53,808  |  DEBUG  |  ---------------------------------  
2023-02-10 23:02:53,810  |  DEBUG  |  ---------------------------------  
2023-02-10 23:02:53,810  |  INFO  |  INSERT SUCCESS: Uploaded flight_bookings record no 70   
2023-02-10 23:02:53,811  |  DEBUG  |  ---------------------------------  
2023-02-10 23:02:53,813  |  DEBUG  |  ---------------------------------  
2023-02-10 23:02:53,813  |  INFO  |  INSERT SUCCESS: Uploaded flight_bookings record no 71   
2023-02-10 23:02:53,814  |  DEBUG  |  ---------------------------------  
2023-02-10 23:02:53,816  |  DEBUG  |  ---------------------------------  
2023-02-10 23:02:53,817  |  INFO  |  INSERT SUCCESS: Uploaded flight_bookings record no 72   
2023-02-10 23:02:53,817  |  DEBUG  |  ---------------------------------  
2023-02-10 23:02:53,819  |  DEBUG  |  ---------------------------------  
2023-02-10 23:02:53,819  |  INFO  |  INSERT SUCCESS: Uploaded flight_bookings record no 73   
2023-02-10 23:02:53,820  |  DEBUG  |  ---------------------------------  
2023-02-10 23:02:53,821  |  DEBUG  |  ---------------------------------  
2023-02-10 23:02:53,822  |  INFO  |  INSERT SUCCESS: Uploaded flight_bookings record no 74   
2023-02-10 23:02:53,823  |  DEBUG  |  ---------------------------------  
2023-02-10 23:02:53,824  |  DEBUG  |  ---------------------------------  
2023-02-10 23:02:53,825  |  INFO  |  INSERT SUCCESS: Uploaded flight_bookings record no 75   
2023-02-10 23:02:53,826  |  DEBUG  |  ---------------------------------  
2023-02-10 23:02:53,827  |  DEBUG  |  ---------------------------------  
2023-02-10 23:02:53,828  |  INFO  |  INSERT SUCCESS: Uploaded flight_bookings record no 76   
2023-02-10 23:02:53,829  |  DEBUG  |  ---------------------------------  
2023-02-10 23:02:53,830  |  DEBUG  |  ---------------------------------  
2023-02-10 23:02:53,831  |  INFO  |  INSERT SUCCESS: Uploaded flight_bookings record no 77   
2023-02-10 23:02:53,832  |  DEBUG  |  ---------------------------------  
2023-02-10 23:02:53,833  |  DEBUG  |  ---------------------------------  
2023-02-10 23:02:53,834  |  INFO  |  INSERT SUCCESS: Uploaded flight_bookings record no 78   
2023-02-10 23:02:53,835  |  DEBUG  |  ---------------------------------  
2023-02-10 23:02:53,836  |  DEBUG  |  ---------------------------------  
2023-02-10 23:02:53,837  |  INFO  |  INSERT SUCCESS: Uploaded flight_bookings record no 79   
2023-02-10 23:02:53,838  |  DEBUG  |  ---------------------------------  
2023-02-10 23:02:53,839  |  DEBUG  |  ---------------------------------  
2023-02-10 23:02:53,839  |  INFO  |  INSERT SUCCESS: Uploaded flight_bookings record no 80   
2023-02-10 23:02:53,840  |  DEBUG  |  ---------------------------------  
2023-02-10 23:02:53,842  |  DEBUG  |  ---------------------------------  
2023-02-10 23:02:53,843  |  INFO  |  INSERT SUCCESS: Uploaded flight_bookings record no 81   
2023-02-10 23:02:53,843  |  DEBUG  |  ---------------------------------  
2023-02-10 23:02:53,844  |  DEBUG  |  ---------------------------------  
2023-02-10 23:02:53,845  |  INFO  |  INSERT SUCCESS: Uploaded flight_bookings record no 82   
2023-02-10 23:02:53,846  |  DEBUG  |  ---------------------------------  
2023-02-10 23:02:53,848  |  DEBUG  |  ---------------------------------  
2023-02-10 23:02:53,849  |  INFO  |  INSERT SUCCESS: Uploaded flight_bookings record no 83   
2023-02-10 23:02:53,849  |  DEBUG  |  ---------------------------------  
2023-02-10 23:02:53,851  |  DEBUG  |  ---------------------------------  
2023-02-10 23:02:53,852  |  INFO  |  INSERT SUCCESS: Uploaded flight_bookings record no 84   
2023-02-10 23:02:53,853  |  DEBUG  |  ---------------------------------  
2023-02-10 23:02:53,854  |  DEBUG  |  ---------------------------------  
2023-02-10 23:02:53,855  |  INFO  |  INSERT SUCCESS: Uploaded flight_bookings record no 85   
2023-02-10 23:02:53,856  |  DEBUG  |  ---------------------------------  
2023-02-10 23:02:53,857  |  DEBUG  |  ---------------------------------  
2023-02-10 23:02:53,858  |  INFO  |  INSERT SUCCESS: Uploaded flight_bookings record no 86   
2023-02-10 23:02:53,858  |  DEBUG  |  ---------------------------------  
2023-02-10 23:02:53,860  |  DEBUG  |  ---------------------------------  
2023-02-10 23:02:53,861  |  INFO  |  INSERT SUCCESS: Uploaded flight_bookings record no 87   
2023-02-10 23:02:53,862  |  DEBUG  |  ---------------------------------  
2023-02-10 23:02:53,863  |  DEBUG  |  ---------------------------------  
2023-02-10 23:02:53,864  |  INFO  |  INSERT SUCCESS: Uploaded flight_bookings record no 88   
2023-02-10 23:02:53,865  |  DEBUG  |  ---------------------------------  
2023-02-10 23:02:53,867  |  DEBUG  |  ---------------------------------  
2023-02-10 23:02:53,867  |  INFO  |  INSERT SUCCESS: Uploaded flight_bookings record no 89   
2023-02-10 23:02:53,868  |  DEBUG  |  ---------------------------------  
2023-02-10 23:02:53,870  |  DEBUG  |  ---------------------------------  
2023-02-10 23:02:53,871  |  INFO  |  INSERT SUCCESS: Uploaded flight_bookings record no 90   
2023-02-10 23:02:53,871  |  DEBUG  |  ---------------------------------  
2023-02-10 23:02:53,872  |  DEBUG  |  ---------------------------------  
2023-02-10 23:02:53,873  |  INFO  |  INSERT SUCCESS: Uploaded flight_bookings record no 91   
2023-02-10 23:02:53,874  |  DEBUG  |  ---------------------------------  
2023-02-10 23:02:53,875  |  DEBUG  |  ---------------------------------  
2023-02-10 23:02:53,876  |  INFO  |  INSERT SUCCESS: Uploaded flight_bookings record no 92   
2023-02-10 23:02:53,877  |  DEBUG  |  ---------------------------------  
2023-02-10 23:02:53,878  |  DEBUG  |  ---------------------------------  
2023-02-10 23:02:53,879  |  INFO  |  INSERT SUCCESS: Uploaded flight_bookings record no 93   
2023-02-10 23:02:53,880  |  DEBUG  |  ---------------------------------  
2023-02-10 23:02:53,881  |  DEBUG  |  ---------------------------------  
2023-02-10 23:02:53,882  |  INFO  |  INSERT SUCCESS: Uploaded flight_bookings record no 94   
2023-02-10 23:02:53,883  |  DEBUG  |  ---------------------------------  
2023-02-10 23:02:53,884  |  DEBUG  |  ---------------------------------  
2023-02-10 23:02:53,885  |  INFO  |  INSERT SUCCESS: Uploaded flight_bookings record no 95   
2023-02-10 23:02:53,886  |  DEBUG  |  ---------------------------------  
2023-02-10 23:02:53,887  |  DEBUG  |  ---------------------------------  
2023-02-10 23:02:53,888  |  INFO  |  INSERT SUCCESS: Uploaded flight_bookings record no 96   
2023-02-10 23:02:53,888  |  DEBUG  |  ---------------------------------  
2023-02-10 23:02:53,890  |  DEBUG  |  ---------------------------------  
2023-02-10 23:02:53,891  |  INFO  |  INSERT SUCCESS: Uploaded flight_bookings record no 97   
2023-02-10 23:02:53,892  |  DEBUG  |  ---------------------------------  
2023-02-10 23:02:53,893  |  DEBUG  |  ---------------------------------  
2023-02-10 23:02:53,894  |  INFO  |  INSERT SUCCESS: Uploaded flight_bookings record no 98   
2023-02-10 23:02:53,895  |  DEBUG  |  ---------------------------------  
2023-02-10 23:02:53,897  |  DEBUG  |  ---------------------------------  
2023-02-10 23:02:53,897  |  INFO  |  INSERT SUCCESS: Uploaded flight_bookings record no 99   
2023-02-10 23:02:53,898  |  DEBUG  |  ---------------------------------  
2023-02-10 23:02:53,899  |  DEBUG  |  ---------------------------------  
2023-02-10 23:02:53,900  |  INFO  |  INSERT SUCCESS: Uploaded flight_bookings record no 100   
2023-02-10 23:02:53,901  |  DEBUG  |  ---------------------------------  
2023-02-10 23:02:53,902  |  INFO  |  Rows after SQL insert in Postgres: 100   
2023-02-10 23:02:53,903  |  DEBUG  |    
2023-02-10 23:02:53,903  |  WARNING  |    
2023-02-10 23:02:53,904  |  WARNING  |    
2023-02-10 23:02:53,904  |  WARNING  |  ================================================  
2023-02-10 23:02:53,905  |  WARNING  |             SENSITIVE COLUMN IDENTIFICATION                
2023-02-10 23:02:53,906  |  WARNING  |  ================================================  
2023-02-10 23:02:53,906  |  WARNING  |    
2023-02-10 23:02:53,907  |  ERROR  |  IMPORTANT NOTE: Invest time in understanding the underlying data fields to avoid highlighting the incorrect fields or omitting fields containing confidential information.            
2023-02-10 23:02:53,908  |  ERROR  |    
2023-02-10 23:02:53,908  |  ERROR  |        Involving the relevant stakeholders in the process of identifying sensitive data fields from the source data is a crucial step to protecting confidential information.   
2023-02-10 23:02:53,909  |  ERROR  |    
2023-02-10 23:02:53,909  |  ERROR  |        Neglecting this step could expose customers and the wider company to serious harm (e.g. cybersecurity hacks, data breaches, unauthorized access to sensitive data), so approach this task with the utmost care.   
2023-02-10 23:02:53,910  |  WARNING  |    
2023-02-10 23:02:53,911  |  WARNING  |    
2023-02-10 23:02:53,912  |  WARNING  |  Now beginning the sensitive column identification stage ...  
2023-02-10 23:02:53,912  |  WARNING  |    
2023-02-10 23:02:53,913  |  WARNING  |  Here are the columns considered sensitive in this table ...  
2023-02-10 23:02:53,914  |  WARNING  |    
2023-02-10 23:02:53,914  |  WARNING  |  1 : 'confirmation_code'    
2023-02-10 23:02:53,914  |  WARNING  |  2 : 'booking_date'    
2023-02-10 23:02:53,915  |  WARNING  |  3 : 'checked_in'    
2023-02-10 23:02:53,915  |  WARNING  |  4 : 'customer_id'    
2023-02-10 23:02:53,916  |  WARNING  |  5 : 'flight_booking_id'    
2023-02-10 23:02:53,917  |  WARNING  |  6 : 'flight_id'    
2023-02-10 23:02:53,917  |  WARNING  |  7 : 'payment_method'    
2023-02-10 23:02:53,918  |  WARNING  |  8 : 'ticket_price'    
2023-02-10 23:02:53,918  |  WARNING  |    
2023-02-10 23:02:53,920  |  WARNING  |    
2023-02-10 23:02:53,920  |  WARNING  |  Decide on the appropriate treatment for these tables. A few options to consider include:  
2023-02-10 23:02:53,921  |  WARNING  |  1. Masking fields               -   This involves replacing sensitive columns with alternative characters e.g.  'xxxx-xxxx', '*****', '$$$$'.   
2023-02-10 23:02:53,922  |  WARNING  |  2. Encrypting fields            -   This is converting sensitive columns to cipher text (unreadable text format).          
2023-02-10 23:02:53,923  |  WARNING  |  3. Role-based access control    -   Placing a system that delegates privileges based on team members' responsibilities          
2023-02-10 23:02:53,924  |  WARNING  |    
2023-02-10 23:02:53,925  |  WARNING  |  Now terminating the sensitive column identification stage ...  
2023-02-10 23:02:53,926  |  WARNING  |  Sensitive column identification stage ended.   
2023-02-10 23:02:53,927  |  WARNING  |    
2023-02-10 23:02:53,928  |  WARNING  |    
2023-02-10 23:02:53,930  |  WARNING  |    
2023-02-10 23:02:53,943  |  INFO  |    
2023-02-10 23:02:53,944  |  INFO  |    
2023-02-10 23:02:53,944  |  INFO  |  ================================================  
2023-02-10 23:02:53,945  |  INFO  |                DATA PROFILING METRICS                
2023-02-10 23:02:53,945  |  INFO  |  ================================================  
2023-02-10 23:02:53,945  |  INFO  |    
2023-02-10 23:02:53,946  |  INFO  |  Now calculating table statistics...  
2023-02-10 23:02:53,947  |  INFO  |    
2023-02-10 23:02:53,947  |  INFO  |    
2023-02-10 23:02:53,948  |  INFO  |  Table name:                                  raw_flight_bookings_tbl   
2023-02-10 23:02:53,948  |  INFO  |  Schema name:                                 main   
2023-02-10 23:02:53,949  |  INFO  |  Database name:                               raw_db   
2023-02-10 23:02:53,949  |  INFO  |  Data warehouse layer:                        RAW   
2023-02-10 23:02:53,950  |  INFO  |    
2023-02-10 23:02:53,951  |  INFO  |    
2023-02-10 23:02:53,951  |  INFO  |  Number of rows in table:                     100   
2023-02-10 23:02:53,952  |  INFO  |  Number of columns in table:                  14   
2023-02-10 23:02:53,952  |  INFO  |    
2023-02-10 23:02:53,953  |  INFO  |  Successful records uploaded total :          100 / 100     
2023-02-10 23:02:53,953  |  INFO  |  Failed/Errored records uploaded total:       0 / 100         
2023-02-10 23:02:53,954  |  INFO  |    
2023-02-10 23:02:53,955  |  INFO  |  Successful records uploaded % :              100.0      
2023-02-10 23:02:53,955  |  INFO  |  Failed/Errored records uploaded %:           0.0         
2023-02-10 23:02:53,956  |  INFO  |    
2023-02-10 23:02:53,956  |  INFO  |  Number of unique records:                    100 / 100  
2023-02-10 23:02:53,957  |  INFO  |  Number of duplicate records:                 0 / 100  
2023-02-10 23:02:53,958  |  INFO  |    
2023-02-10 23:02:53,958  |  INFO  |  Unique records %:                            100.0   
2023-02-10 23:02:53,959  |  INFO  |  Duplicate records %:                         0.0   
2023-02-10 23:02:53,959  |  INFO  |    
2023-02-10 23:02:53,961  |  INFO  |  Column name: confirmation_code,  Column no: 1,  Number of NULL values: 0   
2023-02-10 23:02:53,962  |  INFO  |  Column name: booking_date,  Column no: 2,  Number of NULL values: 0   
2023-02-10 23:02:53,963  |  INFO  |  Column name: checked_in,  Column no: 3,  Number of NULL values: 0   
2023-02-10 23:02:53,965  |  INFO  |  Column name: customer_id,  Column no: 4,  Number of NULL values: 0   
2023-02-10 23:02:53,966  |  INFO  |  Column name: flight_booking_id,  Column no: 5,  Number of NULL values: 0   
2023-02-10 23:02:53,967  |  INFO  |  Column name: flight_id,  Column no: 6,  Number of NULL values: 0   
2023-02-10 23:02:53,969  |  INFO  |  Column name: payment_method,  Column no: 7,  Number of NULL values: 0   
2023-02-10 23:02:53,970  |  INFO  |  Column name: ticket_price,  Column no: 8,  Number of NULL values: 0   
2023-02-10 23:02:53,971  |  INFO  |  Column name: created_at,  Column no: 9,  Number of NULL values: 0   
2023-02-10 23:02:53,973  |  INFO  |  Column name: updated_at,  Column no: 10,  Number of NULL values: 0   
2023-02-10 23:02:53,975  |  INFO  |  Column name: source_system,  Column no: 11,  Number of NULL values: 0   
2023-02-10 23:02:53,976  |  INFO  |  Column name: source_file,  Column no: 12,  Number of NULL values: 0   
2023-02-10 23:02:53,978  |  INFO  |  Column name: load_timestamp,  Column no: 13,  Number of NULL values: 0   
2023-02-10 23:02:53,979  |  INFO  |  Column name: dwh_layer,  Column no: 14,  Number of NULL values: 0   
2023-02-10 23:02:53,980  |  INFO  |    
2023-02-10 23:02:53,980  |  INFO  |  ================================================  
2023-02-10 23:02:53,981  |  INFO  |    
2023-02-10 23:02:53,981  |  INFO  |  Now calculating performance statistics (from a Python standpoint)...  
2023-02-10 23:02:53,982  |  INFO  |    
2023-02-10 23:02:53,983  |  INFO  |    
2023-02-10 23:02:53,983  |  INFO  |  1. Execution time for CREATING schema: 6.000041961669922 ms   
2023-02-10 23:02:53,984  |  INFO  |    
2023-02-10 23:02:53,984  |  INFO  |    
2023-02-10 23:02:53,985  |  INFO  |  2. Execution time for CREATING schema (VAL CHECK): 21.001100540161133 ms   
2023-02-10 23:02:53,985  |  INFO  |    
2023-02-10 23:02:53,989  |  INFO  |    
2023-02-10 23:02:53,990  |  INFO  |  3. Execution time for DELETING schema:  12.995243072509766 ms   
2023-02-10 23:02:53,993  |  INFO  |    
2023-02-10 23:02:53,995  |  INFO  |    
2023-02-10 23:02:53,996  |  INFO  |  4. Execution time for DELETING schema (VAL CHECK):  13.003826141357422 ms   
2023-02-10 23:02:53,996  |  INFO  |    
2023-02-10 23:02:53,997  |  INFO  |    
2023-02-10 23:02:53,999  |  INFO  |  5. Execution time for CREATING table:  24.99675750732422 ms   
2023-02-10 23:02:53,999  |  INFO  |    
2023-02-10 23:02:54,000  |  INFO  |    
2023-02-10 23:02:54,001  |  INFO  |  6. Execution time for CREATING table (VAL CHECK):  1.0046958923339844 ms   
2023-02-10 23:02:54,002  |  INFO  |    
2023-02-10 23:02:54,002  |  INFO  |    
2023-02-10 23:02:54,003  |  INFO  |  7. Execution time for ADDING data lineage:  4.9991607666015625 ms   
2023-02-10 23:02:54,003  |  INFO  |    
2023-02-10 23:02:54,005  |  INFO  |    
2023-02-10 23:02:54,006  |  INFO  |  8. Execution time for ADDING data lineage (VAL CHECK):  36.00811958312988 ms   
2023-02-10 23:02:54,007  |  INFO  |    
2023-02-10 23:02:54,009  |  INFO  |    
2023-02-10 23:02:54,010  |  INFO  |  9. Execution time for INSERTING rows to table:  266.005277633667 ms   
2023-02-10 23:02:54,012  |  INFO  |    
2023-02-10 23:02:54,013  |  INFO  |    
2023-02-10 23:02:54,014  |  INFO  |  10. Execution time for COUNTING uploaded rows to table:  0.9968280792236328 ms   
2023-02-10 23:02:54,019  |  INFO  |    
2023-02-10 23:02:54,023  |  INFO  |    
2023-02-10 23:02:54,025  |  INFO  |    
2023-02-10 23:02:54,026  |  INFO  |  ================================================  
2023-02-10 23:02:54,029  |  DEBUG  |    
2023-02-10 23:02:54,031  |  INFO  |  DATA VALIDATION SUCCESS: All general DQ checks passed!   
2023-02-10 23:02:54,032  |  DEBUG  |    
2023-02-10 23:02:54,033  |  INFO  |  Now saving changes made by SQL statements to Postgres DB....  
2023-02-10 23:02:54,046  |  INFO  |  Saved successfully, now terminating cursor and current session....  
2023-02-10 23:02:54,047  |  DEBUG  |    
2023-02-10 23:02:54,048  |  DEBUG  |  Cursor closed successfully.  
2023-02-10 23:02:54,049  |  DEBUG  |  Session connected to Postgres database closed.  
