2023-02-09 21:00:37,491  |  INFO  |    
2023-02-09 21:00:37,492  |  INFO  |  ---------------------------------------------  
2023-02-09 21:00:37,493  |  INFO  |  Beginning the source data extraction process...  
2023-02-09 21:00:37,495  |  INFO  |  Successfully located 'accommodation_bookings.json'  
2023-02-09 21:00:37,496  |  INFO  |  Data type: '<class 'list'>'  
2023-02-09 21:00:37,583  |  DEBUG  |    
2023-02-09 21:00:37,584  |  INFO  |  =================================================================================  
2023-02-09 21:00:37,584  |  INFO  |  CONNECTION SUCCESS: Managed to connect successfully to the raw_db database!!  
2023-02-09 21:00:37,585  |  INFO  |  Connection details: user=postgres password=xxx dbname=raw_db host=localhost port=5434   
2023-02-09 21:00:37,586  |  INFO  |  =================================================================================  
2023-02-09 21:00:37,587  |  DEBUG  |    
2023-02-09 21:00:37,596  |  INFO  |  main  
2023-02-09 21:00:37,597  |  DEBUG  |    
2023-02-09 21:00:37,598  |  INFO  |  =================================================================================================  
2023-02-09 21:00:37,598  |  INFO  |  SCHEMA CREATION SUCCESS: Managed to create main schema in raw_db   
2023-02-09 21:00:37,599  |  INFO  |  Schema name in Postgres: main   
2023-02-09 21:00:37,599  |  INFO  |  SQL Query for validation check:     SELECT schema_name from information_schema.schemata WHERE schema_name= 'main';
           
2023-02-09 21:00:37,600  |  INFO  |  =================================================================================================  
2023-02-09 21:00:37,601  |  DEBUG  |    
2023-02-09 21:00:37,616  |  INFO  |  False  
2023-02-09 21:00:37,617  |  DEBUG  |    
2023-02-09 21:00:37,617  |  ERROR  |  ==========================================================================================================================================================================  
2023-02-09 21:00:37,618  |  ERROR  |  TABLE DELETION FAILURE: Unable to delete raw_accommodation_bookings_tbl. This table may have objects that depend on it (use DROP TABLE ... CASCADE to resolve) or it doesn't exist.   
2023-02-09 21:00:37,619  |  ERROR  |  SQL Query for validation check:     SELECT EXISTS (SELECT 1 FROM information_schema.tables WHERE table_name = 'raw_accommodation_bookings_tbl' );
           
2023-02-09 21:00:37,620  |  ERROR  |  ==========================================================================================================================================================================  
2023-02-09 21:00:37,621  |  DEBUG  |    
2023-02-09 21:00:37,633  |  INFO  |  True  
2023-02-09 21:00:37,634  |  DEBUG  |    
2023-02-09 21:00:37,634  |  INFO  |  =============================================================================================================================================================================  
2023-02-09 21:00:37,635  |  INFO  |  TABLE CREATION SUCCESS: Managed to create raw_accommodation_bookings_tbl table in raw_db.    
2023-02-09 21:00:37,636  |  INFO  |  SQL Query for validation check:         SELECT EXISTS (SELECT 1 FROM information_schema.tables WHERE table_name = 'raw_accommodation_bookings_tbl' );
           
2023-02-09 21:00:37,637  |  INFO  |  =============================================================================================================================================================================  
2023-02-09 21:00:37,638  |  DEBUG  |    
2023-02-09 21:00:37,670  |  DEBUG  |    
2023-02-09 21:00:37,670  |  INFO  |  =============================================================================================================================================================================  
2023-02-09 21:00:37,671  |  INFO  |  DATA LINEAGE FIELDS CREATION SUCCESS: Managed to create data lineage columns in main.raw_accommodation_bookings_tbl.    
2023-02-09 21:00:37,672  |  INFO  |  SQL Query for validation check:          
                                                                    SELECT * 
                                                                    FROM    information_schema.columns 
                                                                    WHERE   table_name      = 'raw_accommodation_bookings_tbl' 
                                                                        AND     (column_name    = 'created_at'
                                                                        OR      column_name     = 'updated_at' 
                                                                        OR      column_name     = 'source_system' 
                                                                        OR      column_name     = 'source_file' 
                                                                        OR      column_name     = 'load_timestamp' 
                                                                        OR      column_name     = 'dwh_layer');
                                                                              
           
2023-02-09 21:00:37,675  |  INFO  |  =============================================================================================================================================================================  
2023-02-09 21:00:37,676  |  DEBUG  |    
2023-02-09 21:00:37,681  |  INFO  |  Rows before SQL insert in Postgres: 0   
2023-02-09 21:00:37,682  |  DEBUG  |    
2023-02-09 21:00:37,685  |  DEBUG  |  ---------------------------------  
2023-02-09 21:00:37,686  |  INFO  |  INSERT SUCCESS: Uploaded accommodation_bookings record no 1   
2023-02-09 21:00:37,687  |  DEBUG  |  ---------------------------------  
2023-02-09 21:00:37,689  |  DEBUG  |  ---------------------------------  
2023-02-09 21:00:37,690  |  INFO  |  INSERT SUCCESS: Uploaded accommodation_bookings record no 2   
2023-02-09 21:00:37,690  |  DEBUG  |  ---------------------------------  
2023-02-09 21:00:37,693  |  DEBUG  |  ---------------------------------  
2023-02-09 21:00:37,694  |  INFO  |  INSERT SUCCESS: Uploaded accommodation_bookings record no 3   
2023-02-09 21:00:37,695  |  DEBUG  |  ---------------------------------  
2023-02-09 21:00:37,697  |  DEBUG  |  ---------------------------------  
2023-02-09 21:00:37,698  |  INFO  |  INSERT SUCCESS: Uploaded accommodation_bookings record no 4   
2023-02-09 21:00:37,699  |  DEBUG  |  ---------------------------------  
2023-02-09 21:00:37,701  |  DEBUG  |  ---------------------------------  
2023-02-09 21:00:37,702  |  INFO  |  INSERT SUCCESS: Uploaded accommodation_bookings record no 5   
2023-02-09 21:00:37,703  |  DEBUG  |  ---------------------------------  
2023-02-09 21:00:37,705  |  DEBUG  |  ---------------------------------  
2023-02-09 21:00:37,706  |  INFO  |  INSERT SUCCESS: Uploaded accommodation_bookings record no 6   
2023-02-09 21:00:37,707  |  DEBUG  |  ---------------------------------  
2023-02-09 21:00:37,709  |  DEBUG  |  ---------------------------------  
2023-02-09 21:00:37,710  |  INFO  |  INSERT SUCCESS: Uploaded accommodation_bookings record no 7   
2023-02-09 21:00:37,711  |  DEBUG  |  ---------------------------------  
2023-02-09 21:00:37,713  |  DEBUG  |  ---------------------------------  
2023-02-09 21:00:37,715  |  INFO  |  INSERT SUCCESS: Uploaded accommodation_bookings record no 8   
2023-02-09 21:00:37,716  |  DEBUG  |  ---------------------------------  
2023-02-09 21:00:37,718  |  DEBUG  |  ---------------------------------  
2023-02-09 21:00:37,719  |  INFO  |  INSERT SUCCESS: Uploaded accommodation_bookings record no 9   
2023-02-09 21:00:37,720  |  DEBUG  |  ---------------------------------  
2023-02-09 21:00:37,721  |  DEBUG  |  ---------------------------------  
2023-02-09 21:00:37,722  |  INFO  |  INSERT SUCCESS: Uploaded accommodation_bookings record no 10   
2023-02-09 21:00:37,723  |  DEBUG  |  ---------------------------------  
2023-02-09 21:00:37,725  |  DEBUG  |  ---------------------------------  
2023-02-09 21:00:37,726  |  INFO  |  INSERT SUCCESS: Uploaded accommodation_bookings record no 11   
2023-02-09 21:00:37,727  |  DEBUG  |  ---------------------------------  
2023-02-09 21:00:37,729  |  DEBUG  |  ---------------------------------  
2023-02-09 21:00:37,731  |  INFO  |  INSERT SUCCESS: Uploaded accommodation_bookings record no 12   
2023-02-09 21:00:37,732  |  DEBUG  |  ---------------------------------  
2023-02-09 21:00:37,734  |  DEBUG  |  ---------------------------------  
2023-02-09 21:00:37,735  |  INFO  |  INSERT SUCCESS: Uploaded accommodation_bookings record no 13   
2023-02-09 21:00:37,736  |  DEBUG  |  ---------------------------------  
2023-02-09 21:00:37,738  |  DEBUG  |  ---------------------------------  
2023-02-09 21:00:37,739  |  INFO  |  INSERT SUCCESS: Uploaded accommodation_bookings record no 14   
2023-02-09 21:00:37,740  |  DEBUG  |  ---------------------------------  
2023-02-09 21:00:37,742  |  DEBUG  |  ---------------------------------  
2023-02-09 21:00:37,743  |  INFO  |  INSERT SUCCESS: Uploaded accommodation_bookings record no 15   
2023-02-09 21:00:37,743  |  DEBUG  |  ---------------------------------  
2023-02-09 21:00:37,746  |  DEBUG  |  ---------------------------------  
2023-02-09 21:00:37,747  |  INFO  |  INSERT SUCCESS: Uploaded accommodation_bookings record no 16   
2023-02-09 21:00:37,748  |  DEBUG  |  ---------------------------------  
2023-02-09 21:00:37,750  |  DEBUG  |  ---------------------------------  
2023-02-09 21:00:37,751  |  INFO  |  INSERT SUCCESS: Uploaded accommodation_bookings record no 17   
2023-02-09 21:00:37,752  |  DEBUG  |  ---------------------------------  
2023-02-09 21:00:37,754  |  DEBUG  |  ---------------------------------  
2023-02-09 21:00:37,755  |  INFO  |  INSERT SUCCESS: Uploaded accommodation_bookings record no 18   
2023-02-09 21:00:37,756  |  DEBUG  |  ---------------------------------  
2023-02-09 21:00:37,757  |  DEBUG  |  ---------------------------------  
2023-02-09 21:00:37,758  |  INFO  |  INSERT SUCCESS: Uploaded accommodation_bookings record no 19   
2023-02-09 21:00:37,759  |  DEBUG  |  ---------------------------------  
2023-02-09 21:00:37,761  |  DEBUG  |  ---------------------------------  
2023-02-09 21:00:37,762  |  INFO  |  INSERT SUCCESS: Uploaded accommodation_bookings record no 20   
2023-02-09 21:00:37,763  |  DEBUG  |  ---------------------------------  
2023-02-09 21:00:37,766  |  DEBUG  |  ---------------------------------  
2023-02-09 21:00:37,767  |  INFO  |  INSERT SUCCESS: Uploaded accommodation_bookings record no 21   
2023-02-09 21:00:37,767  |  DEBUG  |  ---------------------------------  
2023-02-09 21:00:37,769  |  DEBUG  |  ---------------------------------  
2023-02-09 21:00:37,770  |  INFO  |  INSERT SUCCESS: Uploaded accommodation_bookings record no 22   
2023-02-09 21:00:37,771  |  DEBUG  |  ---------------------------------  
2023-02-09 21:00:37,773  |  DEBUG  |  ---------------------------------  
2023-02-09 21:00:37,774  |  INFO  |  INSERT SUCCESS: Uploaded accommodation_bookings record no 23   
2023-02-09 21:00:37,774  |  DEBUG  |  ---------------------------------  
2023-02-09 21:00:37,776  |  DEBUG  |  ---------------------------------  
2023-02-09 21:00:37,777  |  INFO  |  INSERT SUCCESS: Uploaded accommodation_bookings record no 24   
2023-02-09 21:00:37,778  |  DEBUG  |  ---------------------------------  
2023-02-09 21:00:37,781  |  DEBUG  |  ---------------------------------  
2023-02-09 21:00:37,782  |  INFO  |  INSERT SUCCESS: Uploaded accommodation_bookings record no 25   
2023-02-09 21:00:37,783  |  DEBUG  |  ---------------------------------  
2023-02-09 21:00:37,785  |  DEBUG  |  ---------------------------------  
2023-02-09 21:00:37,786  |  INFO  |  INSERT SUCCESS: Uploaded accommodation_bookings record no 26   
2023-02-09 21:00:37,787  |  DEBUG  |  ---------------------------------  
2023-02-09 21:00:37,788  |  DEBUG  |  ---------------------------------  
2023-02-09 21:00:37,789  |  INFO  |  INSERT SUCCESS: Uploaded accommodation_bookings record no 27   
2023-02-09 21:00:37,790  |  DEBUG  |  ---------------------------------  
2023-02-09 21:00:37,793  |  DEBUG  |  ---------------------------------  
2023-02-09 21:00:37,794  |  INFO  |  INSERT SUCCESS: Uploaded accommodation_bookings record no 28   
2023-02-09 21:00:37,795  |  DEBUG  |  ---------------------------------  
2023-02-09 21:00:37,797  |  DEBUG  |  ---------------------------------  
2023-02-09 21:00:37,799  |  INFO  |  INSERT SUCCESS: Uploaded accommodation_bookings record no 29   
2023-02-09 21:00:37,800  |  DEBUG  |  ---------------------------------  
2023-02-09 21:00:37,802  |  DEBUG  |  ---------------------------------  
2023-02-09 21:00:37,803  |  INFO  |  INSERT SUCCESS: Uploaded accommodation_bookings record no 30   
2023-02-09 21:00:37,803  |  DEBUG  |  ---------------------------------  
2023-02-09 21:00:37,805  |  DEBUG  |  ---------------------------------  
2023-02-09 21:00:37,806  |  INFO  |  INSERT SUCCESS: Uploaded accommodation_bookings record no 31   
2023-02-09 21:00:37,807  |  DEBUG  |  ---------------------------------  
2023-02-09 21:00:37,809  |  DEBUG  |  ---------------------------------  
2023-02-09 21:00:37,810  |  INFO  |  INSERT SUCCESS: Uploaded accommodation_bookings record no 32   
2023-02-09 21:00:37,810  |  DEBUG  |  ---------------------------------  
2023-02-09 21:00:37,812  |  DEBUG  |  ---------------------------------  
2023-02-09 21:00:37,813  |  INFO  |  INSERT SUCCESS: Uploaded accommodation_bookings record no 33   
2023-02-09 21:00:37,814  |  DEBUG  |  ---------------------------------  
2023-02-09 21:00:37,817  |  DEBUG  |  ---------------------------------  
2023-02-09 21:00:37,817  |  INFO  |  INSERT SUCCESS: Uploaded accommodation_bookings record no 34   
2023-02-09 21:00:37,818  |  DEBUG  |  ---------------------------------  
2023-02-09 21:00:37,820  |  DEBUG  |  ---------------------------------  
2023-02-09 21:00:37,821  |  INFO  |  INSERT SUCCESS: Uploaded accommodation_bookings record no 35   
2023-02-09 21:00:37,822  |  DEBUG  |  ---------------------------------  
2023-02-09 21:00:37,824  |  DEBUG  |  ---------------------------------  
2023-02-09 21:00:37,824  |  INFO  |  INSERT SUCCESS: Uploaded accommodation_bookings record no 36   
2023-02-09 21:00:37,825  |  DEBUG  |  ---------------------------------  
2023-02-09 21:00:37,828  |  DEBUG  |  ---------------------------------  
2023-02-09 21:00:37,829  |  INFO  |  INSERT SUCCESS: Uploaded accommodation_bookings record no 37   
2023-02-09 21:00:37,830  |  DEBUG  |  ---------------------------------  
2023-02-09 21:00:37,832  |  DEBUG  |  ---------------------------------  
2023-02-09 21:00:37,833  |  INFO  |  INSERT SUCCESS: Uploaded accommodation_bookings record no 38   
2023-02-09 21:00:37,834  |  DEBUG  |  ---------------------------------  
2023-02-09 21:00:37,836  |  DEBUG  |  ---------------------------------  
2023-02-09 21:00:37,837  |  INFO  |  INSERT SUCCESS: Uploaded accommodation_bookings record no 39   
2023-02-09 21:00:37,838  |  DEBUG  |  ---------------------------------  
2023-02-09 21:00:37,839  |  DEBUG  |  ---------------------------------  
2023-02-09 21:00:37,840  |  INFO  |  INSERT SUCCESS: Uploaded accommodation_bookings record no 40   
2023-02-09 21:00:37,841  |  DEBUG  |  ---------------------------------  
2023-02-09 21:00:37,843  |  DEBUG  |  ---------------------------------  
2023-02-09 21:00:37,844  |  INFO  |  INSERT SUCCESS: Uploaded accommodation_bookings record no 41   
2023-02-09 21:00:37,846  |  DEBUG  |  ---------------------------------  
2023-02-09 21:00:37,848  |  DEBUG  |  ---------------------------------  
2023-02-09 21:00:37,849  |  INFO  |  INSERT SUCCESS: Uploaded accommodation_bookings record no 42   
2023-02-09 21:00:37,850  |  DEBUG  |  ---------------------------------  
2023-02-09 21:00:37,852  |  DEBUG  |  ---------------------------------  
2023-02-09 21:00:37,853  |  INFO  |  INSERT SUCCESS: Uploaded accommodation_bookings record no 43   
2023-02-09 21:00:37,854  |  DEBUG  |  ---------------------------------  
2023-02-09 21:00:37,856  |  DEBUG  |  ---------------------------------  
2023-02-09 21:00:37,857  |  INFO  |  INSERT SUCCESS: Uploaded accommodation_bookings record no 44   
2023-02-09 21:00:37,858  |  DEBUG  |  ---------------------------------  
2023-02-09 21:00:37,860  |  DEBUG  |  ---------------------------------  
2023-02-09 21:00:37,860  |  INFO  |  INSERT SUCCESS: Uploaded accommodation_bookings record no 45   
2023-02-09 21:00:37,862  |  DEBUG  |  ---------------------------------  
2023-02-09 21:00:37,864  |  DEBUG  |  ---------------------------------  
2023-02-09 21:00:37,865  |  INFO  |  INSERT SUCCESS: Uploaded accommodation_bookings record no 46   
2023-02-09 21:00:37,866  |  DEBUG  |  ---------------------------------  
2023-02-09 21:00:37,868  |  DEBUG  |  ---------------------------------  
2023-02-09 21:00:37,869  |  INFO  |  INSERT SUCCESS: Uploaded accommodation_bookings record no 47   
2023-02-09 21:00:37,870  |  DEBUG  |  ---------------------------------  
2023-02-09 21:00:37,871  |  DEBUG  |  ---------------------------------  
2023-02-09 21:00:37,872  |  INFO  |  INSERT SUCCESS: Uploaded accommodation_bookings record no 48   
2023-02-09 21:00:37,873  |  DEBUG  |  ---------------------------------  
2023-02-09 21:00:37,875  |  DEBUG  |  ---------------------------------  
2023-02-09 21:00:37,875  |  INFO  |  INSERT SUCCESS: Uploaded accommodation_bookings record no 49   
2023-02-09 21:00:37,876  |  DEBUG  |  ---------------------------------  
2023-02-09 21:00:37,878  |  DEBUG  |  ---------------------------------  
2023-02-09 21:00:37,879  |  INFO  |  INSERT SUCCESS: Uploaded accommodation_bookings record no 50   
2023-02-09 21:00:37,880  |  DEBUG  |  ---------------------------------  
2023-02-09 21:00:37,882  |  DEBUG  |  ---------------------------------  
2023-02-09 21:00:37,883  |  INFO  |  INSERT SUCCESS: Uploaded accommodation_bookings record no 51   
2023-02-09 21:00:37,884  |  DEBUG  |  ---------------------------------  
2023-02-09 21:00:37,885  |  DEBUG  |  ---------------------------------  
2023-02-09 21:00:37,886  |  INFO  |  INSERT SUCCESS: Uploaded accommodation_bookings record no 52   
2023-02-09 21:00:37,887  |  DEBUG  |  ---------------------------------  
2023-02-09 21:00:37,888  |  DEBUG  |  ---------------------------------  
2023-02-09 21:00:37,889  |  INFO  |  INSERT SUCCESS: Uploaded accommodation_bookings record no 53   
2023-02-09 21:00:37,889  |  DEBUG  |  ---------------------------------  
2023-02-09 21:00:37,891  |  DEBUG  |  ---------------------------------  
2023-02-09 21:00:37,891  |  INFO  |  INSERT SUCCESS: Uploaded accommodation_bookings record no 54   
2023-02-09 21:00:37,892  |  DEBUG  |  ---------------------------------  
2023-02-09 21:00:37,894  |  DEBUG  |  ---------------------------------  
2023-02-09 21:00:37,895  |  INFO  |  INSERT SUCCESS: Uploaded accommodation_bookings record no 55   
2023-02-09 21:00:37,896  |  DEBUG  |  ---------------------------------  
2023-02-09 21:00:37,898  |  DEBUG  |  ---------------------------------  
2023-02-09 21:00:37,899  |  INFO  |  INSERT SUCCESS: Uploaded accommodation_bookings record no 56   
2023-02-09 21:00:37,900  |  DEBUG  |  ---------------------------------  
2023-02-09 21:00:37,902  |  DEBUG  |  ---------------------------------  
2023-02-09 21:00:37,902  |  INFO  |  INSERT SUCCESS: Uploaded accommodation_bookings record no 57   
2023-02-09 21:00:37,903  |  DEBUG  |  ---------------------------------  
2023-02-09 21:00:37,905  |  DEBUG  |  ---------------------------------  
2023-02-09 21:00:37,906  |  INFO  |  INSERT SUCCESS: Uploaded accommodation_bookings record no 58   
2023-02-09 21:00:37,906  |  DEBUG  |  ---------------------------------  
2023-02-09 21:00:37,908  |  DEBUG  |  ---------------------------------  
2023-02-09 21:00:37,909  |  INFO  |  INSERT SUCCESS: Uploaded accommodation_bookings record no 59   
2023-02-09 21:00:37,909  |  DEBUG  |  ---------------------------------  
2023-02-09 21:00:37,910  |  DEBUG  |  ---------------------------------  
2023-02-09 21:00:37,912  |  INFO  |  INSERT SUCCESS: Uploaded accommodation_bookings record no 60   
2023-02-09 21:00:37,913  |  DEBUG  |  ---------------------------------  
2023-02-09 21:00:37,915  |  DEBUG  |  ---------------------------------  
2023-02-09 21:00:37,916  |  INFO  |  INSERT SUCCESS: Uploaded accommodation_bookings record no 61   
2023-02-09 21:00:37,917  |  DEBUG  |  ---------------------------------  
2023-02-09 21:00:37,918  |  DEBUG  |  ---------------------------------  
2023-02-09 21:00:37,919  |  INFO  |  INSERT SUCCESS: Uploaded accommodation_bookings record no 62   
2023-02-09 21:00:37,920  |  DEBUG  |  ---------------------------------  
2023-02-09 21:00:37,921  |  DEBUG  |  ---------------------------------  
2023-02-09 21:00:37,922  |  INFO  |  INSERT SUCCESS: Uploaded accommodation_bookings record no 63   
2023-02-09 21:00:37,923  |  DEBUG  |  ---------------------------------  
2023-02-09 21:00:37,925  |  DEBUG  |  ---------------------------------  
2023-02-09 21:00:37,926  |  INFO  |  INSERT SUCCESS: Uploaded accommodation_bookings record no 64   
2023-02-09 21:00:37,926  |  DEBUG  |  ---------------------------------  
2023-02-09 21:00:37,927  |  DEBUG  |  ---------------------------------  
2023-02-09 21:00:37,930  |  INFO  |  INSERT SUCCESS: Uploaded accommodation_bookings record no 65   
2023-02-09 21:00:37,930  |  DEBUG  |  ---------------------------------  
2023-02-09 21:00:37,932  |  DEBUG  |  ---------------------------------  
2023-02-09 21:00:37,933  |  INFO  |  INSERT SUCCESS: Uploaded accommodation_bookings record no 66   
2023-02-09 21:00:37,934  |  DEBUG  |  ---------------------------------  
2023-02-09 21:00:37,935  |  DEBUG  |  ---------------------------------  
2023-02-09 21:00:37,940  |  INFO  |  INSERT SUCCESS: Uploaded accommodation_bookings record no 67   
2023-02-09 21:00:37,940  |  DEBUG  |  ---------------------------------  
2023-02-09 21:00:37,942  |  DEBUG  |  ---------------------------------  
2023-02-09 21:00:37,943  |  INFO  |  INSERT SUCCESS: Uploaded accommodation_bookings record no 68   
2023-02-09 21:00:37,943  |  DEBUG  |  ---------------------------------  
2023-02-09 21:00:37,945  |  DEBUG  |  ---------------------------------  
2023-02-09 21:00:37,946  |  INFO  |  INSERT SUCCESS: Uploaded accommodation_bookings record no 69   
2023-02-09 21:00:37,947  |  DEBUG  |  ---------------------------------  
2023-02-09 21:00:37,949  |  DEBUG  |  ---------------------------------  
2023-02-09 21:00:37,950  |  INFO  |  INSERT SUCCESS: Uploaded accommodation_bookings record no 70   
2023-02-09 21:00:37,950  |  DEBUG  |  ---------------------------------  
2023-02-09 21:00:37,952  |  DEBUG  |  ---------------------------------  
2023-02-09 21:00:37,953  |  INFO  |  INSERT SUCCESS: Uploaded accommodation_bookings record no 71   
2023-02-09 21:00:37,954  |  DEBUG  |  ---------------------------------  
2023-02-09 21:00:37,955  |  DEBUG  |  ---------------------------------  
2023-02-09 21:00:37,956  |  INFO  |  INSERT SUCCESS: Uploaded accommodation_bookings record no 72   
2023-02-09 21:00:37,957  |  DEBUG  |  ---------------------------------  
2023-02-09 21:00:37,959  |  DEBUG  |  ---------------------------------  
2023-02-09 21:00:37,961  |  INFO  |  INSERT SUCCESS: Uploaded accommodation_bookings record no 73   
2023-02-09 21:00:37,961  |  DEBUG  |  ---------------------------------  
2023-02-09 21:00:37,963  |  DEBUG  |  ---------------------------------  
2023-02-09 21:00:37,964  |  INFO  |  INSERT SUCCESS: Uploaded accommodation_bookings record no 74   
2023-02-09 21:00:37,965  |  DEBUG  |  ---------------------------------  
2023-02-09 21:00:37,967  |  DEBUG  |  ---------------------------------  
2023-02-09 21:00:37,968  |  INFO  |  INSERT SUCCESS: Uploaded accommodation_bookings record no 75   
2023-02-09 21:00:37,969  |  DEBUG  |  ---------------------------------  
2023-02-09 21:00:37,971  |  DEBUG  |  ---------------------------------  
2023-02-09 21:00:37,972  |  INFO  |  INSERT SUCCESS: Uploaded accommodation_bookings record no 76   
2023-02-09 21:00:37,972  |  DEBUG  |  ---------------------------------  
2023-02-09 21:00:37,980  |  DEBUG  |  ---------------------------------  
2023-02-09 21:00:37,981  |  INFO  |  INSERT SUCCESS: Uploaded accommodation_bookings record no 77   
2023-02-09 21:00:37,982  |  DEBUG  |  ---------------------------------  
2023-02-09 21:00:37,984  |  DEBUG  |  ---------------------------------  
2023-02-09 21:00:37,985  |  INFO  |  INSERT SUCCESS: Uploaded accommodation_bookings record no 78   
2023-02-09 21:00:37,986  |  DEBUG  |  ---------------------------------  
2023-02-09 21:00:37,989  |  DEBUG  |  ---------------------------------  
2023-02-09 21:00:37,990  |  INFO  |  INSERT SUCCESS: Uploaded accommodation_bookings record no 79   
2023-02-09 21:00:37,991  |  DEBUG  |  ---------------------------------  
2023-02-09 21:00:37,993  |  DEBUG  |  ---------------------------------  
2023-02-09 21:00:37,994  |  INFO  |  INSERT SUCCESS: Uploaded accommodation_bookings record no 80   
2023-02-09 21:00:37,996  |  DEBUG  |  ---------------------------------  
2023-02-09 21:00:37,999  |  DEBUG  |  ---------------------------------  
2023-02-09 21:00:38,000  |  INFO  |  INSERT SUCCESS: Uploaded accommodation_bookings record no 81   
2023-02-09 21:00:38,001  |  DEBUG  |  ---------------------------------  
2023-02-09 21:00:38,002  |  DEBUG  |  ---------------------------------  
2023-02-09 21:00:38,004  |  INFO  |  INSERT SUCCESS: Uploaded accommodation_bookings record no 82   
2023-02-09 21:00:38,004  |  DEBUG  |  ---------------------------------  
2023-02-09 21:00:38,006  |  DEBUG  |  ---------------------------------  
2023-02-09 21:00:38,007  |  INFO  |  INSERT SUCCESS: Uploaded accommodation_bookings record no 83   
2023-02-09 21:00:38,008  |  DEBUG  |  ---------------------------------  
2023-02-09 21:00:38,010  |  DEBUG  |  ---------------------------------  
2023-02-09 21:00:38,011  |  INFO  |  INSERT SUCCESS: Uploaded accommodation_bookings record no 84   
2023-02-09 21:00:38,012  |  DEBUG  |  ---------------------------------  
2023-02-09 21:00:38,014  |  DEBUG  |  ---------------------------------  
2023-02-09 21:00:38,015  |  INFO  |  INSERT SUCCESS: Uploaded accommodation_bookings record no 85   
2023-02-09 21:00:38,016  |  DEBUG  |  ---------------------------------  
2023-02-09 21:00:38,017  |  DEBUG  |  ---------------------------------  
2023-02-09 21:00:38,018  |  INFO  |  INSERT SUCCESS: Uploaded accommodation_bookings record no 86   
2023-02-09 21:00:38,019  |  DEBUG  |  ---------------------------------  
2023-02-09 21:00:38,021  |  DEBUG  |  ---------------------------------  
2023-02-09 21:00:38,022  |  INFO  |  INSERT SUCCESS: Uploaded accommodation_bookings record no 87   
2023-02-09 21:00:38,023  |  DEBUG  |  ---------------------------------  
2023-02-09 21:00:38,025  |  DEBUG  |  ---------------------------------  
2023-02-09 21:00:38,026  |  INFO  |  INSERT SUCCESS: Uploaded accommodation_bookings record no 88   
2023-02-09 21:00:38,027  |  DEBUG  |  ---------------------------------  
2023-02-09 21:00:38,029  |  DEBUG  |  ---------------------------------  
2023-02-09 21:00:38,031  |  INFO  |  INSERT SUCCESS: Uploaded accommodation_bookings record no 89   
2023-02-09 21:00:38,032  |  DEBUG  |  ---------------------------------  
2023-02-09 21:00:38,034  |  DEBUG  |  ---------------------------------  
2023-02-09 21:00:38,035  |  INFO  |  INSERT SUCCESS: Uploaded accommodation_bookings record no 90   
2023-02-09 21:00:38,036  |  DEBUG  |  ---------------------------------  
2023-02-09 21:00:38,038  |  DEBUG  |  ---------------------------------  
2023-02-09 21:00:38,039  |  INFO  |  INSERT SUCCESS: Uploaded accommodation_bookings record no 91   
2023-02-09 21:00:38,040  |  DEBUG  |  ---------------------------------  
2023-02-09 21:00:38,042  |  DEBUG  |  ---------------------------------  
2023-02-09 21:00:38,043  |  INFO  |  INSERT SUCCESS: Uploaded accommodation_bookings record no 92   
2023-02-09 21:00:38,043  |  DEBUG  |  ---------------------------------  
2023-02-09 21:00:38,046  |  DEBUG  |  ---------------------------------  
2023-02-09 21:00:38,046  |  INFO  |  INSERT SUCCESS: Uploaded accommodation_bookings record no 93   
2023-02-09 21:00:38,048  |  DEBUG  |  ---------------------------------  
2023-02-09 21:00:38,050  |  DEBUG  |  ---------------------------------  
2023-02-09 21:00:38,051  |  INFO  |  INSERT SUCCESS: Uploaded accommodation_bookings record no 94   
2023-02-09 21:00:38,052  |  DEBUG  |  ---------------------------------  
2023-02-09 21:00:38,054  |  DEBUG  |  ---------------------------------  
2023-02-09 21:00:38,054  |  INFO  |  INSERT SUCCESS: Uploaded accommodation_bookings record no 95   
2023-02-09 21:00:38,056  |  DEBUG  |  ---------------------------------  
2023-02-09 21:00:38,057  |  DEBUG  |  ---------------------------------  
2023-02-09 21:00:38,058  |  INFO  |  INSERT SUCCESS: Uploaded accommodation_bookings record no 96   
2023-02-09 21:00:38,059  |  DEBUG  |  ---------------------------------  
2023-02-09 21:00:38,061  |  DEBUG  |  ---------------------------------  
2023-02-09 21:00:38,062  |  INFO  |  INSERT SUCCESS: Uploaded accommodation_bookings record no 97   
2023-02-09 21:00:38,064  |  DEBUG  |  ---------------------------------  
2023-02-09 21:00:38,066  |  DEBUG  |  ---------------------------------  
2023-02-09 21:00:38,067  |  INFO  |  INSERT SUCCESS: Uploaded accommodation_bookings record no 98   
2023-02-09 21:00:38,068  |  DEBUG  |  ---------------------------------  
2023-02-09 21:00:38,070  |  DEBUG  |  ---------------------------------  
2023-02-09 21:00:38,071  |  INFO  |  INSERT SUCCESS: Uploaded accommodation_bookings record no 99   
2023-02-09 21:00:38,071  |  DEBUG  |  ---------------------------------  
2023-02-09 21:00:38,073  |  DEBUG  |  ---------------------------------  
2023-02-09 21:00:38,074  |  INFO  |  INSERT SUCCESS: Uploaded accommodation_bookings record no 100   
2023-02-09 21:00:38,074  |  DEBUG  |  ---------------------------------  
2023-02-09 21:00:38,076  |  INFO  |  Rows after SQL insert in Postgres: 100   
2023-02-09 21:00:38,077  |  DEBUG  |    
2023-02-09 21:00:38,084  |  INFO  |    
2023-02-09 21:00:38,085  |  INFO  |    
2023-02-09 21:00:38,086  |  INFO  |  ================================================  
2023-02-09 21:00:38,087  |  INFO  |  DATA PROFILING METRICS  
2023-02-09 21:00:38,088  |  INFO  |  ================================================  
2023-02-09 21:00:38,089  |  INFO  |  Number of rows in table:                     100   
2023-02-09 21:00:38,090  |  INFO  |  Number of columns in table:                  22   
2023-02-09 21:00:38,090  |  INFO  |    
2023-02-09 21:00:38,091  |  INFO  |  Successful records uploaded total :          100 / 100     
2023-02-09 21:00:38,092  |  INFO  |  Failed/Errored records uploaded total:       0 / 100         
2023-02-09 21:00:38,092  |  INFO  |    
2023-02-09 21:00:38,096  |  INFO  |  Successful records uploaded % :              100.0      
2023-02-09 21:00:38,100  |  INFO  |  Failed/Errored records uploaded %:           0.0         
2023-02-09 21:00:38,100  |  INFO  |    
2023-02-09 21:00:38,101  |  INFO  |  Number of unique records:                    100 / 100  
2023-02-09 21:00:38,102  |  INFO  |  Number of duplicate records:                 0 / 100  
2023-02-09 21:00:38,102  |  INFO  |    
2023-02-09 21:00:38,103  |  INFO  |  Unique records %:                            100.0   
2023-02-09 21:00:38,104  |  INFO  |  Duplicate records %:                         0.0   
2023-02-09 21:00:38,105  |  INFO  |  ================================================  
2023-02-09 21:00:38,106  |  DEBUG  |    
2023-02-09 21:00:38,107  |  INFO  |  DATA VALIDATION SUCCESS: All general DQ checks passed!   
2023-02-09 21:00:38,107  |  DEBUG  |    
2023-02-09 21:00:38,108  |  INFO  |  Now saving changes made by SQL statements to Postgres DB....  
2023-02-09 21:00:38,119  |  DEBUG  |    
2023-02-09 21:00:38,119  |  DEBUG  |  Closing cursor.  
2023-02-09 21:00:38,121  |  DEBUG  |    
2023-02-09 21:00:38,122  |  DEBUG  |  Closing postgres connection.  
