2023-02-10 19:20:50,884  |  INFO  |  ----------  
2023-02-10 19:20:50,885  |  INFO  |  ============================ CUSTOMER INFORMATION ============================  
2023-02-10 19:20:50,885  |  INFO  |                               customer_id first_name  last_name                            email  ... created_date last_updated_date        customer_contact_preference_id                   customer_contact_preference_desc
0   610ae4ca-7c3b-4c76-85da-a01f556e2f9a     Lauren   Robinson               kyle.miles@aio.net  ...   2022-12-27        2023-01-13  6489d2d4-7b5c-4f36-b376-b9cdff9316f2  {'id': e048cb07-ef6d-4458-9c2d-61eb79ff72d2, '...
1   0fc35e15-9cca-4a9c-a5a3-de92dfeb8b4a     Rachel     Turner      kyle.richards@macrosoft.com  ...   2022-12-27        2023-01-12  5ff4e07a-e85c-4aa1-81a8-90391043f37d  {'id': 778b0e3e-3c3a-4080-badd-032ac3257025, '...
2   47885373-8e57-4056-b4ed-d6b87a2ddb2c  Christine     Bryant         timothy.solis@inlook.com  ...   2022-12-27        2023-01-17  86b44cd8-1d20-4de3-ad9d-95c66e6edfa3  {'id': 32742e4e-546a-491a-806c-0d3609b912a9, '...
3   2132897d-aae5-4c8f-aa03-d69797f08e00      Jorge     Howell   christopher.roberts@inlook.com  ...   2022-12-27        2023-01-30  eeb830ec-7634-4b9f-9189-f371be8aba4c  {'id': 8eb3ea72-0809-49ba-884f-6c811227b876, '...
4   97e4eabe-58df-48fd-8ee8-6a84aba18160       Mark      Lopez  christopher.kelly@macrosoft.com  ...   2022-12-27        2023-01-28  04579083-4edf-4fc0-95cd-99671c872242  {'id': 19517c1a-d3d5-4608-a42d-8d69a30a773a, '...
..                                   ...        ...        ...                              ...  ...          ...               ...                                   ...                                                ...
95  a9b209d6-a36e-415a-b6e3-feb841b921f9       Mark     Sexton            aaron.mullins@aio.net  ...   2022-12-27        2023-02-04  97d25c5a-c181-4c90-8dff-a657083b4dd2  {'id': 32742e4e-546a-491a-806c-0d3609b912a9, '...
96  c8c92a25-eb29-4c57-9902-5bac77d9d167      Kayla       West         alicia.webster@email.com  ...   2022-12-27        2023-01-28  2f1fae03-d4a9-43f9-8113-5add4ce85697  {'id': 8eb3ea72-0809-49ba-884f-6c811227b876, '...
97  e12fb61a-6621-41ac-9cb0-5c8031da090b       Alex      Davis    tamara.sullivan@macrosoft.com  ...   2022-12-27        2023-01-01  b5430bab-f7f1-4d41-acca-d39b8a6cb870  {'id': 19517c1a-d3d5-4608-a42d-8d69a30a773a, '...
98  d8e56ad7-5fd0-478b-8fd3-cfb70262760e       Lisa  Alexander  andrew.fitzgerald@macrosoft.com  ...   2022-12-27        2023-02-04  3d7c689b-6e55-4b34-a20d-2dfc251f28a3  {'id': 32742e4e-546a-491a-806c-0d3609b912a9, '...
99  5a6e99c8-37cc-4114-a626-49ce33850ced    Matthew    Vasquez   christopher.love@macrosoft.com  ...   2022-12-27        2023-02-02  612d1173-dd05-41c4-944e-4b0db180986b  {'id': 32742e4e-546a-491a-806c-0d3609b912a9, '...

[100 rows x 19 columns]  
2023-02-10 19:20:51,104  |  INFO  |  ----------  
2023-02-10 19:20:51,105  |  INFO  |  ============================ FLIGHT SCHEDULES ============================  
2023-02-10 19:20:51,105  |  INFO  |                                 flight_id       departure_city       arrival_city departure_time arrival_time flight_date
0   9ccbc756-6265-4d8a-8bdb-fbb3768cc511  West Marissachester        South Aaron       20:32:55     22:45:58  2021-02-25
1   ef2c75d1-2e33-4720-8e3c-979a07c4a645             Kirkview  Lake Patrickville       17:24:31     15:31:05  2022-10-10
2   d5cea2a2-a47d-4de7-91c3-2bc83e1442dd        Catherinefort      Port Michelle       04:52:22     21:31:31  2021-01-16
3   42728afc-b391-456d-931d-5b2547817df5     New Raymondville     East Jasonbury       22:50:34     12:32:27  2021-10-31
4   e668164c-78fa-4f55-945a-90389266e57c        North Vanessa       Kruegermouth       09:36:02     04:38:39  2020-11-04
..                                   ...                  ...                ...            ...          ...         ...
95  57fea2b5-537a-4c77-b3b5-3373578b94bd          Michelleton           Sharpton       22:56:33     02:15:19  2022-09-01
96  db019d30-9053-4ec1-bf45-3a4fc7a45bba       East Amberstad       West Jeffery       00:35:20     05:01:42  2020-06-08
97  42591c16-da1d-44d7-ae6f-b375c7e93a63       West Scottfort          Sarahberg       03:20:13     19:18:14  2020-12-06
98  15b529c5-f90c-44a4-88aa-680792ab93c2           Gomezmouth           Amyburgh       22:32:38     15:34:03  2021-01-08
99  4a182680-f204-4a60-8e58-f36aa2a0314c          Justinburgh         Howardport       16:18:08     07:56:36  2022-05-22

[100 rows x 6 columns]  
2023-02-10 19:20:51,210  |  INFO  |  ----------  
2023-02-10 19:20:51,211  |  INFO  |  ============================ TICKET PRICES ============================  
2023-02-10 19:20:51,211  |  INFO  |                                 flight_id  ticket_price ticket_price_date
0   34bf827d-64a0-43bf-b057-477c003b5c14           697        2021-07-22
1   84d079bb-f4a5-4278-bf3e-5134c3de6d75           622        2022-06-17
2   8b0df416-407d-4182-b98d-53cea1731688           502        2020-05-14
3   031ae9f1-a8d1-42bc-ab8b-6467ab38c1a3           520        2020-04-16
4   cb5dc70e-6551-4cb9-8fd0-3f5d1c251d60           140        2020-02-29
..                                   ...           ...               ...
95  4b85b074-e68a-4b7b-b253-d0e8b5618566           462        2021-01-06
96  8eff8ce0-7899-4e0f-8e0b-ef410c6ebfee           673        2021-05-07
97  84d079bb-f4a5-4278-bf3e-5134c3de6d75           309        2020-05-30
98  cddcf327-9d6a-4391-9240-8197e93affbe           338        2021-11-24
99  9ccbc756-6265-4d8a-8bdb-fbb3768cc511           206        2021-09-27

[100 rows x 3 columns]  
2023-02-10 19:20:51,320  |  INFO  |  ----------  
2023-02-10 19:20:51,321  |  INFO  |  ============================ FLIGHT BOOKINGS ============================  
2023-02-10 19:20:51,321  |  INFO  |                         flight_booking_id                           customer_id                             flight_id  ticket_price booking_date payment_method confirmation_code checked_in
0   2169796d-470b-41f1-92c9-785a7c3525ce  e174ddcc-2b1d-417a-bcf7-690fbda77b18  dd45a7c9-589c-4856-9e5f-61ce89c79752           380   2020-11-10  Bank transfer        2XYEKZE7X8        Yes
1   097b8a4c-03da-41c8-b37f-e8570a80ddbe  a9b209d6-a36e-415a-b6e3-feb841b921f9  1f5a6151-fd67-4b00-b2e0-b68dd3199c69           453   2020-08-09  Bank transfer        GQV2TJ32SH         No
2   d56ad44f-ad95-4cbb-8327-15d0d9a05fb7  3a1232ac-f087-482b-89bc-75994a8c6477  e1d9c856-aefc-4d92-937f-6e3735034a97           103   2020-12-06    Credit card        6B4V5U11Q3         No
3   a14c86bd-406a-47c8-a562-5142e3543b50  1c7a8f65-b68e-49ad-bc73-9fe9c6578b78  a057efce-30ef-4356-a8f4-dc2a1495b4b0           690   2021-05-30         PayPal        2RPC450NZL         No
4   3ad0fa21-3613-4c02-8430-2aa088a8b592  35d35f70-4384-4d92-a638-5c00e5f70376  e760c433-e782-4c1c-82cb-76c9efe73f3d           548   2022-08-24         PayPal        UPR9FEH6HX        Yes
..                                   ...                                   ...                                   ...           ...          ...            ...               ...        ...
95  a8343a17-6447-4349-b28e-9b65b1ee135c  97e4eabe-58df-48fd-8ee8-6a84aba18160  84d079bb-f4a5-4278-bf3e-5134c3de6d75           315   2020-05-08  Bank transfer        YU4UESOWXS         No
96  9d01cccf-919e-4810-a35e-5fcc21d9fa82  251c3cb4-c3cc-4c09-9553-8dd72a31ed7f  37f4f239-62f6-4cd9-a0d1-0a958cb72bd9           557   2020-03-25     Debit card        052JF5IWZ6         No
97  d2f34ece-08e5-4b06-a2bf-0969b1c86c81  9ef7f237-4958-4db3-9daa-50b817038860  57d26dd9-a1d3-447f-a05c-f8c5beccfd86           168   2022-01-03     Debit card        3R5J1PDDPP         No
98  97537721-68a8-4f92-acdb-02b7ca6146ef  e174ddcc-2b1d-417a-bcf7-690fbda77b18  4a182680-f204-4a60-8e58-f36aa2a0314c           373   2020-07-01     Debit card        33MFL3TFYJ         No
99  e7d63617-e2c4-41e8-b263-1ed1ff11f3bc  71775f22-6333-41fe-bc5d-9fb2e49e2bff  573c7cc1-451d-439b-a583-932d57d02fb2           281   2022-03-07     Debit card        R00YXXKNDU         No

[100 rows x 8 columns]  
2023-02-10 19:20:51,444  |  INFO  |  ----------  
2023-02-10 19:20:51,445  |  INFO  |  ============================ CUSTOMER FEEDBACKS ============================  
2023-02-10 19:20:51,446  |  INFO  |                               feedback_id                           customer_id                     flight_booking_id                                      feedback_text feedback_date
0   75b19224-6212-46ac-aa50-b7922791c86f  7bb73873-119a-4bdc-af15-60637c6dd920  59f442ed-7568-4d77-8603-921049d1461f  Detail store over recognize. Bed class enter p...    2020-07-14
1   9c2b1ae7-03ac-4b6f-9801-ddc6b410db44  0a9606eb-758d-400d-aa43-f0052e416a1f  f5c4ee8a-0bb8-492e-a501-80b880cb91aa  Nation section cause so save doctor.\nTo yes p...    2022-08-22
2   c381e405-83d3-4dbd-82a3-c982371fc1b1  8f4d2f47-db24-4e3a-bade-30c170ad7468  38ff5ee2-3e1b-4124-a542-da77cd364d18  National road break similar. Hotel laugh who r...    2022-08-30
3   0cf595e5-7fdc-4047-b323-a9789669e309  5a6e99c8-37cc-4114-a626-49ce33850ced  cb60ef85-0e44-4659-a090-633644d74963  Health marriage play state PM. Nearly a hersel...    2021-04-10
4   bf4859bc-4758-41e9-b87e-bf5539ea13fd  c29965b6-7458-4e29-a8f0-c8e14302b0a7  e29c10a2-e487-494f-aa50-9d5292c79b0b  Blue interview again it quality. Range dinner ...    2020-05-08
..                                   ...                                   ...                                   ...                                                ...           ...
95  19ad6638-7b16-4e26-a2a6-ac53d995e751  71775f22-6333-41fe-bc5d-9fb2e49e2bff  d422078a-8f94-4c6c-9938-f36941b88fab  Simple thank image particular gas foreign foot...    2020-07-11
96  b0563924-7107-49f3-a756-dcb9efa2ab5f  d357b549-e397-49aa-8809-2dcd9717059b  e7d63617-e2c4-41e8-b263-1ed1ff11f3bc  Analysis simple democratic time. Support arm g...    2022-01-18
97  ffec515d-6869-4cef-9be9-d63f9863eb8a  95504af8-f00f-42b4-95e8-71e7c8b03cc2  96db1f00-35a1-4c87-82e7-17036704784f  Reason stand rest if. Easy indeed think avoid ...    2022-11-08
98  a63dd92e-bfe4-4374-9548-51cff9f4f22e  fab60c46-d957-43a8-b0c0-43d3729de799  96db1f00-35a1-4c87-82e7-17036704784f  World nor both. Accept field direction some to...    2022-03-14
99  c88eed45-c230-497e-a097-39114e289183  2d082d73-f945-40cc-a59e-10d9a2d2a185  0d86308b-7d13-4af4-b82d-586a9d0c0a6d  Our high describe. Drop hold firm face culture...    2022-02-20

[100 rows x 5 columns]  
2023-02-10 19:20:51,569  |  INFO  |  ----------  
2023-02-10 19:20:51,570  |  INFO  |  ============================ SALES AGENTS ============================  
2023-02-10 19:20:51,570  |  INFO  |                                        id first_name  last_name                         email                   phone         location service_speciality  years_experience  commission            nationality seniority_level
0   7171c85b-c32e-4589-8fe7-dd1dcbff1810       Jill       Rios         jill.rios@outlook.com  001-814-719-9464x56369       Owenshaven                Sea                 2    0.227624              Argentina          Senior
1   2b721b62-d680-4e9a-8f97-f4139f9ed5dd       Dean     Fuller       dean.fuller@outlook.com              7546778824  Port Lauramouth                Sea                 6    0.181311             Tajikistan          Junior
2   2d585e39-eab8-48f4-bee0-4b1a7404613f   Jonathan      Ramos        jonathan.ramos@msn.com   001-307-584-5473x2037        Lake Mark                Sea                 1    0.232698                Vietnam          Senior
3   3eaf81bb-5e68-4130-a25f-234a00d4e5bb      Lucas     Torres    lucas.torres@microsoft.com            743-068-2188        East Ryan                Air                 4    0.172303               Malaysia          Senior
4   21a7ffab-a550-4989-8117-87ad60a2f5b7      Jason     Miller          jason.miller@aoi.net      684.264.6120x40332         Popeport               Land                 8    0.248911                  Egypt       Mid-Level
..                                   ...        ...        ...                           ...                     ...              ...                ...               ...         ...                    ...             ...
95  60a4bb46-6f02-49c9-958c-5624b5621dfe   Jennifer  Rodriguez  jennifer.rodriguez@gmail.com        148-632-2077x336       Cameronton               Land                 3    0.155671         American Samoa          Junior
96  ba4dd2aa-4883-46e6-8ca4-e822ad521923     Jeremy      Leach        jeremy.leach@gmail.com       (070)054-1602x402    East Amymouth                Sea                 5    0.160920  Saint Kitts and Nevis          Senior
97  7870edd9-dedc-4a81-8322-cc3e672eb1ad      Megan       Khan      megan.khan@microsoft.com   +1-288-040-0297x64879       North Gail                Air                 5    0.195284                Vanuatu          Junior
98  12c44a13-9c54-4269-b759-b8bdb5801ea2      Daryl    Douglas         daryl.douglas@aoi.net     (516)810-6159x11582        Tonyshire               Land                 1    0.133787                   Niue          Senior
99  a80f8936-d3b7-43bd-91d5-f9b9ea8fd0fb     Andrea      Johns          andrea.johns@msn.com        447.246.9378x826    North Amyfurt                Sea                 1    0.263510                Nigeria       Mid-Level

[100 rows x 11 columns]  
2023-02-10 19:20:51,689  |  INFO  |  ----------  
2023-02-10 19:20:51,689  |  INFO  |  ============================ FLIGHT DESTINATIONS ============================  
2023-02-10 19:20:51,690  |  INFO  |                                 flight_id        departure_city       arrival_city
0   4a182680-f204-4a60-8e58-f36aa2a0314c          North Sergio      Port Benjamin
1   9ccbc756-6265-4d8a-8bdb-fbb3768cc511        Lake Tylerfurt          Emilyfurt
2   573c7cc1-451d-439b-a583-932d57d02fb2           Port Ashley      Mitchellville
3   f72867bb-3ffd-467b-99ee-48631a037f1c            West David  West Gregorymouth
4   cc7aec7c-3ee3-4960-a55d-ea88cf257785     Lake Kevinchester        Thomashaven
..                                   ...                   ...                ...
95  1b810a82-5d2d-4ce7-8154-4142ea37255d    South Kevinborough    East Thomasview
96  4a182680-f204-4a60-8e58-f36aa2a0314c          Lake Stephen           Tranberg
97  8b0df416-407d-4182-b98d-53cea1731688  East Lorrainechester  South Sabrinabury
98  288d2906-858f-4a8f-941f-04e914509231       West Amandatown       Lake Michael
99  dd45a7c9-589c-4856-9e5f-61ce89c79752        North Kathleen      Port Johnbury

[100 rows x 3 columns]  
2023-02-10 19:20:51,784  |  INFO  |  ----------  
2023-02-10 19:20:51,785  |  INFO  |  ============================ FLIGHT PROMOTIONS & DEALS ============================  
2023-02-10 19:20:51,786  |  INFO  |                              promotion_id                                     promotion_name                     flight_booking_id  applied_discount
0   9bd0cf95-f4c0-4f17-a565-243057f05800   Director indeed everybody town pretty there out.  cb60ef85-0e44-4659-a090-633644d74963                13
1   34d1b87d-7444-428b-a500-2155632b23ed                  Quality team guy bring president.  5094dc28-5ee6-4dfa-8419-c9664bcc8038               292
2   68b223f3-8379-44db-aa81-290554a5a36b  Lay agreement wear way program year office final.  431bc356-fa5d-47ef-9f15-94ad35f8a219               124
3   91da7f9e-02d5-42e7-9a5f-a96218a06a86                               Support off through.  f049bd54-b1b9-4b13-9747-5973f3be1994                85
4   13918fab-c7c8-4fa1-a272-d8d116f4ded8      Fish edge college tell compare she agreement.  38224c76-0214-4e29-8a6c-4ce2e3df697c                64
..                                   ...                                                ...                                   ...               ...
95  9fd7eaf1-a75c-44c8-bb57-2fc229d14854         Push would better bit capital over happen.  97537721-68a8-4f92-acdb-02b7ca6146ef               217
96  e774f02d-c051-44b0-a745-7bd79611231d          Just standard must open space suffer key.  2d313ff0-e941-487b-a299-594e93f941d8               156
97  28ba219a-89ce-40af-b7f4-300d7759852b  Yourself statement many nearly deep among down...  722faea1-3aed-47ba-8fe9-caebe29eadad               243
98  e703fb0e-a457-49c4-881b-52789389b27f                  Her show must agency debate film.  5a8fb83d-c01e-4617-ab9e-3278095f2a7b               295
99  35e73596-ac99-4cec-9f7d-ad522bc6f4d3                     Interesting make trouble push.  633612d5-646e-42b0-b04d-507306711b04                69

[100 rows x 4 columns]  
2023-02-10 19:20:51,906  |  INFO  |  ----------  
2023-02-10 19:20:51,907  |  INFO  |  ============================ FLIGHT TICKET SALES ============================  
2023-02-10 19:20:51,908  |  INFO  |                         flight_booking_id                           customer_id customer_first_name customer_last_name  ... ticket_sales_date                          promotion_id                                   promotion_name  discount
0   1b810a82-5d2d-4ce7-8154-4142ea37255d  4b4ffe90-9a88-4e5e-b6f8-3eafac5f32bf             Tiffany              Olson  ...        2021-11-13  91da7f9e-02d5-42e7-9a5f-a96218a06a86            Despite similar pressure guess apply.       102
1   b3f96cb6-b38a-48e5-a4af-4a48f001ad26  e5bc332e-b0ef-44f5-8e19-ae6fcf4dadfc               Brian            Meadows  ...        2020-09-21  34d1b87d-7444-428b-a500-2155632b23ed        Just standard must open space suffer key.       320
2   098f462c-38b0-468c-aa02-f30dd714cdd5  1818dd15-a62b-4cf3-9194-6eef13c28787              Robert               West  ...        2021-11-15  2d03c764-936b-4e59-8057-051a4d0c5111        Health pick job for management candidate.        69
3   410e269e-6a43-49f0-b9a2-9f2cd60efca7  889d7ecf-0e0d-4fcb-9204-e020325ded6d              Cheryl               Pena  ...        2021-07-14  6f5aa555-3560-4b12-aadf-3f561e06adeb                     Art more mouth role exactly.        96
4   573c7cc1-451d-439b-a583-932d57d02fb2  8f4d2f47-db24-4e3a-bade-30c170ad7468               Keith           Villegas  ...        2021-07-15  ea9388d9-6a4c-4247-9286-502fc5ebf74d                Leader cause better rather media.        58
..                                   ...                                   ...                 ...                ...  ...               ...                                   ...                                              ...       ...
95  439d98d5-bcf6-43cb-ada2-0b3df9f6e875  35d35f70-4384-4d92-a638-5c00e5f70376               Scott              Lopez  ...        2022-02-19  f7450366-391f-4696-84c5-19a7ae0c9ef9  Thing build fact focus increase visit everyone.        28
96  82923d59-e127-44fb-880d-8d5634653689  dcdb1ed8-6aff-4b36-9e50-c0d8688cdccd              Donald             Wright  ...        2022-10-17  a389e9f7-c5e1-40ad-863e-4f13564f7bbd        Into job prove energy everyone bag share.       348
97  439d98d5-bcf6-43cb-ada2-0b3df9f6e875  16a36d81-25b5-4bfb-be25-b14cb20743a1                Sara             Rogers  ...        2020-08-06  d112805f-97e1-4b4a-a721-32dffaec9f82        Even professional discuss against camera.       132
98  af81d89e-e107-47de-bb09-953acce49fca  3c7b90a9-8220-4a6e-8f10-f1f5636d8bc4               David              Doyle  ...        2020-10-18  60705086-9d80-42c0-864c-52fe4f381f82              Size right huge start add indicate.       171
99  6e9fb334-075e-49af-9747-0193993067de  ed32036d-4644-44f8-aa81-bf751289e29f               Julie            Johnson  ...        2021-07-05  8457f112-4785-4abb-9d09-8e50c2069eca                   Interesting make trouble push.       177

[100 rows x 12 columns]  
2023-02-10 19:20:52,182  |  INFO  |  ----------  
2023-02-10 19:20:52,183  |  INFO  |  ============================ ACCOMMODATION BOOKINGS ============================  
2023-02-10 19:20:52,184  |  INFO  |                                         id       location room_type check_in_date check_out_date booking_date  total_price  ...                        sales_agent_id num_adults num_children     status  payment_method confirmation_code checked_in
0    a46f6603-b8e9-43da-b7f3-a26e37d2f917     Gloverport    Double    2019-08-25     2019-08-28   2016-11-08   337.728064  ...  e1110667-56f1-4c9e-bc72-8f26ab394564          4            1  Cancelled          PayPal        1RHIX3HAM5        Yes
1    63ce881b-aede-4f6d-aea7-9478487f11b3  Katherineside    Double    2019-08-25     2019-09-07   2018-11-25   493.387009  ...  8cef6194-c03d-4773-872e-8706d0ec5de5          1            0    Pending      Debit card        7VIWD2XBKW         No
2    5911f29c-d539-4598-9286-59d7bf82e8b7    West Steven    Double    2019-08-25     2019-09-08   2012-09-23   989.254891  ...  1723e765-860b-4bba-8123-ebe71b3e1f5c          4            1    Pending      Debit card        2FRYT18WSK        Yes
3    0a3db3f8-ccde-4fe3-80a2-42dec3f3e10a       Kochberg    Family    2019-08-25     2019-08-27   2021-09-04   773.710381  ...  9bac1201-a46a-41ac-8220-08d49c1cf1a4          1            1  Cancelled          PayPal        LL5UMRFOM3         No
4    8448ab6b-92b6-401a-a274-201ac0d52249     Port Emily    Luxury    2019-08-25     2019-09-05   2021-11-10   946.686079  ...  97066f55-0fb7-43ed-b894-bf8cdbabf718          3            1    Pending      Debit card        Z70X3MDS44         No
..                                    ...            ...       ...           ...            ...          ...          ...  ...                                   ...        ...          ...        ...             ...               ...        ...
395  c4ad36aa-7054-4e0b-bd39-c1cbb5d6474d      South Ian    Luxury    2019-08-25     2019-08-28   2021-03-02   571.394797  ...  2e3c318e-5798-44d3-829b-f59604278d64          1            1  Confirmed      Debit card        HCC9CINEWO        Yes
396  4424bffd-4d18-4ea5-b445-c73ed9d113e9    South Kerry    Double    2019-08-25     2019-09-05   2020-11-21   118.841517  ...  f3909072-a64c-4471-981e-3464df9c4964          1            1  Cancelled   Bank transfer        F9ANNQ21IU         No
397  12200f87-6f56-43b0-bd35-b3a0a0e985c6  North Anthony    Family    2019-08-25     2019-08-26   2021-06-25   115.693853  ...  1723e765-860b-4bba-8123-ebe71b3e1f5c          2            0    Pending      Debit card        HI4GI3CN6Y         No
398  6f6a1e9a-28db-4e6d-8d59-b90e83b18fe1     Palmerstad    Single    2019-08-25     2019-08-27   2016-06-16   141.311783  ...  82254dbd-363c-4a27-93db-febb60586eec          2            2    Pending          PayPal        A4B6RKL8VZ        Yes
399  7da3599a-f646-4a07-8dfc-37a36d7242c6  Romerochester    Luxury    2019-08-25     2019-08-30   2012-03-29   307.327119  ...  8e703f1d-53bb-4bc5-9d14-46b560bae610          4            1  Cancelled   Bank transfer        HXBTGF369E        Yes

[400 rows x 16 columns]  
2023-02-10 19:20:52,231  |  INFO  |    
2023-02-10 19:20:52,231  |  INFO  |    
2023-02-10 19:20:52,232  |  INFO  |  ================================================  
2023-02-10 19:20:52,232  |  INFO  |                DATA PROFILING METRICS                
2023-02-10 19:20:52,233  |  INFO  |  ================================================  
2023-02-10 19:20:52,233  |  INFO  |    
2023-02-10 19:20:52,233  |  INFO  |  Now calculating statistics for data generated ...  
2023-02-10 19:20:52,234  |  INFO  |    
2023-02-10 19:20:52,234  |  INFO  |    
2023-02-10 19:20:52,235  |  INFO  |    
2023-02-10 19:20:52,235  |  INFO  |    
2023-02-10 19:20:52,236  |  INFO  |  1. Execution time for generating CUSTOMER INFO :  280.8992862701416 ms   
2023-02-10 19:20:52,236  |  INFO  |    
2023-02-10 19:20:52,237  |  INFO  |    
2023-02-10 19:20:52,237  |  INFO  |  2. Execution time for generating FLIGHT SCHEDULES  172.67489433288574 ms   
2023-02-10 19:20:52,238  |  INFO  |    
2023-02-10 19:20:52,238  |  INFO  |    
2023-02-10 19:20:52,239  |  INFO  |  3. Execution time for generating TICKET PRICES:  106.0032844543457 ms   
2023-02-10 19:20:52,240  |  INFO  |    
2023-02-10 19:20:52,241  |  INFO  |    
2023-02-10 19:20:52,242  |  INFO  |  4. Execution time for generating FLIGHT BOOKINGS:  116.99461936950684 ms   
2023-02-10 19:20:52,243  |  INFO  |    
2023-02-10 19:20:52,243  |  INFO  |    
2023-02-10 19:20:52,245  |  INFO  |  5. Execution time for generating CUSTOMER FEEDBACKS:  118.62325668334961 ms   
2023-02-10 19:20:52,245  |  INFO  |    
2023-02-10 19:20:52,246  |  INFO  |    
2023-02-10 19:20:52,246  |  INFO  |  6. Execution time for generating SALES AGENTS:  136.01160049438477 ms   
2023-02-10 19:20:52,247  |  INFO  |    
2023-02-10 19:20:52,247  |  INFO  |    
2023-02-10 19:20:52,248  |  INFO  |  7. Execution time for generating FLIGHT DESTINATIONS:  105.35740852355957 ms   
2023-02-10 19:20:52,249  |  INFO  |    
2023-02-10 19:20:52,249  |  INFO  |    
2023-02-10 19:20:52,250  |  INFO  |  8. Execution time for generating FLIGHT PROMOS AND DEALS:  96.63891792297363 ms   
2023-02-10 19:20:52,250  |  INFO  |    
2023-02-10 19:20:52,250  |  INFO  |    
2023-02-10 19:20:52,251  |  INFO  |  9. Execution time for generating FLIGHT TICKET SALES:  137.24374771118164 ms   
2023-02-10 19:20:52,252  |  INFO  |    
2023-02-10 19:20:52,252  |  INFO  |    
2023-02-10 19:20:52,253  |  INFO  |  10. Execution time for generating ACCOMMODATION BOOKINGS:  290.56692123413086 ms   
2023-02-10 19:20:52,253  |  INFO  |    
2023-02-10 19:20:52,254  |  INFO  |    
